                  :-) GROMACS - gmx mdrun, 2022.3-Fedora38 (-:

Copyright 1991-2022 The GROMACS Authors.
GROMACS is free software; you can redistribute it and/or modify it
under the terms of the GNU Lesser General Public License
as published by the Free Software Foundation; either version 2.1
of the License, or (at your option) any later version.

                         Current GROMACS contributors:
       Mark Abraham           Andrey Alekseenko           Cathrine Bergh      
      Christian Blau            Eliane Briand               Kevin Boyd        
     Oliver Fleetwood         Stefan Fleischmann           Vytas Gapsys       
       Gaurav Garg           Gilles Gouaillardet            Alan Gray         
      Victor Holanda           M. Eric Irrgang              Joe Jordan        
    Christoph Junghans        Prashanth Kanduri           Sebastian Kehl      
     Sebastian Keller          Carsten Kutzner           Magnus Lundborg      
       Pascal Merz              Dmitry Morozov             Szilard Pall       
      Roland Schulz             Michael Shirts         David van der Spoel    
     Alessandra Villa      Sebastian Wingbermuehle        Artem Zhmurov       

                         Previous GROMACS contributors:
        Emile Apol             Rossen Apostolov           James Barnett       
  Herman J.C. Berendsen          Par Bjelkmar           Viacheslav Bolnykh    
    Aldert van Buuren          Carlo Camilloni           Rudi van Drunen      
      Anton Feenstra           Gerrit Groenhof            Bert de Groot       
      Anca Hamuraru           Vincent Hindriksen         Aleksei Iupinov      
   Dimitrios Karkoulis           Peter Kasson               Jiri Kraus        
       Per Larsson             Justin A. Lemkul           Viveca Lindahl      
      Erik Marklund           Pieter Meulenhoff           Vedran Miletic      
      Teemu Murtola              Sander Pronk            Alexey Shvetsov      
      Alfons Sijbers            Peter Tieleman             Jon Vincent        
     Teemu Virolainen         Christian Wennberg           Maarten Wolf       

                  Coordinated by the GROMACS project leaders:
                    Paul Bauer, Berk Hess, and Erik Lindahl

GROMACS:      gmx mdrun, version 2022.3-Fedora38
Executable:   /usr/bin/gmx
Data prefix:  /usr
Working dir:  /home/krir17/Krishna/Academics/Projects/PKM_dec2023/Atomistic
Process ID:   13476
Command line:
  gmx mdrun -deffnm md_0_1 -nt 16 -v

GROMACS version:    2022.3-Fedora38
Precision:          mixed
Memory model:       64 bit
MPI library:        thread_mpi
OpenMP support:     enabled (GMX_OPENMP_MAX_THREADS = 128)
GPU support:        OpenCL
SIMD instructions:  SSE2
CPU FFT library:    fftw-3.3.10-sse2-avx-avx2-avx2_128
GPU FFT library:    clFFT
RDTSCP usage:       disabled
TNG support:        enabled
Hwloc support:      disabled
Tracing support:    disabled
C compiler:         /usr/bin/gcc GNU 13.0.1
C compiler flags:   -msse2 -Wno-missing-field-initializers -fexcess-precision=fast -funroll-all-loops -DNDEBUG
C++ compiler:       /usr/bin/g++ GNU 13.0.1
C++ compiler flags: -msse2 -Wno-missing-field-initializers -fexcess-precision=fast -funroll-all-loops -fopenmp -DNDEBUG
OpenCL include dir: /usr/include
OpenCL library:     /usr/lib64/libOpenCL.so
OpenCL version:     3.0


Running on 1 node with total 8 cores, 16 processing units (GPU detection failed)
Hardware detected:
  CPU info:
    Vendor: AMD
    Brand:  AMD Ryzen 7 PRO 4750U with Radeon Graphics
    Family: 23   Model: 96   Stepping: 1
    Features: aes amd apic avx avx2 clfsh cmov cx8 cx16 f16c fma htt lahf misalignsse mmx msr nonstop_tsc pclmuldq pdpe1gb popcnt pse rdrnd rdtscp sha sse2 sse3 sse4a sse4.1 sse4.2 ssse3
  Hardware topology: Basic
    Packages, cores, and logical processors:
    [indices refer to OS logical processors]
      Package  0: [   0   1] [   2   3] [   4   5] [   6   7] [   8   9] [  10  11] [  12  13] [  14  15]
    CPU limit set by OS: -1   Recommended max number of threads: 16

Highest SIMD level supported by all nodes in run: AVX2_256
SIMD instructions selected at compile time:       SSE2
This program was compiled for different hardware than you are running on,
which could influence performance.
The current CPU can measure timings more accurately than the code in
gmx mdrun was configured to use. This might affect your simulation
speed as accurate timings are needed for load-balancing.
Please consider rebuilding gmx mdrun with the GMX_USE_RDTSCP=ON CMake option.

++++ PLEASE READ AND CITE THE FOLLOWING REFERENCE ++++
M. J. Abraham, T. Murtola, R. Schulz, S. Páll, J. C. Smith, B. Hess, E.
Lindahl
GROMACS: High performance molecular simulations through multi-level
parallelism from laptops to supercomputers
SoftwareX 1 (2015) pp. 19-25
-------- -------- --- Thank You --- -------- --------


++++ PLEASE READ AND CITE THE FOLLOWING REFERENCE ++++
S. Páll, M. J. Abraham, C. Kutzner, B. Hess, E. Lindahl
Tackling Exascale Software Challenges in Molecular Dynamics Simulations with
GROMACS
In S. Markidis & E. Laure (Eds.), Solving Software Challenges for Exascale 8759 (2015) pp. 3-27
-------- -------- --- Thank You --- -------- --------


++++ PLEASE READ AND CITE THE FOLLOWING REFERENCE ++++
S. Pronk, S. Páll, R. Schulz, P. Larsson, P. Bjelkmar, R. Apostolov, M. R.
Shirts, J. C. Smith, P. M. Kasson, D. van der Spoel, B. Hess, and E. Lindahl
GROMACS 4.5: a high-throughput and highly parallel open source molecular
simulation toolkit
Bioinformatics 29 (2013) pp. 845-54
-------- -------- --- Thank You --- -------- --------


++++ PLEASE READ AND CITE THE FOLLOWING REFERENCE ++++
B. Hess and C. Kutzner and D. van der Spoel and E. Lindahl
GROMACS 4: Algorithms for highly efficient, load-balanced, and scalable
molecular simulation
J. Chem. Theory Comput. 4 (2008) pp. 435-447
-------- -------- --- Thank You --- -------- --------


++++ PLEASE READ AND CITE THE FOLLOWING REFERENCE ++++
D. van der Spoel, E. Lindahl, B. Hess, G. Groenhof, A. E. Mark and H. J. C.
Berendsen
GROMACS: Fast, Flexible and Free
J. Comp. Chem. 26 (2005) pp. 1701-1719
-------- -------- --- Thank You --- -------- --------


++++ PLEASE READ AND CITE THE FOLLOWING REFERENCE ++++
E. Lindahl and B. Hess and D. van der Spoel
GROMACS 3.0: A package for molecular simulation and trajectory analysis
J. Mol. Mod. 7 (2001) pp. 306-317
-------- -------- --- Thank You --- -------- --------


++++ PLEASE READ AND CITE THE FOLLOWING REFERENCE ++++
H. J. C. Berendsen, D. van der Spoel and R. van Drunen
GROMACS: A message-passing parallel molecular dynamics implementation
Comp. Phys. Comm. 91 (1995) pp. 43-56
-------- -------- --- Thank You --- -------- --------

Input Parameters:
   integrator                     = md
   tinit                          = 0
   dt                             = 0.002
   nsteps                         = 500000
   init-step                      = 0
   simulation-part                = 1
   mts                            = false
   comm-mode                      = Linear
   nstcomm                        = 100
   bd-fric                        = 0
   ld-seed                        = -84213898
   emtol                          = 10
   emstep                         = 0.01
   niter                          = 20
   fcstep                         = 0
   nstcgsteep                     = 1000
   nbfgscorr                      = 10
   rtpi                           = 0.05
   nstxout                        = 0
   nstvout                        = 0
   nstfout                        = 0
   nstlog                         = 5000
   nstcalcenergy                  = 100
   nstenergy                      = 5000
   nstxout-compressed             = 5000
   compressed-x-precision         = 1000
   cutoff-scheme                  = Verlet
   nstlist                        = 10
   pbc                            = xyz
   periodic-molecules             = false
   verlet-buffer-tolerance        = 0.005
   rlist                          = 1
   coulombtype                    = PME
   coulomb-modifier               = Potential-shift
   rcoulomb-switch                = 0
   rcoulomb                       = 1
   epsilon-r                      = 1
   epsilon-rf                     = inf
   vdw-type                       = Cut-off
   vdw-modifier                   = Potential-shift
   rvdw-switch                    = 0
   rvdw                           = 1
   DispCorr                       = EnerPres
   table-extension                = 1
   fourierspacing                 = 0.16
   fourier-nx                     = 42
   fourier-ny                     = 42
   fourier-nz                     = 42
   pme-order                      = 4
   ewald-rtol                     = 1e-05
   ewald-rtol-lj                  = 0.001
   lj-pme-comb-rule               = Geometric
   ewald-geometry                 = 3d
   epsilon-surface                = 0
   tcoupl                         = V-rescale
   nsttcouple                     = 10
   nh-chain-length                = 0
   print-nose-hoover-chain-variables = false
   pcoupl                         = Parrinello-Rahman
   pcoupltype                     = Isotropic
   nstpcouple                     = 10
   tau-p                          = 2
   compressibility (3x3):
      compressibility[    0]={ 4.50000e-05,  0.00000e+00,  0.00000e+00}
      compressibility[    1]={ 0.00000e+00,  4.50000e-05,  0.00000e+00}
      compressibility[    2]={ 0.00000e+00,  0.00000e+00,  4.50000e-05}
   ref-p (3x3):
      ref-p[    0]={ 1.00000e+00,  0.00000e+00,  0.00000e+00}
      ref-p[    1]={ 0.00000e+00,  1.00000e+00,  0.00000e+00}
      ref-p[    2]={ 0.00000e+00,  0.00000e+00,  1.00000e+00}
   refcoord-scaling               = No
   posres-com (3):
      posres-com[0]= 0.00000e+00
      posres-com[1]= 0.00000e+00
      posres-com[2]= 0.00000e+00
   posres-comB (3):
      posres-comB[0]= 0.00000e+00
      posres-comB[1]= 0.00000e+00
      posres-comB[2]= 0.00000e+00
   QMMM                           = false
qm-opts:
   ngQM                           = 0
   constraint-algorithm           = Lincs
   continuation                   = true
   Shake-SOR                      = false
   shake-tol                      = 0.0001
   lincs-order                    = 4
   lincs-iter                     = 1
   lincs-warnangle                = 30
   nwall                          = 0
   wall-type                      = 9-3
   wall-r-linpot                  = -1
   wall-atomtype[0]               = -1
   wall-atomtype[1]               = -1
   wall-density[0]                = 0
   wall-density[1]                = 0
   wall-ewald-zfac                = 3
   pull                           = false
   awh                            = false
   rotation                       = false
   interactiveMD                  = false
   disre                          = No
   disre-weighting                = Conservative
   disre-mixed                    = false
   dr-fc                          = 1000
   dr-tau                         = 0
   nstdisreout                    = 100
   orire-fc                       = 0
   orire-tau                      = 0
   nstorireout                    = 100
   free-energy                    = no
   cos-acceleration               = 0
   deform (3x3):
      deform[    0]={ 0.00000e+00,  0.00000e+00,  0.00000e+00}
      deform[    1]={ 0.00000e+00,  0.00000e+00,  0.00000e+00}
      deform[    2]={ 0.00000e+00,  0.00000e+00,  0.00000e+00}
   simulated-tempering            = false
   swapcoords                     = no
   userint1                       = 0
   userint2                       = 0
   userint3                       = 0
   userint4                       = 0
   userreal1                      = 0
   userreal2                      = 0
   userreal3                      = 0
   userreal4                      = 0
   applied-forces:
     electric-field:
       x:
         E0                       = 0
         omega                    = 0
         t0                       = 0
         sigma                    = 0
       y:
         E0                       = 0
         omega                    = 0
         t0                       = 0
         sigma                    = 0
       z:
         E0                       = 0
         omega                    = 0
         t0                       = 0
         sigma                    = 0
     density-guided-simulation:
       active                     = false
       group                      = protein
       similarity-measure         = inner-product
       atom-spreading-weight      = unity
       force-constant             = 1e+09
       gaussian-transform-spreading-width = 0.2
       gaussian-transform-spreading-range-in-multiples-of-width = 4
       reference-density-filename = reference.mrc
       nst                        = 1
       normalize-densities        = true
       adaptive-force-scaling     = false
       adaptive-force-scaling-time-constant = 4
       shift-vector               = 
       transformation-matrix      = 
     qmmm-cp2k:
       active                     = false
       qmgroup                    = System
       qmmethod                   = PBE
       qmfilenames                = 
       qmcharge                   = 0
       qmmultiplicity             = 1
grpopts:
   nrdf:     5495.62     38487.4
   ref-t:         300         300
   tau-t:         0.1         0.1
annealing:          No          No
annealing-npoints:           0           0
   acc:	           0           0           0
   nfreeze:           N           N           N
   energygrp-flags[  0]: 0

Changing nstlist from 10 to 50, rlist from 1 to 1.104


Initializing Domain Decomposition on 1 ranks
Dynamic load balancing: auto
Using update groups, nr 7550, average size 2.8 atoms, max. radius 0.104 nm
Minimum cell size due to atom displacement: 0.400 nm
Initial maximum distances in bonded interactions:
    two-body bonded interactions: 0.441 nm, LJ-14, atoms 831 2089
  multi-body bonded interactions: 0.441 nm, Proper Dih., atoms 2089 831
Minimum cell size due to bonded interactions: 0.485 nm
Using 0 separate PME ranks because: there are too few total ranks for efficient splitting
Optimizing the DD grid for 1 cells with a minimum initial size of 0.485 nm
The maximum allowed number of cells is: X 11 Y 11 Z 9
Domain decomposition grid 1 x 1 x 1, separate PME ranks 0
PME domain decomposition: 1 x 1 x 1

The initial number of communication pulses is:
The initial domain decomposition cell size is:

The maximum allowed distance for atom groups involved in interactions is:
                 non-bonded interactions           1.312 nm
(the following are initial values, they could change due to box deformation)
            two-body bonded interactions  (-rdd)   1.312 nm
          multi-body bonded interactions  (-rdd)   1.312 nm

When dynamic load balancing gets turned on, these settings will change to:
The maximum number of communication pulses is:
The minimum size for domain decomposition cells is 1.312 nm
The requested allowed shrink of DD cells (option -dds) is: 0.80
The allowed shrink of domain decomposition cells is:
The maximum allowed distance for atom groups involved in interactions is:
                 non-bonded interactions           1.312 nm
            two-body bonded interactions  (-rdd)   1.312 nm
          multi-body bonded interactions  (-rdd)   1.312 nm

Using 1 MPI thread
Using 16 OpenMP threads 

Pinning threads with an auto-selected logical cpu stride of 1
System total charge: -0.000
Will do PME sum in reciprocal space for electrostatic interactions.

++++ PLEASE READ AND CITE THE FOLLOWING REFERENCE ++++
U. Essmann, L. Perera, M. L. Berkowitz, T. Darden, H. Lee and L. G. Pedersen 
A smooth particle mesh Ewald method
J. Chem. Phys. 103 (1995) pp. 8577-8592
-------- -------- --- Thank You --- -------- --------

Using a Gaussian width (1/beta) of 0.320163 nm for Ewald
Potential shift: LJ r^-12: -1.000e+00 r^-6: -1.000e+00, Ewald -1.000e-05
Initialized non-bonded Coulomb Ewald tables, spacing: 9.33e-04 size: 1073

Generated table with 1052 data points for 1-4 COUL.
Tabscale = 500 points/nm
Generated table with 1052 data points for 1-4 LJ6.
Tabscale = 500 points/nm
Generated table with 1052 data points for 1-4 LJ12.
Tabscale = 500 points/nm
Long Range LJ corr.: <C6> 3.2719e-04


Using SIMD 4x4 nonbonded short-range kernels

Using a dual 4x4 pair-list setup updated with dynamic pruning:
  outer list: updated every 50 steps, buffer 0.104 nm, rlist 1.104 nm
  inner list: updated every 13 steps, buffer 0.003 nm, rlist 1.003 nm
At tolerance 0.005 kJ/mol/ps per atom, equivalent classical 1x1 list would be:
  outer list: updated every 50 steps, buffer 0.230 nm, rlist 1.230 nm
  inner list: updated every 13 steps, buffer 0.052 nm, rlist 1.052 nm

Using Lorentz-Berthelot Lennard-Jones combination rule

Linking all bonded interactions to atoms


Initializing LINear Constraint Solver

++++ PLEASE READ AND CITE THE FOLLOWING REFERENCE ++++
B. Hess and H. Bekker and H. J. C. Berendsen and J. G. E. M. Fraaije
LINCS: A Linear Constraint Solver for molecular simulations
J. Comp. Chem. 18 (1997) pp. 1463-1472
-------- -------- --- Thank You --- -------- --------

The number of constraints is 1080

++++ PLEASE READ AND CITE THE FOLLOWING REFERENCE ++++
S. Miyamoto and P. A. Kollman
SETTLE: An Analytical Version of the SHAKE and RATTLE Algorithms for Rigid
Water Models
J. Comp. Chem. 13 (1992) pp. 952-962
-------- -------- --- Thank You --- -------- --------


++++ PLEASE READ AND CITE THE FOLLOWING REFERENCE ++++
G. Bussi, D. Donadio and M. Parrinello
Canonical sampling through velocity rescaling
J. Chem. Phys. 126 (2007) pp. 014101
-------- -------- --- Thank You --- -------- --------

There are: 21414 Atoms

Atom distribution over 1 domains: av 21414 stddev 0 min 21414 max 21414
Center of mass motion removal mode is Linear
We have the following groups for center of mass motion removal:
  0:  rest

Started mdrun on rank 0 Wed Dec 20 11:59:07 2023

           Step           Time
              0        0.00000

   Energies (kJ/mol)
           Bond          Angle    Proper Dih. Per. Imp. Dih.          LJ-14
    1.62984e+03    4.97253e+03    5.74745e+03    3.09418e+02    2.04896e+03
     Coulomb-14        LJ (SR)  Disper. corr.   Coulomb (SR)   Coul. recip.
    3.20074e+04    3.75811e+04   -2.94388e+03   -3.74961e+05    2.12967e+03
      Potential    Kinetic En.   Total Energy  Conserved En.    Temperature
   -2.91479e+05    5.40824e+04   -2.37396e+05   -2.37384e+05    2.95779e+02
 Pres. DC (bar) Pressure (bar)   Constr. rmsd
   -2.29528e+02    3.90651e+02    2.94990e-06

           Step           Time
           5000       10.00000

   Energies (kJ/mol)
           Bond          Angle    Proper Dih. Per. Imp. Dih.          LJ-14
    1.79110e+03    5.09921e+03    5.57477e+03    2.91817e+02    1.94608e+03
     Coulomb-14        LJ (SR)  Disper. corr.   Coulomb (SR)   Coul. recip.
    3.16691e+04    3.63352e+04   -2.93186e+03   -3.73082e+05    2.14718e+03
      Potential    Kinetic En.   Total Energy  Conserved En.    Temperature
   -2.91160e+05    5.45716e+04   -2.36588e+05   -2.37290e+05    2.98454e+02
 Pres. DC (bar) Pressure (bar)   Constr. rmsd
   -2.27661e+02   -4.28799e+02    3.02752e-06

           Step           Time
          10000       20.00000

   Energies (kJ/mol)
           Bond          Angle    Proper Dih. Per. Imp. Dih.          LJ-14
    1.66676e+03    5.16517e+03    5.51005e+03    2.69934e+02    1.97700e+03
     Coulomb-14        LJ (SR)  Disper. corr.   Coulomb (SR)   Coul. recip.
    3.17747e+04    3.69684e+04   -2.94817e+03   -3.72732e+05    2.20451e+03
      Potential    Kinetic En.   Total Energy  Conserved En.    Temperature
   -2.90143e+05    5.50833e+04   -2.35060e+05   -2.37243e+05    3.01253e+02
 Pres. DC (bar) Pressure (bar)   Constr. rmsd
   -2.30198e+02    6.74060e+01    3.02255e-06

           Step           Time
          15000       30.00000

   Energies (kJ/mol)
           Bond          Angle    Proper Dih. Per. Imp. Dih.          LJ-14
    1.68576e+03    5.04607e+03    5.46842e+03    3.27625e+02    2.00204e+03
     Coulomb-14        LJ (SR)  Disper. corr.   Coulomb (SR)   Coul. recip.
    3.18103e+04    3.71789e+04   -2.94906e+03   -3.73572e+05    2.20202e+03
      Potential    Kinetic En.   Total Energy  Conserved En.    Temperature
   -2.90800e+05    5.49048e+04   -2.35895e+05   -2.37162e+05    3.00276e+02
 Pres. DC (bar) Pressure (bar)   Constr. rmsd
   -2.30336e+02    1.88896e+02    3.31094e-06

           Step           Time
          20000       40.00000

   Energies (kJ/mol)
           Bond          Angle    Proper Dih. Per. Imp. Dih.          LJ-14
    1.66333e+03    5.05109e+03    5.42364e+03    2.78165e+02    1.94429e+03
     Coulomb-14        LJ (SR)  Disper. corr.   Coulomb (SR)   Coul. recip.
    3.16309e+04    3.71674e+04   -2.94468e+03   -3.73343e+05    2.16447e+03
      Potential    Kinetic En.   Total Energy  Conserved En.    Temperature
   -2.90964e+05    5.41373e+04   -2.36827e+05   -2.37106e+05    2.96079e+02
 Pres. DC (bar) Pressure (bar)   Constr. rmsd
   -2.29654e+02    9.31738e+01    2.78202e-06

           Step           Time
          25000       50.00000

   Energies (kJ/mol)
           Bond          Angle    Proper Dih. Per. Imp. Dih.          LJ-14
    1.66837e+03    5.05757e+03    5.42713e+03    2.99178e+02    2.00236e+03
     Coulomb-14        LJ (SR)  Disper. corr.   Coulomb (SR)   Coul. recip.
    3.16452e+04    3.69129e+04   -2.94105e+03   -3.72939e+05    2.13597e+03
      Potential    Kinetic En.   Total Energy  Conserved En.    Temperature
   -2.90731e+05    5.52118e+04   -2.35519e+05   -2.37041e+05    3.01956e+02
 Pres. DC (bar) Pressure (bar)   Constr. rmsd
   -2.29088e+02    1.06807e+02    2.97704e-06

           Step           Time
          30000       60.00000

   Energies (kJ/mol)
           Bond          Angle    Proper Dih. Per. Imp. Dih.          LJ-14
    1.59404e+03    4.88501e+03    5.43438e+03    2.51542e+02    2.06615e+03
     Coulomb-14        LJ (SR)  Disper. corr.   Coulomb (SR)   Coul. recip.
    3.18179e+04    3.64461e+04   -2.94093e+03   -3.72812e+05    2.23468e+03
      Potential    Kinetic En.   Total Energy  Conserved En.    Temperature
   -2.91023e+05    5.42714e+04   -2.36752e+05   -2.36983e+05    2.96812e+02
 Pres. DC (bar) Pressure (bar)   Constr. rmsd
   -2.29069e+02   -7.39661e+01    3.18921e-06

           Step           Time
          35000       70.00000

   Energies (kJ/mol)
           Bond          Angle    Proper Dih. Per. Imp. Dih.          LJ-14
    1.77570e+03    5.00063e+03    5.41683e+03    2.93744e+02    2.01703e+03
     Coulomb-14        LJ (SR)  Disper. corr.   Coulomb (SR)   Coul. recip.
    3.17190e+04    3.71712e+04   -2.93325e+03   -3.73880e+05    2.13510e+03
      Potential    Kinetic En.   Total Energy  Conserved En.    Temperature
   -2.91284e+05    5.51949e+04   -2.36089e+05   -2.36894e+05    3.01863e+02
 Pres. DC (bar) Pressure (bar)   Constr. rmsd
   -2.27876e+02   -2.02312e+02    3.52978e-06

           Step           Time
          40000       80.00000

   Energies (kJ/mol)
           Bond          Angle    Proper Dih. Per. Imp. Dih.          LJ-14
    1.77861e+03    5.37704e+03    5.53302e+03    2.69301e+02    1.91042e+03
     Coulomb-14        LJ (SR)  Disper. corr.   Coulomb (SR)   Coul. recip.
    3.14376e+04    3.77639e+04   -2.93686e+03   -3.73482e+05    2.11770e+03
      Potential    Kinetic En.   Total Energy  Conserved En.    Temperature
   -2.90231e+05    5.50934e+04   -2.35138e+05   -2.36817e+05    3.01308e+02
 Pres. DC (bar) Pressure (bar)   Constr. rmsd
   -2.28437e+02   -1.78730e+01    3.04984e-06

           Step           Time
          45000       90.00000

   Energies (kJ/mol)
           Bond          Angle    Proper Dih. Per. Imp. Dih.          LJ-14
    1.68923e+03    5.31611e+03    5.41550e+03    3.36510e+02    1.98419e+03
     Coulomb-14        LJ (SR)  Disper. corr.   Coulomb (SR)   Coul. recip.
    3.15860e+04    3.72592e+04   -2.95025e+03   -3.73940e+05    2.08738e+03
      Potential    Kinetic En.   Total Energy  Conserved En.    Temperature
   -2.91216e+05    5.54730e+04   -2.35743e+05   -2.36751e+05    3.03384e+02
 Pres. DC (bar) Pressure (bar)   Constr. rmsd
   -2.30522e+02    1.34542e+02    2.92622e-06

           Step           Time
          50000      100.00000

   Energies (kJ/mol)
           Bond          Angle    Proper Dih. Per. Imp. Dih.          LJ-14
    1.69698e+03    5.24472e+03    5.50019e+03    2.76787e+02    1.91664e+03
     Coulomb-14        LJ (SR)  Disper. corr.   Coulomb (SR)   Coul. recip.
    3.15969e+04    3.75422e+04   -2.94839e+03   -3.74232e+05    2.14028e+03
      Potential    Kinetic En.   Total Energy  Conserved En.    Temperature
   -2.91266e+05    5.51533e+04   -2.36113e+05   -2.36704e+05    3.01636e+02
 Pres. DC (bar) Pressure (bar)   Constr. rmsd
   -2.30232e+02    1.08300e+02    3.11670e-06

           Step           Time
          55000      110.00000

   Energies (kJ/mol)
           Bond          Angle    Proper Dih. Per. Imp. Dih.          LJ-14
    1.79530e+03    5.01617e+03    5.46666e+03    2.71413e+02    1.94268e+03
     Coulomb-14        LJ (SR)  Disper. corr.   Coulomb (SR)   Coul. recip.
    3.15459e+04    3.64253e+04   -2.96316e+03   -3.73409e+05    2.19923e+03
      Potential    Kinetic En.   Total Energy  Conserved En.    Temperature
   -2.91709e+05    5.54074e+04   -2.36302e+05   -2.36660e+05    3.03025e+02
 Pres. DC (bar) Pressure (bar)   Constr. rmsd
   -2.32541e+02   -1.86885e+02    2.88728e-06

           Step           Time
          60000      120.00000

   Energies (kJ/mol)
           Bond          Angle    Proper Dih. Per. Imp. Dih.          LJ-14
    1.63005e+03    5.07485e+03    5.47858e+03    2.58625e+02    1.90524e+03
     Coulomb-14        LJ (SR)  Disper. corr.   Coulomb (SR)   Coul. recip.
    3.16523e+04    3.75473e+04   -2.96306e+03   -3.74991e+05    2.26549e+03
      Potential    Kinetic En.   Total Energy  Conserved En.    Temperature
   -2.92142e+05    5.52975e+04   -2.36844e+05   -2.36598e+05    3.02424e+02
 Pres. DC (bar) Pressure (bar)   Constr. rmsd
   -2.32526e+02    3.23965e+01    3.18686e-06

           Step           Time
          65000      130.00000

   Energies (kJ/mol)
           Bond          Angle    Proper Dih. Per. Imp. Dih.          LJ-14
    1.76681e+03    5.20462e+03    5.36137e+03    2.36648e+02    1.95440e+03
     Coulomb-14        LJ (SR)  Disper. corr.   Coulomb (SR)   Coul. recip.
    3.17303e+04    3.69606e+04   -2.95690e+03   -3.72855e+05    2.13063e+03
      Potential    Kinetic En.   Total Energy  Conserved En.    Temperature
   -2.90466e+05    5.50228e+04   -2.35444e+05   -2.36505e+05    3.00922e+02
 Pres. DC (bar) Pressure (bar)   Constr. rmsd
   -2.31560e+02    2.10161e+02    3.01715e-06

           Step           Time
          70000      140.00000

   Energies (kJ/mol)
           Bond          Angle    Proper Dih. Per. Imp. Dih.          LJ-14
    1.77151e+03    5.04863e+03    5.44319e+03    2.91218e+02    1.96338e+03
     Coulomb-14        LJ (SR)  Disper. corr.   Coulomb (SR)   Coul. recip.
    3.16175e+04    3.75982e+04   -2.94518e+03   -3.74271e+05    2.14679e+03
      Potential    Kinetic En.   Total Energy  Conserved En.    Temperature
   -2.91336e+05    5.54909e+04   -2.35845e+05   -2.36426e+05    3.03482e+02
 Pres. DC (bar) Pressure (bar)   Constr. rmsd
   -2.29731e+02    2.57801e+02    2.87288e-06

           Step           Time
          75000      150.00000

   Energies (kJ/mol)
           Bond          Angle    Proper Dih. Per. Imp. Dih.          LJ-14
    1.68562e+03    5.18611e+03    5.45821e+03    2.60575e+02    1.94789e+03
     Coulomb-14        LJ (SR)  Disper. corr.   Coulomb (SR)   Coul. recip.
    3.17017e+04    3.75026e+04   -2.94877e+03   -3.73444e+05    2.13770e+03
      Potential    Kinetic En.   Total Energy  Conserved En.    Temperature
   -2.90512e+05    5.50952e+04   -2.35417e+05   -2.36354e+05    3.01318e+02
 Pres. DC (bar) Pressure (bar)   Constr. rmsd
   -2.30291e+02    1.39440e+02    3.02071e-06

           Step           Time
          80000      160.00000

   Energies (kJ/mol)
           Bond          Angle    Proper Dih. Per. Imp. Dih.          LJ-14
    1.63131e+03    5.03785e+03    5.50557e+03    2.89938e+02    1.97113e+03
     Coulomb-14        LJ (SR)  Disper. corr.   Coulomb (SR)   Coul. recip.
    3.17453e+04    3.71962e+04   -2.93643e+03   -3.73296e+05    2.13628e+03
      Potential    Kinetic En.   Total Energy  Conserved En.    Temperature
   -2.90719e+05    5.48084e+04   -2.35911e+05   -2.36273e+05    2.99749e+02
 Pres. DC (bar) Pressure (bar)   Constr. rmsd
   -2.28370e+02    2.50722e+02    2.94380e-06

           Step           Time
          85000      170.00000

   Energies (kJ/mol)
           Bond          Angle    Proper Dih. Per. Imp. Dih.          LJ-14
    1.79981e+03    5.15196e+03    5.35793e+03    2.72571e+02    2.04425e+03
     Coulomb-14        LJ (SR)  Disper. corr.   Coulomb (SR)   Coul. recip.
    3.20050e+04    3.82832e+04   -2.95166e+03   -3.74454e+05    2.14249e+03
      Potential    Kinetic En.   Total Energy  Conserved En.    Temperature
   -2.90348e+05    5.48739e+04   -2.35474e+05   -2.36172e+05    3.00108e+02
 Pres. DC (bar) Pressure (bar)   Constr. rmsd
   -2.30742e+02    7.20224e+02    3.11814e-06

           Step           Time
          90000      180.00000

   Energies (kJ/mol)
           Bond          Angle    Proper Dih. Per. Imp. Dih.          LJ-14
    1.68171e+03    5.00846e+03    5.50270e+03    2.94740e+02    1.97433e+03
     Coulomb-14        LJ (SR)  Disper. corr.   Coulomb (SR)   Coul. recip.
    3.16701e+04    3.66687e+04   -2.94737e+03   -3.73127e+05    2.08662e+03
      Potential    Kinetic En.   Total Energy  Conserved En.    Temperature
   -2.91187e+05    5.43365e+04   -2.36850e+05   -2.36109e+05    2.97168e+02
 Pres. DC (bar) Pressure (bar)   Constr. rmsd
   -2.30072e+02   -5.89403e+01    3.19665e-06

           Step           Time
          95000      190.00000

   Energies (kJ/mol)
           Bond          Angle    Proper Dih. Per. Imp. Dih.          LJ-14
    1.79903e+03    4.95356e+03    5.43243e+03    2.85311e+02    1.99695e+03
     Coulomb-14        LJ (SR)  Disper. corr.   Coulomb (SR)   Coul. recip.
    3.17745e+04    3.77030e+04   -2.95712e+03   -3.75443e+05    2.17893e+03
      Potential    Kinetic En.   Total Energy  Conserved En.    Temperature
   -2.92277e+05    5.50522e+04   -2.37224e+05   -2.36043e+05    3.01083e+02
 Pres. DC (bar) Pressure (bar)   Constr. rmsd
   -2.31596e+02    1.92747e+02    2.95877e-06

           Step           Time
         100000      200.00000

   Energies (kJ/mol)
           Bond          Angle    Proper Dih. Per. Imp. Dih.          LJ-14
    1.74571e+03    5.21026e+03    5.46226e+03    2.70403e+02    1.99569e+03
     Coulomb-14        LJ (SR)  Disper. corr.   Coulomb (SR)   Coul. recip.
    3.16769e+04    3.73846e+04   -2.92095e+03   -3.72891e+05    2.13063e+03
      Potential    Kinetic En.   Total Energy  Conserved En.    Temperature
   -2.89935e+05    5.55344e+04   -2.34401e+05   -2.36005e+05    3.03720e+02
 Pres. DC (bar) Pressure (bar)   Constr. rmsd
   -2.25972e+02    2.83893e+02    3.34857e-06

           Step           Time
         105000      210.00000

   Energies (kJ/mol)
           Bond          Angle    Proper Dih. Per. Imp. Dih.          LJ-14
    1.73166e+03    5.05512e+03    5.35476e+03    2.70117e+02    1.96669e+03
     Coulomb-14        LJ (SR)  Disper. corr.   Coulomb (SR)   Coul. recip.
    3.16138e+04    3.65609e+04   -2.93440e+03   -3.73743e+05    2.15764e+03
      Potential    Kinetic En.   Total Energy  Conserved En.    Temperature
   -2.91966e+05    5.40315e+04   -2.37935e+05   -2.35900e+05    2.95500e+02
 Pres. DC (bar) Pressure (bar)   Constr. rmsd
   -2.28054e+02   -3.24511e+02    3.02840e-06

           Step           Time
         110000      220.00000

   Energies (kJ/mol)
           Bond          Angle    Proper Dih. Per. Imp. Dih.          LJ-14
    1.82238e+03    4.99037e+03    5.46994e+03    3.04410e+02    1.99010e+03
     Coulomb-14        LJ (SR)  Disper. corr.   Coulomb (SR)   Coul. recip.
    3.19443e+04    3.75645e+04   -2.95088e+03   -3.73575e+05    2.14909e+03
      Potential    Kinetic En.   Total Energy  Conserved En.    Temperature
   -2.90291e+05    5.48166e+04   -2.35474e+05   -2.35836e+05    2.99794e+02
 Pres. DC (bar) Pressure (bar)   Constr. rmsd
   -2.30621e+02    1.52791e+02    2.92201e-06

           Step           Time
         115000      230.00000

   Energies (kJ/mol)
           Bond          Angle    Proper Dih. Per. Imp. Dih.          LJ-14
    1.49458e+03    5.14525e+03    5.41201e+03    2.98549e+02    1.94780e+03
     Coulomb-14        LJ (SR)  Disper. corr.   Coulomb (SR)   Coul. recip.
    3.16274e+04    3.70197e+04   -2.91634e+03   -3.73038e+05    2.21412e+03
      Potential    Kinetic En.   Total Energy  Conserved En.    Temperature
   -2.90795e+05    5.45135e+04   -2.36282e+05   -2.35820e+05    2.98136e+02
 Pres. DC (bar) Pressure (bar)   Constr. rmsd
   -2.25259e+02    1.60522e-01    3.39213e-06

           Step           Time
         120000      240.00000

   Energies (kJ/mol)
           Bond          Angle    Proper Dih. Per. Imp. Dih.          LJ-14
    1.88856e+03    4.94003e+03    5.43688e+03    3.05984e+02    1.97996e+03
     Coulomb-14        LJ (SR)  Disper. corr.   Coulomb (SR)   Coul. recip.
    3.17500e+04    3.72444e+04   -2.94802e+03   -3.73202e+05    2.20981e+03
      Potential    Kinetic En.   Total Energy  Conserved En.    Temperature
   -2.90395e+05    5.48019e+04   -2.35593e+05   -2.35740e+05    2.99714e+02
 Pres. DC (bar) Pressure (bar)   Constr. rmsd
   -2.30173e+02    4.88793e+01    3.08776e-06

           Step           Time
         125000      250.00000

   Energies (kJ/mol)
           Bond          Angle    Proper Dih. Per. Imp. Dih.          LJ-14
    1.78380e+03    5.05543e+03    5.41786e+03    3.00438e+02    1.96614e+03
     Coulomb-14        LJ (SR)  Disper. corr.   Coulomb (SR)   Coul. recip.
    3.18729e+04    3.75688e+04   -2.96320e+03   -3.75504e+05    2.14412e+03
      Potential    Kinetic En.   Total Energy  Conserved En.    Temperature
   -2.92357e+05    5.49125e+04   -2.37445e+05   -2.35655e+05    3.00318e+02
 Pres. DC (bar) Pressure (bar)   Constr. rmsd
   -2.32547e+02    2.23744e+02    3.23782e-06

           Step           Time
         130000      260.00000

   Energies (kJ/mol)
           Bond          Angle    Proper Dih. Per. Imp. Dih.          LJ-14
    1.71701e+03    5.08181e+03    5.42278e+03    3.29446e+02    1.96045e+03
     Coulomb-14        LJ (SR)  Disper. corr.   Coulomb (SR)   Coul. recip.
    3.16032e+04    3.70867e+04   -2.93347e+03   -3.73450e+05    2.16249e+03
      Potential    Kinetic En.   Total Energy  Conserved En.    Temperature
   -2.91019e+05    5.54841e+04   -2.35535e+05   -2.35605e+05    3.03445e+02
 Pres. DC (bar) Pressure (bar)   Constr. rmsd
   -2.27910e+02   -8.43734e+01    3.06156e-06

           Step           Time
         135000      270.00000

   Energies (kJ/mol)
           Bond          Angle    Proper Dih. Per. Imp. Dih.          LJ-14
    1.75963e+03    5.01938e+03    5.47358e+03    2.76204e+02    1.95443e+03
     Coulomb-14        LJ (SR)  Disper. corr.   Coulomb (SR)   Coul. recip.
    3.16451e+04    3.76194e+04   -2.93458e+03   -3.74382e+05    2.19959e+03
      Potential    Kinetic En.   Total Energy  Conserved En.    Temperature
   -2.91370e+05    5.42348e+04   -2.37135e+05   -2.35520e+05    2.96612e+02
 Pres. DC (bar) Pressure (bar)   Constr. rmsd
   -2.28082e+02   -4.66733e+01    3.06676e-06

           Step           Time
         140000      280.00000

   Energies (kJ/mol)
           Bond          Angle    Proper Dih. Per. Imp. Dih.          LJ-14
    1.68272e+03    4.90875e+03    5.39645e+03    3.06433e+02    2.01773e+03
     Coulomb-14        LJ (SR)  Disper. corr.   Coulomb (SR)   Coul. recip.
    3.18363e+04    3.66769e+04   -2.92191e+03   -3.72822e+05    2.14522e+03
      Potential    Kinetic En.   Total Energy  Conserved En.    Temperature
   -2.90773e+05    5.49868e+04   -2.35786e+05   -2.35452e+05    3.00725e+02
 Pres. DC (bar) Pressure (bar)   Constr. rmsd
   -2.26120e+02   -2.21049e+02    3.44342e-06

           Step           Time
         145000      290.00000

   Energies (kJ/mol)
           Bond          Angle    Proper Dih. Per. Imp. Dih.          LJ-14
    1.77241e+03    5.15025e+03    5.37639e+03    2.77582e+02    2.02675e+03
     Coulomb-14        LJ (SR)  Disper. corr.   Coulomb (SR)   Coul. recip.
    3.18170e+04    3.68645e+04   -2.94134e+03   -3.72931e+05    2.15653e+03
      Potential    Kinetic En.   Total Energy  Conserved En.    Temperature
   -2.90431e+05    5.56515e+04   -2.34779e+05   -2.35385e+05    3.04360e+02
 Pres. DC (bar) Pressure (bar)   Constr. rmsd
   -2.29133e+02   -5.25472e+01    3.05186e-06

           Step           Time
         150000      300.00000

   Energies (kJ/mol)
           Bond          Angle    Proper Dih. Per. Imp. Dih.          LJ-14
    1.66541e+03    5.05906e+03    5.38931e+03    3.02953e+02    2.04506e+03
     Coulomb-14        LJ (SR)  Disper. corr.   Coulomb (SR)   Coul. recip.
    3.19026e+04    3.68401e+04   -2.93091e+03   -3.74252e+05    2.17865e+03
      Potential    Kinetic En.   Total Energy  Conserved En.    Temperature
   -2.91800e+05    5.54720e+04   -2.36328e+05   -2.35324e+05    3.03379e+02
 Pres. DC (bar) Pressure (bar)   Constr. rmsd
   -2.27513e+02   -1.50917e+02    3.03573e-06

Writing checkpoint, step 153050 at Wed Dec 20 12:14:08 2023


           Step           Time
         155000      310.00000

   Energies (kJ/mol)
           Bond          Angle    Proper Dih. Per. Imp. Dih.          LJ-14
    1.76477e+03    5.02887e+03    5.37117e+03    2.50573e+02    1.92425e+03
     Coulomb-14        LJ (SR)  Disper. corr.   Coulomb (SR)   Coul. recip.
    3.16902e+04    3.69007e+04   -2.92201e+03   -3.72693e+05    2.24445e+03
      Potential    Kinetic En.   Total Energy  Conserved En.    Temperature
   -2.90440e+05    5.44805e+04   -2.35960e+05   -2.35228e+05    2.97956e+02
 Pres. DC (bar) Pressure (bar)   Constr. rmsd
   -2.26135e+02   -1.03806e+02    3.07182e-06

           Step           Time
         160000      320.00000

   Energies (kJ/mol)
           Bond          Angle    Proper Dih. Per. Imp. Dih.          LJ-14
    1.84683e+03    5.01486e+03    5.45314e+03    2.64338e+02    1.98843e+03
     Coulomb-14        LJ (SR)  Disper. corr.   Coulomb (SR)   Coul. recip.
    3.17070e+04    3.67936e+04   -2.93791e+03   -3.73028e+05    2.26005e+03
      Potential    Kinetic En.   Total Energy  Conserved En.    Temperature
   -2.90638e+05    5.47184e+04   -2.35919e+05   -2.35187e+05    2.99257e+02
 Pres. DC (bar) Pressure (bar)   Constr. rmsd
   -2.28599e+02   -8.19355e+00    3.14662e-06

           Step           Time
         165000      330.00000

   Energies (kJ/mol)
           Bond          Angle    Proper Dih. Per. Imp. Dih.          LJ-14
    1.64904e+03    4.97103e+03    5.43810e+03    2.73832e+02    1.96677e+03
     Coulomb-14        LJ (SR)  Disper. corr.   Coulomb (SR)   Coul. recip.
    3.16863e+04    3.71352e+04   -2.93853e+03   -3.74418e+05    2.18527e+03
      Potential    Kinetic En.   Total Energy  Conserved En.    Temperature
   -2.92050e+05    5.40843e+04   -2.37966e+05   -2.35115e+05    2.95789e+02
 Pres. DC (bar) Pressure (bar)   Constr. rmsd
   -2.28697e+02   -2.40530e+02    2.80494e-06

           Step           Time
         170000      340.00000

   Energies (kJ/mol)
           Bond          Angle    Proper Dih. Per. Imp. Dih.          LJ-14
    1.78850e+03    5.10664e+03    5.41131e+03    2.86023e+02    1.99576e+03
     Coulomb-14        LJ (SR)  Disper. corr.   Coulomb (SR)   Coul. recip.
    3.15979e+04    3.63481e+04   -2.93049e+03   -3.71785e+05    2.16156e+03
      Potential    Kinetic En.   Total Energy  Conserved En.    Temperature
   -2.90020e+05    5.44908e+04   -2.35529e+05   -2.35058e+05    2.98012e+02
 Pres. DC (bar) Pressure (bar)   Constr. rmsd
   -2.27447e+02   -1.92613e+02    3.03649e-06

           Step           Time
         175000      350.00000

   Energies (kJ/mol)
           Bond          Angle    Proper Dih. Per. Imp. Dih.          LJ-14
    1.65210e+03    5.01698e+03    5.40922e+03    3.01199e+02    1.97702e+03
     Coulomb-14        LJ (SR)  Disper. corr.   Coulomb (SR)   Coul. recip.
    3.18015e+04    3.76424e+04   -2.94123e+03   -3.74576e+05    2.08258e+03
      Potential    Kinetic En.   Total Energy  Conserved En.    Temperature
   -2.91634e+05    5.47112e+04   -2.36923e+05   -2.35000e+05    2.99218e+02
 Pres. DC (bar) Pressure (bar)   Constr. rmsd
   -2.29116e+02    2.74753e+02    2.83742e-06

           Step           Time
         180000      360.00000

   Energies (kJ/mol)
           Bond          Angle    Proper Dih. Per. Imp. Dih.          LJ-14
    1.70374e+03    5.01760e+03    5.49242e+03    2.78116e+02    1.96124e+03
     Coulomb-14        LJ (SR)  Disper. corr.   Coulomb (SR)   Coul. recip.
    3.16364e+04    3.65516e+04   -2.93656e+03   -3.72723e+05    2.13959e+03
      Potential    Kinetic En.   Total Energy  Conserved En.    Temperature
   -2.90879e+05    5.45306e+04   -2.36348e+05   -2.34936e+05    2.98230e+02
 Pres. DC (bar) Pressure (bar)   Constr. rmsd
   -2.28390e+02   -1.46396e+02    3.16068e-06

           Step           Time
         185000      370.00000

   Energies (kJ/mol)
           Bond          Angle    Proper Dih. Per. Imp. Dih.          LJ-14
    1.54846e+03    5.20383e+03    5.39003e+03    2.78572e+02    2.02803e+03
     Coulomb-14        LJ (SR)  Disper. corr.   Coulomb (SR)   Coul. recip.
    3.17063e+04    3.58231e+04   -2.93855e+03   -3.72283e+05    2.17043e+03
      Potential    Kinetic En.   Total Energy  Conserved En.    Temperature
   -2.91072e+05    5.49950e+04   -2.36077e+05   -2.34884e+05    3.00770e+02
 Pres. DC (bar) Pressure (bar)   Constr. rmsd
   -2.28698e+02   -3.14582e+02    3.15165e-06

           Step           Time
         190000      380.00000

   Energies (kJ/mol)
           Bond          Angle    Proper Dih. Per. Imp. Dih.          LJ-14
    1.69800e+03    5.04894e+03    5.35866e+03    2.78973e+02    2.00629e+03
     Coulomb-14        LJ (SR)  Disper. corr.   Coulomb (SR)   Coul. recip.
    3.17456e+04    3.77749e+04   -2.94334e+03   -3.74103e+05    2.17815e+03
      Potential    Kinetic En.   Total Energy  Conserved En.    Temperature
   -2.90957e+05    5.44289e+04   -2.36528e+05   -2.34817e+05    2.97674e+02
 Pres. DC (bar) Pressure (bar)   Constr. rmsd
   -2.29444e+02    3.15529e+01    3.12585e-06

           Step           Time
         195000      390.00000

   Energies (kJ/mol)
           Bond          Angle    Proper Dih. Per. Imp. Dih.          LJ-14
    1.72202e+03    5.16787e+03    5.48557e+03    2.45205e+02    2.00790e+03
     Coulomb-14        LJ (SR)  Disper. corr.   Coulomb (SR)   Coul. recip.
    3.15724e+04    3.69636e+04   -2.93719e+03   -3.72928e+05    2.13216e+03
      Potential    Kinetic En.   Total Energy  Conserved En.    Temperature
   -2.90568e+05    5.46628e+04   -2.35905e+05   -2.34741e+05    2.98953e+02
 Pres. DC (bar) Pressure (bar)   Constr. rmsd
   -2.28488e+02    1.07233e+02    3.81390e-06

           Step           Time
         200000      400.00000

   Energies (kJ/mol)
           Bond          Angle    Proper Dih. Per. Imp. Dih.          LJ-14
    1.73053e+03    5.03284e+03    5.47022e+03    2.50154e+02    1.97832e+03
     Coulomb-14        LJ (SR)  Disper. corr.   Coulomb (SR)   Coul. recip.
    3.16363e+04    3.67121e+04   -2.94940e+03   -3.72912e+05    2.11326e+03
      Potential    Kinetic En.   Total Energy  Conserved En.    Temperature
   -2.90938e+05    5.51072e+04   -2.35830e+05   -2.34701e+05    3.01383e+02
 Pres. DC (bar) Pressure (bar)   Constr. rmsd
   -2.30389e+02   -2.57462e+01    3.19796e-06

           Step           Time
         205000      410.00000

   Energies (kJ/mol)
           Bond          Angle    Proper Dih. Per. Imp. Dih.          LJ-14
    1.69541e+03    4.99888e+03    5.63226e+03    2.70041e+02    2.01859e+03
     Coulomb-14        LJ (SR)  Disper. corr.   Coulomb (SR)   Coul. recip.
    3.16331e+04    3.60805e+04   -2.93268e+03   -3.71929e+05    2.15266e+03
      Potential    Kinetic En.   Total Energy  Conserved En.    Temperature
   -2.90380e+05    5.49061e+04   -2.35474e+05   -2.34632e+05    3.00283e+02
 Pres. DC (bar) Pressure (bar)   Constr. rmsd
   -2.27788e+02   -9.67296e+01    3.12584e-06

           Step           Time
         210000      420.00000

   Energies (kJ/mol)
           Bond          Angle    Proper Dih. Per. Imp. Dih.          LJ-14
    1.69129e+03    5.00047e+03    5.43792e+03    2.68592e+02    1.96224e+03
     Coulomb-14        LJ (SR)  Disper. corr.   Coulomb (SR)   Coul. recip.
    3.17667e+04    3.69220e+04   -2.92753e+03   -3.72554e+05    2.22219e+03
      Potential    Kinetic En.   Total Energy  Conserved En.    Temperature
   -2.90210e+05    5.51486e+04   -2.35062e+05   -2.34560e+05    3.01610e+02
 Pres. DC (bar) Pressure (bar)   Constr. rmsd
   -2.26989e+02    9.62193e+01    3.17236e-06

           Step           Time
         215000      430.00000

   Energies (kJ/mol)
           Bond          Angle    Proper Dih. Per. Imp. Dih.          LJ-14
    1.81631e+03    5.13171e+03    5.40527e+03    2.94515e+02    1.91889e+03
     Coulomb-14        LJ (SR)  Disper. corr.   Coulomb (SR)   Coul. recip.
    3.14028e+04    3.62237e+04   -2.92483e+03   -3.71881e+05    2.10177e+03
      Potential    Kinetic En.   Total Energy  Conserved En.    Temperature
   -2.90510e+05    5.48551e+04   -2.35655e+05   -2.34480e+05    3.00005e+02
 Pres. DC (bar) Pressure (bar)   Constr. rmsd
   -2.26572e+02   -2.81762e+02    2.97819e-06

           Step           Time
         220000      440.00000

   Energies (kJ/mol)
           Bond          Angle    Proper Dih. Per. Imp. Dih.          LJ-14
    1.60101e+03    4.99792e+03    5.40793e+03    2.56429e+02    1.90787e+03
     Coulomb-14        LJ (SR)  Disper. corr.   Coulomb (SR)   Coul. recip.
    3.17817e+04    3.71446e+04   -2.93446e+03   -3.73417e+05    2.13016e+03
      Potential    Kinetic En.   Total Energy  Conserved En.    Temperature
   -2.91123e+05    5.49549e+04   -2.36168e+05   -2.34429e+05    3.00551e+02
 Pres. DC (bar) Pressure (bar)   Constr. rmsd
   -2.28064e+02   -4.16946e+01    3.04661e-06

           Step           Time
         225000      450.00000

   Energies (kJ/mol)
           Bond          Angle    Proper Dih. Per. Imp. Dih.          LJ-14
    1.58422e+03    4.92121e+03    5.41683e+03    2.55248e+02    1.97813e+03
     Coulomb-14        LJ (SR)  Disper. corr.   Coulomb (SR)   Coul. recip.
    3.16057e+04    3.81777e+04   -2.96437e+03   -3.75665e+05    2.13914e+03
      Potential    Kinetic En.   Total Energy  Conserved En.    Temperature
   -2.92551e+05    5.53839e+04   -2.37167e+05   -2.34354e+05    3.02897e+02
 Pres. DC (bar) Pressure (bar)   Constr. rmsd
   -2.32731e+02    3.73671e+02    3.02768e-06

           Step           Time
         230000      460.00000

   Energies (kJ/mol)
           Bond          Angle    Proper Dih. Per. Imp. Dih.          LJ-14
    1.74108e+03    5.28273e+03    5.37216e+03    2.48043e+02    1.89840e+03
     Coulomb-14        LJ (SR)  Disper. corr.   Coulomb (SR)   Coul. recip.
    3.14418e+04    3.74732e+04   -2.92696e+03   -3.72528e+05    2.21980e+03
      Potential    Kinetic En.   Total Energy  Conserved En.    Temperature
   -2.89777e+05    5.41177e+04   -2.35660e+05   -2.34237e+05    2.95972e+02
 Pres. DC (bar) Pressure (bar)   Constr. rmsd
   -2.26901e+02   -1.63290e+01    3.11082e-06

           Step           Time
         235000      470.00000

   Energies (kJ/mol)
           Bond          Angle    Proper Dih. Per. Imp. Dih.          LJ-14
    1.75894e+03    5.05903e+03    5.47939e+03    2.63408e+02    1.97113e+03
     Coulomb-14        LJ (SR)  Disper. corr.   Coulomb (SR)   Coul. recip.
    3.16299e+04    3.71055e+04   -2.94083e+03   -3.73364e+05    2.17381e+03
      Potential    Kinetic En.   Total Energy  Conserved En.    Temperature
   -2.90864e+05    5.48229e+04   -2.36041e+05   -2.34167e+05    2.99829e+02
 Pres. DC (bar) Pressure (bar)   Constr. rmsd
   -2.29054e+02    7.02819e+01    3.40707e-06

           Step           Time
         240000      480.00000

   Energies (kJ/mol)
           Bond          Angle    Proper Dih. Per. Imp. Dih.          LJ-14
    1.67275e+03    4.93587e+03    5.39826e+03    2.82900e+02    1.94322e+03
     Coulomb-14        LJ (SR)  Disper. corr.   Coulomb (SR)   Coul. recip.
    3.16318e+04    3.69329e+04   -2.93853e+03   -3.72947e+05    2.19197e+03
      Potential    Kinetic En.   Total Energy  Conserved En.    Temperature
   -2.90896e+05    5.50775e+04   -2.35818e+05   -2.34150e+05    3.01221e+02
 Pres. DC (bar) Pressure (bar)   Constr. rmsd
   -2.28696e+02    3.15919e+01    3.77422e-06

           Step           Time
         245000      490.00000

   Energies (kJ/mol)
           Bond          Angle    Proper Dih. Per. Imp. Dih.          LJ-14
    1.64472e+03    5.15101e+03    5.44939e+03    3.01476e+02    1.98785e+03
     Coulomb-14        LJ (SR)  Disper. corr.   Coulomb (SR)   Coul. recip.
    3.15710e+04    3.65889e+04   -2.93375e+03   -3.72999e+05    2.13707e+03
      Potential    Kinetic En.   Total Energy  Conserved En.    Temperature
   -2.91101e+05    5.52015e+04   -2.35899e+05   -2.34077e+05    3.01899e+02
 Pres. DC (bar) Pressure (bar)   Constr. rmsd
   -2.27953e+02   -6.18377e+01    3.35797e-06

           Step           Time
         250000      500.00000

   Energies (kJ/mol)
           Bond          Angle    Proper Dih. Per. Imp. Dih.          LJ-14
    1.62445e+03    4.97323e+03    5.45360e+03    2.58706e+02    1.97518e+03
     Coulomb-14        LJ (SR)  Disper. corr.   Coulomb (SR)   Coul. recip.
    3.17402e+04    3.75356e+04   -2.93636e+03   -3.74966e+05    2.15122e+03
      Potential    Kinetic En.   Total Energy  Conserved En.    Temperature
   -2.92190e+05    5.49496e+04   -2.37241e+05   -2.33997e+05    3.00521e+02
 Pres. DC (bar) Pressure (bar)   Constr. rmsd
   -2.28358e+02   -3.03197e+01    3.13874e-06

           Step           Time
         255000      510.00000

   Energies (kJ/mol)
           Bond          Angle    Proper Dih. Per. Imp. Dih.          LJ-14
    1.76596e+03    5.16547e+03    5.33574e+03    2.76083e+02    1.98631e+03
     Coulomb-14        LJ (SR)  Disper. corr.   Coulomb (SR)   Coul. recip.
    3.16006e+04    3.70325e+04   -2.94507e+03   -3.73390e+05    2.19080e+03
      Potential    Kinetic En.   Total Energy  Conserved En.    Temperature
   -2.90982e+05    5.55457e+04   -2.35436e+05   -2.33920e+05    3.03781e+02
 Pres. DC (bar) Pressure (bar)   Constr. rmsd
   -2.29715e+02   -7.98310e+01    2.93230e-06

           Step           Time
         260000      520.00000

   Energies (kJ/mol)
           Bond          Angle    Proper Dih. Per. Imp. Dih.          LJ-14
    1.79694e+03    5.03585e+03    5.36157e+03    2.95307e+02    1.90577e+03
     Coulomb-14        LJ (SR)  Disper. corr.   Coulomb (SR)   Coul. recip.
    3.16780e+04    3.68217e+04   -2.93966e+03   -3.73222e+05    2.21347e+03
      Potential    Kinetic En.   Total Energy  Conserved En.    Temperature
   -2.91054e+05    5.47903e+04   -2.36263e+05   -2.33874e+05    2.99650e+02
 Pres. DC (bar) Pressure (bar)   Constr. rmsd
   -2.28871e+02   -1.96043e+02    3.19538e-06

           Step           Time
         265000      530.00000

   Energies (kJ/mol)
           Bond          Angle    Proper Dih. Per. Imp. Dih.          LJ-14
    1.66609e+03    5.09326e+03    5.32531e+03    2.82134e+02    1.97125e+03
     Coulomb-14        LJ (SR)  Disper. corr.   Coulomb (SR)   Coul. recip.
    3.16387e+04    3.71840e+04   -2.94051e+03   -3.74598e+05    2.19397e+03
      Potential    Kinetic En.   Total Energy  Conserved En.    Temperature
   -2.92184e+05    5.49762e+04   -2.37208e+05   -2.33787e+05    3.00667e+02
 Pres. DC (bar) Pressure (bar)   Constr. rmsd
   -2.29004e+02    1.83553e+02    3.04686e-06

           Step           Time
         270000      540.00000

   Energies (kJ/mol)
           Bond          Angle    Proper Dih. Per. Imp. Dih.          LJ-14
    1.68119e+03    5.04814e+03    5.42251e+03    3.00052e+02    2.01946e+03
     Coulomb-14        LJ (SR)  Disper. corr.   Coulomb (SR)   Coul. recip.
    3.19445e+04    3.71254e+04   -2.95077e+03   -3.73489e+05    2.19829e+03
      Potential    Kinetic En.   Total Energy  Conserved En.    Temperature
   -2.90700e+05    5.48037e+04   -2.35897e+05   -2.33704e+05    2.99724e+02
 Pres. DC (bar) Pressure (bar)   Constr. rmsd
   -2.30603e+02    1.54313e+02    3.00139e-06

           Step           Time
         275000      550.00000

   Energies (kJ/mol)
           Bond          Angle    Proper Dih. Per. Imp. Dih.          LJ-14
    1.80739e+03    5.00252e+03    5.43136e+03    2.64753e+02    1.94740e+03
     Coulomb-14        LJ (SR)  Disper. corr.   Coulomb (SR)   Coul. recip.
    3.18379e+04    3.71313e+04   -2.95462e+03   -3.73760e+05    2.14703e+03
      Potential    Kinetic En.   Total Energy  Conserved En.    Temperature
   -2.91145e+05    5.44800e+04   -2.36665e+05   -2.33650e+05    2.97953e+02
 Pres. DC (bar) Pressure (bar)   Constr. rmsd
   -2.31205e+02    2.14615e+02    2.87507e-06

           Step           Time
         280000      560.00000

   Energies (kJ/mol)
           Bond          Angle    Proper Dih. Per. Imp. Dih.          LJ-14
    1.66613e+03    4.98873e+03    5.35408e+03    3.02122e+02    1.93509e+03
     Coulomb-14        LJ (SR)  Disper. corr.   Coulomb (SR)   Coul. recip.
    3.15615e+04    3.77208e+04   -2.94485e+03   -3.74363e+05    2.13568e+03
      Potential    Kinetic En.   Total Energy  Conserved En.    Temperature
   -2.91644e+05    5.47422e+04   -2.36901e+05   -2.33583e+05    2.99387e+02
 Pres. DC (bar) Pressure (bar)   Constr. rmsd
   -2.29679e+02    1.80933e+02    3.32896e-06

           Step           Time
         285000      570.00000

   Energies (kJ/mol)
           Bond          Angle    Proper Dih. Per. Imp. Dih.          LJ-14
    1.52952e+03    4.99114e+03    5.34203e+03    3.11633e+02    2.06365e+03
     Coulomb-14        LJ (SR)  Disper. corr.   Coulomb (SR)   Coul. recip.
    3.19185e+04    3.68211e+04   -2.94624e+03   -3.73973e+05    2.14020e+03
      Potential    Kinetic En.   Total Energy  Conserved En.    Temperature
   -2.91802e+05    5.49079e+04   -2.36894e+05   -2.33524e+05    3.00293e+02
 Pres. DC (bar) Pressure (bar)   Constr. rmsd
   -2.29897e+02    2.20072e+02    3.28168e-06

           Step           Time
         290000      580.00000

   Energies (kJ/mol)
           Bond          Angle    Proper Dih. Per. Imp. Dih.          LJ-14
    1.63122e+03    4.93104e+03    5.38386e+03    2.73198e+02    1.98333e+03
     Coulomb-14        LJ (SR)  Disper. corr.   Coulomb (SR)   Coul. recip.
    3.19494e+04    3.84906e+04   -2.95433e+03   -3.76039e+05    2.14782e+03
      Potential    Kinetic En.   Total Energy  Conserved En.    Temperature
   -2.92203e+05    5.44403e+04   -2.37763e+05   -2.33434e+05    2.97736e+02
 Pres. DC (bar) Pressure (bar)   Constr. rmsd
   -2.31159e+02    3.96817e+02    2.83824e-06

           Step           Time
         295000      590.00000

   Energies (kJ/mol)
           Bond          Angle    Proper Dih. Per. Imp. Dih.          LJ-14
    1.64658e+03    5.02006e+03    5.32302e+03    2.80720e+02    2.06025e+03
     Coulomb-14        LJ (SR)  Disper. corr.   Coulomb (SR)   Coul. recip.
    3.18153e+04    3.61820e+04   -2.93385e+03   -3.72130e+05    2.21084e+03
      Potential    Kinetic En.   Total Energy  Conserved En.    Temperature
   -2.90525e+05    5.47792e+04   -2.35746e+05   -2.33358e+05    2.99589e+02
 Pres. DC (bar) Pressure (bar)   Constr. rmsd
   -2.27969e+02   -7.96691e+01    2.83000e-06

           Step           Time
         300000      600.00000

   Energies (kJ/mol)
           Bond          Angle    Proper Dih. Per. Imp. Dih.          LJ-14
    1.67608e+03    5.00010e+03    5.43539e+03    2.82549e+02    1.97980e+03
     Coulomb-14        LJ (SR)  Disper. corr.   Coulomb (SR)   Coul. recip.
    3.16916e+04    3.81520e+04   -2.94223e+03   -3.74557e+05    2.15162e+03
      Potential    Kinetic En.   Total Energy  Conserved En.    Temperature
   -2.91130e+05    5.48951e+04   -2.36235e+05   -2.33292e+05    3.00224e+02
 Pres. DC (bar) Pressure (bar)   Constr. rmsd
   -2.29271e+02    2.56575e+02    3.18063e-06

           Step           Time
         305000      610.00000

   Energies (kJ/mol)
           Bond          Angle    Proper Dih. Per. Imp. Dih.          LJ-14
    1.74163e+03    5.03792e+03    5.45443e+03    2.47729e+02    1.90168e+03
     Coulomb-14        LJ (SR)  Disper. corr.   Coulomb (SR)   Coul. recip.
    3.16529e+04    3.73673e+04   -2.93679e+03   -3.73472e+05    2.19793e+03
      Potential    Kinetic En.   Total Energy  Conserved En.    Temperature
   -2.90808e+05    5.44256e+04   -2.36382e+05   -2.33231e+05    2.97656e+02
 Pres. DC (bar) Pressure (bar)   Constr. rmsd
   -2.28426e+02   -2.08485e+01    3.55189e-06

Writing checkpoint, step 305150 at Wed Dec 20 12:29:07 2023


           Step           Time
         310000      620.00000

   Energies (kJ/mol)
           Bond          Angle    Proper Dih. Per. Imp. Dih.          LJ-14
    1.74506e+03    5.05995e+03    5.36394e+03    2.60690e+02    2.04062e+03
     Coulomb-14        LJ (SR)  Disper. corr.   Coulomb (SR)   Coul. recip.
    3.18171e+04    3.75652e+04   -2.94367e+03   -3.74217e+05    2.17454e+03
      Potential    Kinetic En.   Total Energy  Conserved En.    Temperature
   -2.91134e+05    5.55580e+04   -2.35576e+05   -2.33158e+05    3.03849e+02
 Pres. DC (bar) Pressure (bar)   Constr. rmsd
   -2.29496e+02    3.36626e+02    3.26844e-06

           Step           Time
         315000      630.00000

   Energies (kJ/mol)
           Bond          Angle    Proper Dih. Per. Imp. Dih.          LJ-14
    1.65545e+03    5.20049e+03    5.31432e+03    2.76485e+02    2.00536e+03
     Coulomb-14        LJ (SR)  Disper. corr.   Coulomb (SR)   Coul. recip.
    3.17729e+04    3.76314e+04   -2.95804e+03   -3.74888e+05    2.13908e+03
      Potential    Kinetic En.   Total Energy  Conserved En.    Temperature
   -2.91850e+05    5.50610e+04   -2.36789e+05   -2.33086e+05    3.01131e+02
 Pres. DC (bar) Pressure (bar)   Constr. rmsd
   -2.31739e+02    2.98287e+02    2.75719e-06

           Step           Time
         320000      640.00000

   Energies (kJ/mol)
           Bond          Angle    Proper Dih. Per. Imp. Dih.          LJ-14
    1.67076e+03    5.07755e+03    5.41350e+03    2.65728e+02    1.95219e+03
     Coulomb-14        LJ (SR)  Disper. corr.   Coulomb (SR)   Coul. recip.
    3.16564e+04    3.69114e+04   -2.94294e+03   -3.73539e+05    2.21439e+03
      Potential    Kinetic En.   Total Energy  Conserved En.    Temperature
   -2.91320e+05    5.51164e+04   -2.36204e+05   -2.33032e+05    3.01434e+02
 Pres. DC (bar) Pressure (bar)   Constr. rmsd
   -2.29382e+02   -5.49907e+01    2.83708e-06

           Step           Time
         325000      650.00000

   Energies (kJ/mol)
           Bond          Angle    Proper Dih. Per. Imp. Dih.          LJ-14
    1.75449e+03    4.83348e+03    5.42706e+03    2.69698e+02    1.99721e+03
     Coulomb-14        LJ (SR)  Disper. corr.   Coulomb (SR)   Coul. recip.
    3.17530e+04    3.70959e+04   -2.94222e+03   -3.73508e+05    2.23840e+03
      Potential    Kinetic En.   Total Energy  Conserved En.    Temperature
   -2.91081e+05    5.59218e+04   -2.35159e+05   -2.32998e+05    3.05838e+02
 Pres. DC (bar) Pressure (bar)   Constr. rmsd
   -2.29271e+02   -4.14279e+01    3.45280e-06

           Step           Time
         330000      660.00000

   Energies (kJ/mol)
           Bond          Angle    Proper Dih. Per. Imp. Dih.          LJ-14
    1.71763e+03    5.08661e+03    5.38447e+03    3.17905e+02    1.92996e+03
     Coulomb-14        LJ (SR)  Disper. corr.   Coulomb (SR)   Coul. recip.
    3.15192e+04    3.69237e+04   -2.92783e+03   -3.72382e+05    2.16061e+03
      Potential    Kinetic En.   Total Energy  Conserved En.    Temperature
   -2.90270e+05    5.44294e+04   -2.35841e+05   -2.32909e+05    2.97676e+02
 Pres. DC (bar) Pressure (bar)   Constr. rmsd
   -2.27036e+02   -1.13591e+02    3.01661e-06

           Step           Time
         335000      670.00000

   Energies (kJ/mol)
           Bond          Angle    Proper Dih. Per. Imp. Dih.          LJ-14
    1.64722e+03    5.10385e+03    5.37847e+03    2.60999e+02    1.97492e+03
     Coulomb-14        LJ (SR)  Disper. corr.   Coulomb (SR)   Coul. recip.
    3.18420e+04    3.69965e+04   -2.93428e+03   -3.73920e+05    2.12966e+03
      Potential    Kinetic En.   Total Energy  Conserved En.    Temperature
   -2.91520e+05    5.46972e+04   -2.36823e+05   -2.32824e+05    2.99141e+02
 Pres. DC (bar) Pressure (bar)   Constr. rmsd
   -2.28036e+02   -2.01953e+02    2.86048e-06

           Step           Time
         340000      680.00000

   Energies (kJ/mol)
           Bond          Angle    Proper Dih. Per. Imp. Dih.          LJ-14
    1.74417e+03    5.01726e+03    5.37681e+03    2.93942e+02    1.96015e+03
     Coulomb-14        LJ (SR)  Disper. corr.   Coulomb (SR)   Coul. recip.
    3.16291e+04    3.70504e+04   -2.95381e+03   -3.73607e+05    2.15020e+03
      Potential    Kinetic En.   Total Energy  Conserved En.    Temperature
   -2.91338e+05    5.47311e+04   -2.36607e+05   -2.32752e+05    2.99327e+02
 Pres. DC (bar) Pressure (bar)   Constr. rmsd
   -2.31077e+02   -8.43798e+01    3.10327e-06

           Step           Time
         345000      690.00000

   Energies (kJ/mol)
           Bond          Angle    Proper Dih. Per. Imp. Dih.          LJ-14
    1.52266e+03    5.07532e+03    5.40941e+03    2.81633e+02    1.94874e+03
     Coulomb-14        LJ (SR)  Disper. corr.   Coulomb (SR)   Coul. recip.
    3.18408e+04    3.71428e+04   -2.95048e+03   -3.74452e+05    2.11981e+03
      Potential    Kinetic En.   Total Energy  Conserved En.    Temperature
   -2.92061e+05    5.48561e+04   -2.37205e+05   -2.32707e+05    3.00010e+02
 Pres. DC (bar) Pressure (bar)   Constr. rmsd
   -2.30558e+02    7.07077e+01    2.84246e-06

           Step           Time
         350000      700.00000

   Energies (kJ/mol)
           Bond          Angle    Proper Dih. Per. Imp. Dih.          LJ-14
    1.65601e+03    5.05832e+03    5.39156e+03    2.74354e+02    1.99859e+03
     Coulomb-14        LJ (SR)  Disper. corr.   Coulomb (SR)   Coul. recip.
    3.17441e+04    3.78060e+04   -2.92424e+03   -3.73739e+05    2.23736e+03
      Potential    Kinetic En.   Total Energy  Conserved En.    Temperature
   -2.90497e+05    5.49522e+04   -2.35545e+05   -2.32640e+05    3.00536e+02
 Pres. DC (bar) Pressure (bar)   Constr. rmsd
   -2.26480e+02    3.19045e+02    3.14597e-06

           Step           Time
         355000      710.00000

   Energies (kJ/mol)
           Bond          Angle    Proper Dih. Per. Imp. Dih.          LJ-14
    1.67137e+03    5.17493e+03    5.39479e+03    2.66698e+02    1.98016e+03
     Coulomb-14        LJ (SR)  Disper. corr.   Coulomb (SR)   Coul. recip.
    3.17929e+04    3.79437e+04   -2.94541e+03   -3.73885e+05    2.17704e+03
      Potential    Kinetic En.   Total Energy  Conserved En.    Temperature
   -2.90429e+05    5.48494e+04   -2.35580e+05   -2.32565e+05    2.99973e+02
 Pres. DC (bar) Pressure (bar)   Constr. rmsd
   -2.29767e+02    4.01260e+02    3.29889e-06

           Step           Time
         360000      720.00000

   Energies (kJ/mol)
           Bond          Angle    Proper Dih. Per. Imp. Dih.          LJ-14
    1.75579e+03    5.04435e+03    5.36380e+03    2.70947e+02    1.93256e+03
     Coulomb-14        LJ (SR)  Disper. corr.   Coulomb (SR)   Coul. recip.
    3.16655e+04    3.72526e+04   -2.94651e+03   -3.74523e+05    2.10970e+03
      Potential    Kinetic En.   Total Energy  Conserved En.    Temperature
   -2.92074e+05    5.50748e+04   -2.36999e+05   -2.32520e+05    3.01206e+02
 Pres. DC (bar) Pressure (bar)   Constr. rmsd
   -2.29938e+02    8.22114e+01    3.01895e-06

           Step           Time
         365000      730.00000

   Energies (kJ/mol)
           Bond          Angle    Proper Dih. Per. Imp. Dih.          LJ-14
    1.62990e+03    5.03423e+03    5.39047e+03    2.66566e+02    2.05580e+03
     Coulomb-14        LJ (SR)  Disper. corr.   Coulomb (SR)   Coul. recip.
    3.19375e+04    3.77926e+04   -2.95184e+03   -3.75024e+05    2.07786e+03
      Potential    Kinetic En.   Total Energy  Conserved En.    Temperature
   -2.91791e+05    5.41214e+04   -2.37669e+05   -2.32435e+05    2.95992e+02
 Pres. DC (bar) Pressure (bar)   Constr. rmsd
   -2.30769e+02    3.96413e+02    3.07478e-06

           Step           Time
         370000      740.00000

   Energies (kJ/mol)
           Bond          Angle    Proper Dih. Per. Imp. Dih.          LJ-14
    1.77073e+03    5.13612e+03    5.35637e+03    2.72288e+02    1.90303e+03
     Coulomb-14        LJ (SR)  Disper. corr.   Coulomb (SR)   Coul. recip.
    3.16300e+04    3.70810e+04   -2.94299e+03   -3.73734e+05    2.16219e+03
      Potential    Kinetic En.   Total Energy  Conserved En.    Temperature
   -2.91365e+05    5.51700e+04   -2.36195e+05   -2.32368e+05    3.01727e+02
 Pres. DC (bar) Pressure (bar)   Constr. rmsd
   -2.29390e+02   -1.26853e+02    3.40571e-06

           Step           Time
         375000      750.00000

   Energies (kJ/mol)
           Bond          Angle    Proper Dih. Per. Imp. Dih.          LJ-14
    1.72213e+03    4.88052e+03    5.29633e+03    2.87905e+02    1.97735e+03
     Coulomb-14        LJ (SR)  Disper. corr.   Coulomb (SR)   Coul. recip.
    3.17950e+04    3.74065e+04   -2.94656e+03   -3.74850e+05    2.14633e+03
      Potential    Kinetic En.   Total Energy  Conserved En.    Temperature
   -2.92285e+05    5.43761e+04   -2.37909e+05   -2.32302e+05    2.97385e+02
 Pres. DC (bar) Pressure (bar)   Constr. rmsd
   -2.29946e+02   -4.65141e+01    3.06101e-06

           Step           Time
         380000      760.00000

   Energies (kJ/mol)
           Bond          Angle    Proper Dih. Per. Imp. Dih.          LJ-14
    1.78010e+03    4.93736e+03    5.41560e+03    2.92046e+02    2.01142e+03
     Coulomb-14        LJ (SR)  Disper. corr.   Coulomb (SR)   Coul. recip.
    3.15235e+04    3.70506e+04   -2.95429e+03   -3.73582e+05    2.13266e+03
      Potential    Kinetic En.   Total Energy  Conserved En.    Temperature
   -2.91393e+05    5.53526e+04   -2.36040e+05   -2.32220e+05    3.02725e+02
 Pres. DC (bar) Pressure (bar)   Constr. rmsd
   -2.31153e+02    2.07890e+01    2.90431e-06

           Step           Time
         385000      770.00000

   Energies (kJ/mol)
           Bond          Angle    Proper Dih. Per. Imp. Dih.          LJ-14
    1.75309e+03    5.24388e+03    5.34433e+03    2.84788e+02    1.90327e+03
     Coulomb-14        LJ (SR)  Disper. corr.   Coulomb (SR)   Coul. recip.
    3.15352e+04    3.76441e+04   -2.94719e+03   -3.73410e+05    2.18902e+03
      Potential    Kinetic En.   Total Energy  Conserved En.    Temperature
   -2.90459e+05    5.48853e+04   -2.35574e+05   -2.32154e+05    3.00170e+02
 Pres. DC (bar) Pressure (bar)   Constr. rmsd
   -2.30044e+02    2.20666e+02    3.06323e-06

           Step           Time
         390000      780.00000

   Energies (kJ/mol)
           Bond          Angle    Proper Dih. Per. Imp. Dih.          LJ-14
    1.70527e+03    5.00141e+03    5.34766e+03    2.98400e+02    1.93377e+03
     Coulomb-14        LJ (SR)  Disper. corr.   Coulomb (SR)   Coul. recip.
    3.16713e+04    3.72849e+04   -2.94344e+03   -3.74048e+05    2.12151e+03
      Potential    Kinetic En.   Total Energy  Conserved En.    Temperature
   -2.91628e+05    5.45624e+04   -2.37065e+05   -2.32099e+05    2.98404e+02
 Pres. DC (bar) Pressure (bar)   Constr. rmsd
   -2.29460e+02    5.22026e+01    2.95298e-06

           Step           Time
         395000      790.00000

   Energies (kJ/mol)
           Bond          Angle    Proper Dih. Per. Imp. Dih.          LJ-14
    1.67753e+03    5.19101e+03    5.24142e+03    2.70386e+02    1.93392e+03
     Coulomb-14        LJ (SR)  Disper. corr.   Coulomb (SR)   Coul. recip.
    3.16112e+04    3.71510e+04   -2.93724e+03   -3.73408e+05    2.16942e+03
      Potential    Kinetic En.   Total Energy  Conserved En.    Temperature
   -2.91099e+05    5.44922e+04   -2.36607e+05   -2.32025e+05    2.98020e+02
 Pres. DC (bar) Pressure (bar)   Constr. rmsd
   -2.28495e+02    3.47665e+01    3.27646e-06

           Step           Time
         400000      800.00000

   Energies (kJ/mol)
           Bond          Angle    Proper Dih. Per. Imp. Dih.          LJ-14
    1.55830e+03    4.90179e+03    5.34913e+03    2.46805e+02    1.96361e+03
     Coulomb-14        LJ (SR)  Disper. corr.   Coulomb (SR)   Coul. recip.
    3.18739e+04    3.63229e+04   -2.94000e+03   -3.73271e+05    2.09696e+03
      Potential    Kinetic En.   Total Energy  Conserved En.    Temperature
   -2.91898e+05    5.46210e+04   -2.37277e+05   -2.31979e+05    2.98724e+02
 Pres. DC (bar) Pressure (bar)   Constr. rmsd
   -2.28924e+02    4.32200e+01    2.94471e-06

           Step           Time
         405000      810.00000

   Energies (kJ/mol)
           Bond          Angle    Proper Dih. Per. Imp. Dih.          LJ-14
    1.75377e+03    5.13638e+03    5.37092e+03    2.75775e+02    1.94934e+03
     Coulomb-14        LJ (SR)  Disper. corr.   Coulomb (SR)   Coul. recip.
    3.17028e+04    3.63982e+04   -2.94612e+03   -3.72599e+05    2.13448e+03
      Potential    Kinetic En.   Total Energy  Conserved En.    Temperature
   -2.90823e+05    5.56028e+04   -2.35221e+05   -2.31920e+05    3.04094e+02
 Pres. DC (bar) Pressure (bar)   Constr. rmsd
   -2.29878e+02   -1.24552e+02    3.34930e-06

           Step           Time
         410000      820.00000

   Energies (kJ/mol)
           Bond          Angle    Proper Dih. Per. Imp. Dih.          LJ-14
    1.61903e+03    5.19458e+03    5.31230e+03    2.59630e+02    1.90324e+03
     Coulomb-14        LJ (SR)  Disper. corr.   Coulomb (SR)   Coul. recip.
    3.19188e+04    3.62929e+04   -2.93021e+03   -3.73261e+05    2.17388e+03
      Potential    Kinetic En.   Total Energy  Conserved En.    Temperature
   -2.91517e+05    5.48188e+04   -2.36698e+05   -2.31851e+05    2.99806e+02
 Pres. DC (bar) Pressure (bar)   Constr. rmsd
   -2.27405e+02   -3.41211e+02    3.07116e-06

           Step           Time
         415000      830.00000

   Energies (kJ/mol)
           Bond          Angle    Proper Dih. Per. Imp. Dih.          LJ-14
    1.77258e+03    4.81597e+03    5.36806e+03    2.63751e+02    1.98758e+03
     Coulomb-14        LJ (SR)  Disper. corr.   Coulomb (SR)   Coul. recip.
    3.18990e+04    3.63718e+04   -2.92888e+03   -3.72018e+05    2.17222e+03
      Potential    Kinetic En.   Total Energy  Conserved En.    Temperature
   -2.90296e+05    5.44968e+04   -2.35799e+05   -2.31804e+05    2.98045e+02
 Pres. DC (bar) Pressure (bar)   Constr. rmsd
   -2.27199e+02   -1.33832e+02    3.02471e-06

           Step           Time
         420000      840.00000

   Energies (kJ/mol)
           Bond          Angle    Proper Dih. Per. Imp. Dih.          LJ-14
    1.76967e+03    4.97334e+03    5.34781e+03    2.83676e+02    2.00537e+03
     Coulomb-14        LJ (SR)  Disper. corr.   Coulomb (SR)   Coul. recip.
    3.19910e+04    3.72579e+04   -2.94290e+03   -3.73123e+05    2.07523e+03
      Potential    Kinetic En.   Total Energy  Conserved En.    Temperature
   -2.90362e+05    5.52508e+04   -2.35111e+05   -2.31725e+05    3.02169e+02
 Pres. DC (bar) Pressure (bar)   Constr. rmsd
   -2.29376e+02   -1.02249e+02    3.12357e-06

           Step           Time
         425000      850.00000

   Energies (kJ/mol)
           Bond          Angle    Proper Dih. Per. Imp. Dih.          LJ-14
    1.79725e+03    5.10633e+03    5.34847e+03    2.61718e+02    1.93643e+03
     Coulomb-14        LJ (SR)  Disper. corr.   Coulomb (SR)   Coul. recip.
    3.17979e+04    3.54006e+04   -2.93154e+03   -3.71127e+05    2.26326e+03
      Potential    Kinetic En.   Total Energy  Conserved En.    Temperature
   -2.90147e+05    5.48656e+04   -2.35281e+05   -2.31635e+05    3.00062e+02
 Pres. DC (bar) Pressure (bar)   Constr. rmsd
   -2.27611e+02   -3.63270e+02    3.06582e-06

           Step           Time
         430000      860.00000

   Energies (kJ/mol)
           Bond          Angle    Proper Dih. Per. Imp. Dih.          LJ-14
    1.69815e+03    5.01651e+03    5.30355e+03    3.00807e+02    2.04782e+03
     Coulomb-14        LJ (SR)  Disper. corr.   Coulomb (SR)   Coul. recip.
    3.18435e+04    3.75258e+04   -2.92855e+03   -3.74340e+05    2.19556e+03
      Potential    Kinetic En.   Total Energy  Conserved En.    Temperature
   -2.91337e+05    5.51286e+04   -2.36208e+05   -2.31563e+05    3.01501e+02
 Pres. DC (bar) Pressure (bar)   Constr. rmsd
   -2.27147e+02    2.10932e+02    3.06953e-06

           Step           Time
         435000      870.00000

   Energies (kJ/mol)
           Bond          Angle    Proper Dih. Per. Imp. Dih.          LJ-14
    1.69710e+03    5.02772e+03    5.30869e+03    2.88601e+02    1.94253e+03
     Coulomb-14        LJ (SR)  Disper. corr.   Coulomb (SR)   Coul. recip.
    3.19016e+04    3.69028e+04   -2.94137e+03   -3.74240e+05    2.10858e+03
      Potential    Kinetic En.   Total Energy  Conserved En.    Temperature
   -2.92003e+05    5.41081e+04   -2.37895e+05   -2.31476e+05    2.95919e+02
 Pres. DC (bar) Pressure (bar)   Constr. rmsd
   -2.29137e+02   -2.59700e+01    3.23443e-06

           Step           Time
         440000      880.00000

   Energies (kJ/mol)
           Bond          Angle    Proper Dih. Per. Imp. Dih.          LJ-14
    1.72637e+03    5.00083e+03    5.30003e+03    2.77302e+02    1.97358e+03
     Coulomb-14        LJ (SR)  Disper. corr.   Coulomb (SR)   Coul. recip.
    3.16853e+04    3.65590e+04   -2.92415e+03   -3.72680e+05    2.09078e+03
      Potential    Kinetic En.   Total Energy  Conserved En.    Temperature
   -2.90991e+05    5.46471e+04   -2.36344e+05   -2.31440e+05    2.98867e+02
 Pres. DC (bar) Pressure (bar)   Constr. rmsd
   -2.26467e+02   -1.01180e+02    3.12304e-06

           Step           Time
         445000      890.00000

   Energies (kJ/mol)
           Bond          Angle    Proper Dih. Per. Imp. Dih.          LJ-14
    1.57630e+03    4.90398e+03    5.45607e+03    2.91699e+02    2.02612e+03
     Coulomb-14        LJ (SR)  Disper. corr.   Coulomb (SR)   Coul. recip.
    3.19831e+04    3.67015e+04   -2.95085e+03   -3.73719e+05    2.23190e+03
      Potential    Kinetic En.   Total Energy  Conserved En.    Temperature
   -2.91499e+05    5.48224e+04   -2.36677e+05   -2.31376e+05    2.99826e+02
 Pres. DC (bar) Pressure (bar)   Constr. rmsd
   -2.30616e+02   -9.79823e+01    2.93153e-06

           Step           Time
         450000      900.00000

   Energies (kJ/mol)
           Bond          Angle    Proper Dih. Per. Imp. Dih.          LJ-14
    1.67307e+03    5.20084e+03    5.34722e+03    2.88073e+02    1.95035e+03
     Coulomb-14        LJ (SR)  Disper. corr.   Coulomb (SR)   Coul. recip.
    3.16926e+04    3.67217e+04   -2.95451e+03   -3.73252e+05    2.25741e+03
      Potential    Kinetic En.   Total Energy  Conserved En.    Temperature
   -2.91075e+05    5.47323e+04   -2.36343e+05   -2.31282e+05    2.99333e+02
 Pres. DC (bar) Pressure (bar)   Constr. rmsd
   -2.31188e+02   -1.47047e+02    3.61845e-06

           Step           Time
         455000      910.00000

   Energies (kJ/mol)
           Bond          Angle    Proper Dih. Per. Imp. Dih.          LJ-14
    1.79300e+03    4.97373e+03    5.32585e+03    2.62445e+02    2.00493e+03
     Coulomb-14        LJ (SR)  Disper. corr.   Coulomb (SR)   Coul. recip.
    3.16799e+04    3.69953e+04   -2.93550e+03   -3.73718e+05    2.12130e+03
      Potential    Kinetic En.   Total Energy  Conserved En.    Temperature
   -2.91497e+05    5.49853e+04   -2.36511e+05   -2.31226e+05    3.00717e+02
 Pres. DC (bar) Pressure (bar)   Constr. rmsd
   -2.28225e+02    1.60776e+02    3.44620e-06

           Step           Time
         460000      920.00000

   Energies (kJ/mol)
           Bond          Angle    Proper Dih. Per. Imp. Dih.          LJ-14
    1.75509e+03    4.97547e+03    5.39612e+03    3.01074e+02    2.01100e+03
     Coulomb-14        LJ (SR)  Disper. corr.   Coulomb (SR)   Coul. recip.
    3.17231e+04    3.71715e+04   -2.94815e+03   -3.74898e+05    2.10117e+03
      Potential    Kinetic En.   Total Energy  Conserved En.    Temperature
   -2.92412e+05    5.47976e+04   -2.37614e+05   -2.31136e+05    2.99690e+02
 Pres. DC (bar) Pressure (bar)   Constr. rmsd
   -2.30194e+02    4.43195e+01    3.39727e-06

           Step           Time
         465000      930.00000

   Energies (kJ/mol)
           Bond          Angle    Proper Dih. Per. Imp. Dih.          LJ-14
    1.76430e+03    5.05652e+03    5.28714e+03    3.34010e+02    2.00872e+03
     Coulomb-14        LJ (SR)  Disper. corr.   Coulomb (SR)   Coul. recip.
    3.17068e+04    3.74491e+04   -2.96416e+03   -3.74147e+05    2.18719e+03
      Potential    Kinetic En.   Total Energy  Conserved En.    Temperature
   -2.91317e+05    5.51776e+04   -2.36140e+05   -2.31061e+05    3.01768e+02
 Pres. DC (bar) Pressure (bar)   Constr. rmsd
   -2.32698e+02    2.16441e+02    2.85371e-06

           Step           Time
         470000      940.00000

   Energies (kJ/mol)
           Bond          Angle    Proper Dih. Per. Imp. Dih.          LJ-14
    1.69239e+03    5.08574e+03    5.39469e+03    3.15577e+02    1.91268e+03
     Coulomb-14        LJ (SR)  Disper. corr.   Coulomb (SR)   Coul. recip.
    3.16195e+04    3.67421e+04   -2.94048e+03   -3.73315e+05    2.16714e+03
      Potential    Kinetic En.   Total Energy  Conserved En.    Temperature
   -2.91326e+05    5.45613e+04   -2.36765e+05   -2.31002e+05    2.98398e+02
 Pres. DC (bar) Pressure (bar)   Constr. rmsd
   -2.29000e+02   -2.12921e+02    3.12432e-06

Writing checkpoint, step 471200 at Wed Dec 20 12:44:07 2023


           Step           Time
         475000      950.00000

   Energies (kJ/mol)
           Bond          Angle    Proper Dih. Per. Imp. Dih.          LJ-14
    1.57977e+03    5.19832e+03    5.38238e+03    3.02493e+02    1.97958e+03
     Coulomb-14        LJ (SR)  Disper. corr.   Coulomb (SR)   Coul. recip.
    3.17888e+04    3.77336e+04   -2.95032e+03   -3.74142e+05    2.12349e+03
      Potential    Kinetic En.   Total Energy  Conserved En.    Temperature
   -2.91004e+05    5.50152e+04   -2.35989e+05   -2.30937e+05    3.00880e+02
 Pres. DC (bar) Pressure (bar)   Constr. rmsd
   -2.30533e+02    2.98761e+02    3.11853e-06

           Step           Time
         480000      960.00000

   Energies (kJ/mol)
           Bond          Angle    Proper Dih. Per. Imp. Dih.          LJ-14
    1.77060e+03    4.83561e+03    5.38421e+03    2.80853e+02    1.99669e+03
     Coulomb-14        LJ (SR)  Disper. corr.   Coulomb (SR)   Coul. recip.
    3.17276e+04    3.73237e+04   -2.94046e+03   -3.73451e+05    2.16053e+03
      Potential    Kinetic En.   Total Energy  Conserved En.    Temperature
   -2.90912e+05    5.43668e+04   -2.36545e+05   -2.30851e+05    2.97334e+02
 Pres. DC (bar) Pressure (bar)   Constr. rmsd
   -2.28996e+02    5.69505e+01    3.14119e-06

           Step           Time
         485000      970.00000

   Energies (kJ/mol)
           Bond          Angle    Proper Dih. Per. Imp. Dih.          LJ-14
    1.69686e+03    4.98540e+03    5.33397e+03    2.61410e+02    2.01209e+03
     Coulomb-14        LJ (SR)  Disper. corr.   Coulomb (SR)   Coul. recip.
    3.19001e+04    3.66405e+04   -2.93803e+03   -3.73589e+05    2.09631e+03
      Potential    Kinetic En.   Total Energy  Conserved En.    Temperature
   -2.91600e+05    5.52178e+04   -2.36382e+05   -2.30793e+05    3.01988e+02
 Pres. DC (bar) Pressure (bar)   Constr. rmsd
   -2.28618e+02    1.61432e+01    3.16501e-06

           Step           Time
         490000      980.00000

   Energies (kJ/mol)
           Bond          Angle    Proper Dih. Per. Imp. Dih.          LJ-14
    1.66592e+03    4.89217e+03    5.39976e+03    2.77596e+02    1.93961e+03
     Coulomb-14        LJ (SR)  Disper. corr.   Coulomb (SR)   Coul. recip.
    3.19096e+04    3.67701e+04   -2.96225e+03   -3.73849e+05    2.10918e+03
      Potential    Kinetic En.   Total Energy  Conserved En.    Temperature
   -2.91847e+05    5.45805e+04   -2.37267e+05   -2.30713e+05    2.98503e+02
 Pres. DC (bar) Pressure (bar)   Constr. rmsd
   -2.32399e+02   -3.36565e+02    3.13260e-06

           Step           Time
         495000      990.00000

   Energies (kJ/mol)
           Bond          Angle    Proper Dih. Per. Imp. Dih.          LJ-14
    1.67223e+03    5.07342e+03    5.33621e+03    2.89919e+02    2.01020e+03
     Coulomb-14        LJ (SR)  Disper. corr.   Coulomb (SR)   Coul. recip.
    3.18953e+04    3.67190e+04   -2.93185e+03   -3.73324e+05    2.16915e+03
      Potential    Kinetic En.   Total Energy  Conserved En.    Temperature
   -2.91090e+05    5.43575e+04   -2.36733e+05   -2.30634e+05    2.97283e+02
 Pres. DC (bar) Pressure (bar)   Constr. rmsd
   -2.27659e+02   -2.00514e+02    2.69233e-06

           Step           Time
         500000     1000.00000

Writing checkpoint, step 500000 at Wed Dec 20 12:46:44 2023


   Energies (kJ/mol)
           Bond          Angle    Proper Dih. Per. Imp. Dih.          LJ-14
    1.64359e+03    5.12941e+03    5.41077e+03    2.48134e+02    1.99583e+03
     Coulomb-14        LJ (SR)  Disper. corr.   Coulomb (SR)   Coul. recip.
    3.19393e+04    3.64373e+04   -2.93847e+03   -3.73217e+05    2.14582e+03
      Potential    Kinetic En.   Total Energy  Conserved En.    Temperature
   -2.91205e+05    5.54375e+04   -2.35768e+05   -2.30599e+05    3.03190e+02
 Pres. DC (bar) Pressure (bar)   Constr. rmsd
   -2.28687e+02   -3.63925e+02    3.46887e-06


Energy conservation over simulation part #1 of length 1000 ps, time 0 to 1000 ps
  Conserved energy drift: 3.17e-04 kJ/mol/ps per atom


	<======  ###############  ==>
	<====  A V E R A G E S  ====>
	<==  ###############  ======>

	Statistics over 500001 steps using 5001 frames

   Energies (kJ/mol)
           Bond          Angle    Proper Dih. Per. Imp. Dih.          LJ-14
    1.69684e+03    5.03477e+03    5.39801e+03    2.79929e+02    1.97684e+03
     Coulomb-14        LJ (SR)  Disper. corr.   Coulomb (SR)   Coul. recip.
    3.17357e+04    3.70456e+04   -2.93929e+03   -3.73546e+05    2.15846e+03
      Potential    Kinetic En.   Total Energy  Conserved En.    Temperature
   -2.91159e+05    5.48511e+04   -2.36308e+05   -2.33987e+05    2.99983e+02
 Pres. DC (bar) Pressure (bar)   Constr. rmsd
   -2.28818e+02    1.55474e+00    0.00000e+00

          Box-X          Box-Y          Box-Z
    6.70936e+00    6.70936e+00    4.74424e+00

   Total Virial (kJ/mol)
    1.83040e+04    2.28327e+01    2.43126e+01
    2.28214e+01    1.82745e+04   -2.57864e+01
    2.41412e+01   -2.59455e+01    1.82478e+04

   Pressure (bar)
   -1.85093e+00   -2.92052e+00   -1.99101e+00
   -2.91875e+00    1.58566e+00   -3.31301e-01
   -1.96434e+00   -3.06567e-01    4.92950e+00

      T-Protein  T-non-Protein
    3.00023e+02    2.99977e+02


	M E G A - F L O P S   A C C O U N T I N G

 NB=Group-cutoff nonbonded kernels    NxN=N-by-N cluster Verlet kernels
 RF=Reaction-Field  VdW=Van der Waals  QSTab=quadratic-spline table
 W3=SPC/TIP3p  W4=TIP4p (single or pairs)
 V&F=Potential and force  V=Potential only  F=Force only

 Computing:                               M-Number         M-Flops  % Flops
-----------------------------------------------------------------------------
 Pair Search distance check           70251.103578      632259.932     0.3
 NxN QSTab Elec. + LJ [F]           2949849.247208   120943819.136    54.1
 NxN QSTab Elec. + LJ [V&F]           29802.997824     1758376.872     0.8
 NxN QSTab Elec. [F]                2353954.360120    80034448.244    35.8
 NxN QSTab Elec. [V&F]                23783.050256      975105.060     0.4
 1,4 nonbonded interactions            2876.505753      258885.518     0.1
 Calc Weights                         32121.064242     1156358.313     0.5
 Spread Q Bspline                    685249.370496     1370498.741     0.6
 Gather F Bspline                    685249.370496     4111496.223     1.8
 3D-FFT                             1198520.397036     9588163.176     4.3
 Solve PME                              882.001764       56448.113     0.0
 Reset In Box                           214.140000         642.420     0.0
 CG-CoM                                 214.161414         642.484     0.0
 Bonds                                  565.001130       33335.067     0.0
 Angles                                2001.504003      336252.673     0.2
 Propers                               3091.506183      707954.916     0.3
 Impropers                              211.500423       43992.088     0.0
 Virial                                1072.971459       19313.486     0.0
 Stop-CM                                107.091414        1070.914     0.0
 Calc-Ekin                             2141.442828       57818.956     0.0
 Lincs                                  540.001080       32400.065     0.0
 Lincs-Mat                             2940.005880       11760.024     0.0
 Constraint-V                         10668.021336       96012.192     0.0
 Constraint-Vir                        1012.820256       24307.686     0.0
 Settle                                3196.006392     1182522.365     0.5
-----------------------------------------------------------------------------
 Total                                               223433884.663   100.0
-----------------------------------------------------------------------------


    D O M A I N   D E C O M P O S I T I O N   S T A T I S T I C S

 av. #atoms communicated per step for force:  2 x 0.0


     R E A L   C Y C L E   A N D   T I M E   A C C O U N T I N G

On 1 MPI rank, each using 16 OpenMP threads

 Computing:          Num   Num      Call    Wall time         Giga-Cycles
                     Ranks Threads  Count      (s)         total sum    %
-----------------------------------------------------------------------------
 Domain decomp.         1   16      10000      33.531        910.332   1.2
 Neighbor search        1   16      10001      61.324       1664.880   2.1
 Force                  1   16     500001    2038.014      55329.897  71.3
 PME mesh               1   16     500001     500.962      13600.584  17.5
 NB X/F buffer ops.     1   16     990001     117.796       3198.031   4.1
 Write traj.            1   16        104       0.487         13.211   0.0
 Update                 1   16     500001      45.795       1243.281   1.6
 Constraints            1   16     500001      41.446       1125.219   1.5
 Rest                                          17.038        462.577   0.6
-----------------------------------------------------------------------------
 Total                                       2856.393      77548.013 100.0
-----------------------------------------------------------------------------
 Breakdown of PME mesh computation
-----------------------------------------------------------------------------
 PME spread             1   16     500001     222.569       6042.519   7.8
 PME gather             1   16     500001     128.602       3491.395   4.5
 PME 3D-FFT             1   16    1000002     127.016       3448.360   4.4
 PME solve Elec         1   16     500001      18.893        512.921   0.7
-----------------------------------------------------------------------------

               Core t (s)   Wall t (s)        (%)
       Time:    45702.281     2856.393     1600.0
                         47:36
                 (ns/day)    (hour/ns)
Performance:       30.248        0.793
Finished mdrun on rank 0 Wed Dec 20 12:46:44 2023

