                  :-) GROMACS - gmx mdrun, 2022.3-Fedora38 (-:

Copyright 1991-2022 The GROMACS Authors.
GROMACS is free software; you can redistribute it and/or modify it
under the terms of the GNU Lesser General Public License
as published by the Free Software Foundation; either version 2.1
of the License, or (at your option) any later version.

                         Current GROMACS contributors:
       Mark Abraham           Andrey Alekseenko           Cathrine Bergh      
      Christian Blau            Eliane Briand               Kevin Boyd        
     Oliver Fleetwood         Stefan Fleischmann           Vytas Gapsys       
       Gaurav Garg           Gilles Gouaillardet            Alan Gray         
      Victor Holanda           M. Eric Irrgang              Joe Jordan        
    Christoph Junghans        Prashanth Kanduri           Sebastian Kehl      
     Sebastian Keller          Carsten Kutzner           Magnus Lundborg      
       Pascal Merz              Dmitry Morozov             Szilard Pall       
      Roland Schulz             Michael Shirts         David van der Spoel    
     Alessandra Villa      Sebastian Wingbermuehle        Artem Zhmurov       

                         Previous GROMACS contributors:
        Emile Apol             Rossen Apostolov           James Barnett       
  Herman J.C. Berendsen          Par Bjelkmar           Viacheslav Bolnykh    
    Aldert van Buuren          Carlo Camilloni           Rudi van Drunen      
      Anton Feenstra           Gerrit Groenhof            Bert de Groot       
      Anca Hamuraru           Vincent Hindriksen         Aleksei Iupinov      
   Dimitrios Karkoulis           Peter Kasson               Jiri Kraus        
       Per Larsson             Justin A. Lemkul           Viveca Lindahl      
      Erik Marklund           Pieter Meulenhoff           Vedran Miletic      
      Teemu Murtola              Sander Pronk            Alexey Shvetsov      
      Alfons Sijbers            Peter Tieleman             Jon Vincent        
     Teemu Virolainen         Christian Wennberg           Maarten Wolf       

                  Coordinated by the GROMACS project leaders:
                    Paul Bauer, Berk Hess, and Erik Lindahl

GROMACS:      gmx mdrun, version 2022.3-Fedora38
Executable:   /usr/bin/gmx
Data prefix:  /usr
Working dir:  /home/krir17/Krishna/Academics/Projects/PKM_dec2023/Atomistic
Process ID:   11366
Command line:
  gmx mdrun -deffnm npt

GROMACS version:    2022.3-Fedora38
Precision:          mixed
Memory model:       64 bit
MPI library:        thread_mpi
OpenMP support:     enabled (GMX_OPENMP_MAX_THREADS = 128)
GPU support:        OpenCL
SIMD instructions:  SSE2
CPU FFT library:    fftw-3.3.10-sse2-avx-avx2-avx2_128
GPU FFT library:    clFFT
RDTSCP usage:       disabled
TNG support:        enabled
Hwloc support:      disabled
Tracing support:    disabled
C compiler:         /usr/bin/gcc GNU 13.0.1
C compiler flags:   -msse2 -Wno-missing-field-initializers -fexcess-precision=fast -funroll-all-loops -DNDEBUG
C++ compiler:       /usr/bin/g++ GNU 13.0.1
C++ compiler flags: -msse2 -Wno-missing-field-initializers -fexcess-precision=fast -funroll-all-loops -fopenmp -DNDEBUG
OpenCL include dir: /usr/include
OpenCL library:     /usr/lib64/libOpenCL.so
OpenCL version:     3.0


Running on 1 node with total 8 cores, 16 processing units (GPU detection failed)
Hardware detected:
  CPU info:
    Vendor: AMD
    Brand:  AMD Ryzen 7 PRO 4750U with Radeon Graphics
    Family: 23   Model: 96   Stepping: 1
    Features: aes amd apic avx avx2 clfsh cmov cx8 cx16 f16c fma htt lahf misalignsse mmx msr nonstop_tsc pclmuldq pdpe1gb popcnt pse rdrnd rdtscp sha sse2 sse3 sse4a sse4.1 sse4.2 ssse3
  Hardware topology: Basic
    Packages, cores, and logical processors:
    [indices refer to OS logical processors]
      Package  0: [   0   1] [   2   3] [   4   5] [   6   7] [   8   9] [  10  11] [  12  13] [  14  15]
    CPU limit set by OS: -1   Recommended max number of threads: 16

Highest SIMD level supported by all nodes in run: AVX2_256
SIMD instructions selected at compile time:       SSE2
This program was compiled for different hardware than you are running on,
which could influence performance.
The current CPU can measure timings more accurately than the code in
gmx mdrun was configured to use. This might affect your simulation
speed as accurate timings are needed for load-balancing.
Please consider rebuilding gmx mdrun with the GMX_USE_RDTSCP=ON CMake option.

++++ PLEASE READ AND CITE THE FOLLOWING REFERENCE ++++
M. J. Abraham, T. Murtola, R. Schulz, S. Páll, J. C. Smith, B. Hess, E.
Lindahl
GROMACS: High performance molecular simulations through multi-level
parallelism from laptops to supercomputers
SoftwareX 1 (2015) pp. 19-25
-------- -------- --- Thank You --- -------- --------


++++ PLEASE READ AND CITE THE FOLLOWING REFERENCE ++++
S. Páll, M. J. Abraham, C. Kutzner, B. Hess, E. Lindahl
Tackling Exascale Software Challenges in Molecular Dynamics Simulations with
GROMACS
In S. Markidis & E. Laure (Eds.), Solving Software Challenges for Exascale 8759 (2015) pp. 3-27
-------- -------- --- Thank You --- -------- --------


++++ PLEASE READ AND CITE THE FOLLOWING REFERENCE ++++
S. Pronk, S. Páll, R. Schulz, P. Larsson, P. Bjelkmar, R. Apostolov, M. R.
Shirts, J. C. Smith, P. M. Kasson, D. van der Spoel, B. Hess, and E. Lindahl
GROMACS 4.5: a high-throughput and highly parallel open source molecular
simulation toolkit
Bioinformatics 29 (2013) pp. 845-54
-------- -------- --- Thank You --- -------- --------


++++ PLEASE READ AND CITE THE FOLLOWING REFERENCE ++++
B. Hess and C. Kutzner and D. van der Spoel and E. Lindahl
GROMACS 4: Algorithms for highly efficient, load-balanced, and scalable
molecular simulation
J. Chem. Theory Comput. 4 (2008) pp. 435-447
-------- -------- --- Thank You --- -------- --------


++++ PLEASE READ AND CITE THE FOLLOWING REFERENCE ++++
D. van der Spoel, E. Lindahl, B. Hess, G. Groenhof, A. E. Mark and H. J. C.
Berendsen
GROMACS: Fast, Flexible and Free
J. Comp. Chem. 26 (2005) pp. 1701-1719
-------- -------- --- Thank You --- -------- --------


++++ PLEASE READ AND CITE THE FOLLOWING REFERENCE ++++
E. Lindahl and B. Hess and D. van der Spoel
GROMACS 3.0: A package for molecular simulation and trajectory analysis
J. Mol. Mod. 7 (2001) pp. 306-317
-------- -------- --- Thank You --- -------- --------


++++ PLEASE READ AND CITE THE FOLLOWING REFERENCE ++++
H. J. C. Berendsen, D. van der Spoel and R. van Drunen
GROMACS: A message-passing parallel molecular dynamics implementation
Comp. Phys. Comm. 91 (1995) pp. 43-56
-------- -------- --- Thank You --- -------- --------

Input Parameters:
   integrator                     = md
   tinit                          = 0
   dt                             = 0.002
   nsteps                         = 50000
   init-step                      = 0
   simulation-part                = 1
   mts                            = false
   comm-mode                      = Linear
   nstcomm                        = 100
   bd-fric                        = 0
   ld-seed                        = -1126221953
   emtol                          = 10
   emstep                         = 0.01
   niter                          = 20
   fcstep                         = 0
   nstcgsteep                     = 1000
   nbfgscorr                      = 10
   rtpi                           = 0.05
   nstxout                        = 500
   nstvout                        = 500
   nstfout                        = 0
   nstlog                         = 500
   nstcalcenergy                  = 100
   nstenergy                      = 500
   nstxout-compressed             = 0
   compressed-x-precision         = 1000
   cutoff-scheme                  = Verlet
   nstlist                        = 10
   pbc                            = xyz
   periodic-molecules             = false
   verlet-buffer-tolerance        = 0.005
   rlist                          = 1
   coulombtype                    = PME
   coulomb-modifier               = Potential-shift
   rcoulomb-switch                = 0
   rcoulomb                       = 1
   epsilon-r                      = 1
   epsilon-rf                     = inf
   vdw-type                       = Cut-off
   vdw-modifier                   = Potential-shift
   rvdw-switch                    = 0
   rvdw                           = 1
   DispCorr                       = EnerPres
   table-extension                = 1
   fourierspacing                 = 0.16
   fourier-nx                     = 44
   fourier-ny                     = 44
   fourier-nz                     = 44
   pme-order                      = 4
   ewald-rtol                     = 1e-05
   ewald-rtol-lj                  = 0.001
   lj-pme-comb-rule               = Geometric
   ewald-geometry                 = 3d
   epsilon-surface                = 0
   tcoupl                         = V-rescale
   nsttcouple                     = 10
   nh-chain-length                = 0
   print-nose-hoover-chain-variables = false
   pcoupl                         = Parrinello-Rahman
   pcoupltype                     = Isotropic
   nstpcouple                     = 10
   tau-p                          = 2
   compressibility (3x3):
      compressibility[    0]={ 4.50000e-05,  0.00000e+00,  0.00000e+00}
      compressibility[    1]={ 0.00000e+00,  4.50000e-05,  0.00000e+00}
      compressibility[    2]={ 0.00000e+00,  0.00000e+00,  4.50000e-05}
   ref-p (3x3):
      ref-p[    0]={ 1.00000e+00,  0.00000e+00,  0.00000e+00}
      ref-p[    1]={ 0.00000e+00,  1.00000e+00,  0.00000e+00}
      ref-p[    2]={ 0.00000e+00,  0.00000e+00,  1.00000e+00}
   refcoord-scaling               = COM
   posres-com (3):
      posres-com[0]= 4.98986e-01
      posres-com[1]= 5.03832e-01
      posres-com[2]= 4.95295e-01
   posres-comB (3):
      posres-comB[0]= 4.98986e-01
      posres-comB[1]= 5.03832e-01
      posres-comB[2]= 4.95295e-01
   QMMM                           = false
qm-opts:
   ngQM                           = 0
   constraint-algorithm           = Lincs
   continuation                   = true
   Shake-SOR                      = false
   shake-tol                      = 0.0001
   lincs-order                    = 4
   lincs-iter                     = 1
   lincs-warnangle                = 30
   nwall                          = 0
   wall-type                      = 9-3
   wall-r-linpot                  = -1
   wall-atomtype[0]               = -1
   wall-atomtype[1]               = -1
   wall-density[0]                = 0
   wall-density[1]                = 0
   wall-ewald-zfac                = 3
   pull                           = false
   awh                            = false
   rotation                       = false
   interactiveMD                  = false
   disre                          = No
   disre-weighting                = Conservative
   disre-mixed                    = false
   dr-fc                          = 1000
   dr-tau                         = 0
   nstdisreout                    = 100
   orire-fc                       = 0
   orire-tau                      = 0
   nstorireout                    = 100
   free-energy                    = no
   cos-acceleration               = 0
   deform (3x3):
      deform[    0]={ 0.00000e+00,  0.00000e+00,  0.00000e+00}
      deform[    1]={ 0.00000e+00,  0.00000e+00,  0.00000e+00}
      deform[    2]={ 0.00000e+00,  0.00000e+00,  0.00000e+00}
   simulated-tempering            = false
   swapcoords                     = no
   userint1                       = 0
   userint2                       = 0
   userint3                       = 0
   userint4                       = 0
   userreal1                      = 0
   userreal2                      = 0
   userreal3                      = 0
   userreal4                      = 0
   applied-forces:
     electric-field:
       x:
         E0                       = 0
         omega                    = 0
         t0                       = 0
         sigma                    = 0
       y:
         E0                       = 0
         omega                    = 0
         t0                       = 0
         sigma                    = 0
       z:
         E0                       = 0
         omega                    = 0
         t0                       = 0
         sigma                    = 0
     density-guided-simulation:
       active                     = false
       group                      = protein
       similarity-measure         = inner-product
       atom-spreading-weight      = unity
       force-constant             = 1e+09
       gaussian-transform-spreading-width = 0.2
       gaussian-transform-spreading-range-in-multiples-of-width = 4
       reference-density-filename = reference.mrc
       nst                        = 1
       normalize-densities        = true
       adaptive-force-scaling     = false
       adaptive-force-scaling-time-constant = 4
       shift-vector               = 
       transformation-matrix      = 
     qmmm-cp2k:
       active                     = false
       qmgroup                    = System
       qmmethod                   = PBE
       qmfilenames                = 
       qmcharge                   = 0
       qmmultiplicity             = 1
grpopts:
   nrdf:     5495.62     38487.4
   ref-t:         300         300
   tau-t:         0.1         0.1
annealing:          No          No
annealing-npoints:           0           0
   acc:	           0           0           0
   nfreeze:           N           N           N
   energygrp-flags[  0]: 0

Changing nstlist from 10 to 50, rlist from 1 to 1.103


Initializing Domain Decomposition on 1 ranks
Dynamic load balancing: auto
Using update groups, nr 7550, average size 2.8 atoms, max. radius 0.104 nm
Minimum cell size due to atom displacement: 0.400 nm
Initial maximum distances in bonded interactions:
    two-body bonded interactions: 0.466 nm, LJ-14, atoms 826 2094
  multi-body bonded interactions: 0.466 nm, Proper Dih., atoms 826 2094
Minimum cell size due to bonded interactions: 0.512 nm
Using 0 separate PME ranks because: there are too few total ranks for efficient splitting
Optimizing the DD grid for 1 cells with a minimum initial size of 0.512 nm
The maximum allowed number of cells is: X 10 Y 10 Z 9
Domain decomposition grid 1 x 1 x 1, separate PME ranks 0
PME domain decomposition: 1 x 1 x 1

The initial number of communication pulses is:
The initial domain decomposition cell size is:

The maximum allowed distance for atom groups involved in interactions is:
                 non-bonded interactions           1.311 nm
(the following are initial values, they could change due to box deformation)
            two-body bonded interactions  (-rdd)   1.311 nm
          multi-body bonded interactions  (-rdd)   1.311 nm

When dynamic load balancing gets turned on, these settings will change to:
The maximum number of communication pulses is:
The minimum size for domain decomposition cells is 1.311 nm
The requested allowed shrink of DD cells (option -dds) is: 0.80
The allowed shrink of domain decomposition cells is:
The maximum allowed distance for atom groups involved in interactions is:
                 non-bonded interactions           1.311 nm
            two-body bonded interactions  (-rdd)   1.311 nm
          multi-body bonded interactions  (-rdd)   1.311 nm

Using 1 MPI thread
Using 16 OpenMP threads 

Pinning threads with an auto-selected logical cpu stride of 1
System total charge: -0.000
Will do PME sum in reciprocal space for electrostatic interactions.

++++ PLEASE READ AND CITE THE FOLLOWING REFERENCE ++++
U. Essmann, L. Perera, M. L. Berkowitz, T. Darden, H. Lee and L. G. Pedersen 
A smooth particle mesh Ewald method
J. Chem. Phys. 103 (1995) pp. 8577-8592
-------- -------- --- Thank You --- -------- --------

Using a Gaussian width (1/beta) of 0.320163 nm for Ewald
Potential shift: LJ r^-12: -1.000e+00 r^-6: -1.000e+00, Ewald -1.000e-05
Initialized non-bonded Coulomb Ewald tables, spacing: 9.33e-04 size: 1073

Generated table with 1051 data points for 1-4 COUL.
Tabscale = 500 points/nm
Generated table with 1051 data points for 1-4 LJ6.
Tabscale = 500 points/nm
Generated table with 1051 data points for 1-4 LJ12.
Tabscale = 500 points/nm
Long Range LJ corr.: <C6> 3.2719e-04


Using SIMD 4x4 nonbonded short-range kernels

Using a dual 4x4 pair-list setup updated with dynamic pruning:
  outer list: updated every 50 steps, buffer 0.103 nm, rlist 1.103 nm
  inner list: updated every 13 steps, buffer 0.003 nm, rlist 1.003 nm
At tolerance 0.005 kJ/mol/ps per atom, equivalent classical 1x1 list would be:
  outer list: updated every 50 steps, buffer 0.229 nm, rlist 1.229 nm
  inner list: updated every 13 steps, buffer 0.051 nm, rlist 1.051 nm

Using Lorentz-Berthelot Lennard-Jones combination rule

Linking all bonded interactions to atoms


Initializing LINear Constraint Solver

++++ PLEASE READ AND CITE THE FOLLOWING REFERENCE ++++
B. Hess and H. Bekker and H. J. C. Berendsen and J. G. E. M. Fraaije
LINCS: A Linear Constraint Solver for molecular simulations
J. Comp. Chem. 18 (1997) pp. 1463-1472
-------- -------- --- Thank You --- -------- --------

The number of constraints is 1080

++++ PLEASE READ AND CITE THE FOLLOWING REFERENCE ++++
S. Miyamoto and P. A. Kollman
SETTLE: An Analytical Version of the SHAKE and RATTLE Algorithms for Rigid
Water Models
J. Comp. Chem. 13 (1992) pp. 952-962
-------- -------- --- Thank You --- -------- --------


++++ PLEASE READ AND CITE THE FOLLOWING REFERENCE ++++
G. Bussi, D. Donadio and M. Parrinello
Canonical sampling through velocity rescaling
J. Chem. Phys. 126 (2007) pp. 014101
-------- -------- --- Thank You --- -------- --------

There are: 21414 Atoms

Atom distribution over 1 domains: av 21414 stddev 0 min 21414 max 21414
Center of mass motion removal mode is Linear
We have the following groups for center of mass motion removal:
  0:  rest

Started mdrun on rank 0 Wed Dec 20 11:30:08 2023

           Step           Time
              0        0.00000

   Energies (kJ/mol)
           Bond          Angle    Proper Dih. Per. Imp. Dih.          LJ-14
    1.54343e+03    5.19772e+03    5.81192e+03    3.15443e+02    2.02921e+03
     Coulomb-14        LJ (SR)  Disper. corr.   Coulomb (SR)   Coul. recip.
    3.19718e+04    3.54988e+04   -2.87983e+03   -3.70074e+05    2.33939e+03
 Position Rest.      Potential    Kinetic En.   Total Energy  Conserved En.
    1.39046e-01   -2.88246e+05    5.44830e+04   -2.33763e+05   -2.33750e+05
    Temperature Pres. DC (bar) Pressure (bar)   Constr. rmsd
    2.97970e+02   -2.19661e+02   -2.66090e+02    3.36740e-06

           Step           Time
            500        1.00000

   Energies (kJ/mol)
           Bond          Angle    Proper Dih. Per. Imp. Dih.          LJ-14
    1.73989e+03    5.18054e+03    5.70936e+03    3.00849e+02    2.02869e+03
     Coulomb-14        LJ (SR)  Disper. corr.   Coulomb (SR)   Coul. recip.
    3.19634e+04    3.69100e+04   -2.95212e+03   -3.72146e+05    2.14583e+03
 Position Rest.      Potential    Kinetic En.   Total Energy  Conserved En.
    5.88941e+02   -2.88530e+05    5.55584e+04   -2.32972e+05   -2.33737e+05
    Temperature Pres. DC (bar) Pressure (bar)   Constr. rmsd
    3.03851e+02   -2.30814e+02    3.59213e+01    3.22251e-06

           Step           Time
           1000        2.00000

   Energies (kJ/mol)
           Bond          Angle    Proper Dih. Per. Imp. Dih.          LJ-14
    1.60969e+03    5.20420e+03    5.78354e+03    2.74588e+02    1.99596e+03
     Coulomb-14        LJ (SR)  Disper. corr.   Coulomb (SR)   Coul. recip.
    3.18157e+04    3.67475e+04   -2.95313e+03   -3.72990e+05    2.19035e+03
 Position Rest.      Potential    Kinetic En.   Total Energy  Conserved En.
    5.73124e+02   -2.89749e+05    5.48162e+04   -2.34933e+05   -2.33733e+05
    Temperature Pres. DC (bar) Pressure (bar)   Constr. rmsd
    2.99792e+02   -2.30972e+02   -5.56040e+01    3.25978e-06

           Step           Time
           1500        3.00000

   Energies (kJ/mol)
           Bond          Angle    Proper Dih. Per. Imp. Dih.          LJ-14
    1.77410e+03    5.01973e+03    5.73414e+03    3.03155e+02    2.08272e+03
     Coulomb-14        LJ (SR)  Disper. corr.   Coulomb (SR)   Coul. recip.
    3.19100e+04    3.70101e+04   -2.95070e+03   -3.73512e+05    2.23680e+03
 Position Rest.      Potential    Kinetic En.   Total Energy  Conserved En.
    6.81901e+02   -2.89710e+05    5.44558e+04   -2.35254e+05   -2.33714e+05
    Temperature Pres. DC (bar) Pressure (bar)   Constr. rmsd
    2.97821e+02   -2.30592e+02    7.75906e+01    3.28540e-06

           Step           Time
           2000        4.00000

   Energies (kJ/mol)
           Bond          Angle    Proper Dih. Per. Imp. Dih.          LJ-14
    1.63345e+03    4.84346e+03    5.68960e+03    2.79872e+02    2.03006e+03
     Coulomb-14        LJ (SR)  Disper. corr.   Coulomb (SR)   Coul. recip.
    3.19334e+04    3.65840e+04   -2.93188e+03   -3.72978e+05    2.25316e+03
 Position Rest.      Potential    Kinetic En.   Total Energy  Conserved En.
    6.67368e+02   -2.89996e+05    5.40190e+04   -2.35977e+05   -2.33727e+05
    Temperature Pres. DC (bar) Pressure (bar)   Constr. rmsd
    2.95432e+02   -2.27663e+02   -3.96568e+02    2.61701e-06

           Step           Time
           2500        5.00000

   Energies (kJ/mol)
           Bond          Angle    Proper Dih. Per. Imp. Dih.          LJ-14
    1.61294e+03    5.01638e+03    5.77033e+03    3.02807e+02    1.99736e+03
     Coulomb-14        LJ (SR)  Disper. corr.   Coulomb (SR)   Coul. recip.
    3.19462e+04    3.58319e+04   -2.94005e+03   -3.72315e+05    2.22589e+03
 Position Rest.      Potential    Kinetic En.   Total Energy  Conserved En.
    6.90201e+02   -2.89861e+05    5.47571e+04   -2.35103e+05   -2.33740e+05
    Temperature Pres. DC (bar) Pressure (bar)   Constr. rmsd
    2.99469e+02   -2.28932e+02   -3.48643e+02    2.90427e-06

           Step           Time
           3000        6.00000

   Energies (kJ/mol)
           Bond          Angle    Proper Dih. Per. Imp. Dih.          LJ-14
    1.68843e+03    5.13464e+03    5.70510e+03    2.78665e+02    2.09456e+03
     Coulomb-14        LJ (SR)  Disper. corr.   Coulomb (SR)   Coul. recip.
    3.19071e+04    3.71308e+04   -2.94181e+03   -3.72315e+05    2.22458e+03
 Position Rest.      Potential    Kinetic En.   Total Energy  Conserved En.
    6.41366e+02   -2.88452e+05    5.47860e+04   -2.33666e+05   -2.33712e+05
    Temperature Pres. DC (bar) Pressure (bar)   Constr. rmsd
    2.99626e+02   -2.29207e+02    1.09112e+02    3.03606e-06

           Step           Time
           3500        7.00000

   Energies (kJ/mol)
           Bond          Angle    Proper Dih. Per. Imp. Dih.          LJ-14
    1.65157e+03    5.06640e+03    5.79330e+03    3.10799e+02    2.03936e+03
     Coulomb-14        LJ (SR)  Disper. corr.   Coulomb (SR)   Coul. recip.
    3.18706e+04    3.67019e+04   -2.92753e+03   -3.72019e+05    2.31924e+03
 Position Rest.      Potential    Kinetic En.   Total Energy  Conserved En.
    6.28121e+02   -2.88565e+05    5.45685e+04   -2.33997e+05   -2.33722e+05
    Temperature Pres. DC (bar) Pressure (bar)   Constr. rmsd
    2.98437e+02   -2.26990e+02   -1.41522e+01    3.30884e-06

           Step           Time
           4000        8.00000

   Energies (kJ/mol)
           Bond          Angle    Proper Dih. Per. Imp. Dih.          LJ-14
    1.65518e+03    4.91294e+03    5.81249e+03    2.95098e+02    2.01746e+03
     Coulomb-14        LJ (SR)  Disper. corr.   Coulomb (SR)   Coul. recip.
    3.17999e+04    3.76639e+04   -2.95977e+03   -3.73773e+05    2.28112e+03
 Position Rest.      Potential    Kinetic En.   Total Energy  Conserved En.
    6.26367e+02   -2.89668e+05    5.47900e+04   -2.34878e+05   -2.33719e+05
    Temperature Pres. DC (bar) Pressure (bar)   Constr. rmsd
    2.99649e+02   -2.32010e+02    2.62950e+02    3.03043e-06

           Step           Time
           4500        9.00000

   Energies (kJ/mol)
           Bond          Angle    Proper Dih. Per. Imp. Dih.          LJ-14
    1.66379e+03    4.99656e+03    5.75244e+03    3.05353e+02    2.02842e+03
     Coulomb-14        LJ (SR)  Disper. corr.   Coulomb (SR)   Coul. recip.
    3.19949e+04    3.70810e+04   -2.98176e+03   -3.74068e+05    2.19471e+03
 Position Rest.      Potential    Kinetic En.   Total Energy  Conserved En.
    7.30896e+02   -2.90302e+05    5.50125e+04   -2.35289e+05   -2.33694e+05
    Temperature Pres. DC (bar) Pressure (bar)   Constr. rmsd
    3.00866e+02   -2.35466e+02    9.84000e+01    3.11209e-06

           Step           Time
           5000       10.00000

   Energies (kJ/mol)
           Bond          Angle    Proper Dih. Per. Imp. Dih.          LJ-14
    1.64008e+03    5.01609e+03    5.70966e+03    2.92630e+02    2.05286e+03
     Coulomb-14        LJ (SR)  Disper. corr.   Coulomb (SR)   Coul. recip.
    3.20486e+04    3.71760e+04   -2.95832e+03   -3.74151e+05    2.23454e+03
 Position Rest.      Potential    Kinetic En.   Total Energy  Conserved En.
    6.44392e+02   -2.90295e+05    5.43990e+04   -2.35896e+05   -2.33705e+05
    Temperature Pres. DC (bar) Pressure (bar)   Constr. rmsd
    2.97510e+02   -2.31783e+02   -3.71602e+01    2.92570e-06

           Step           Time
           5500       11.00000

   Energies (kJ/mol)
           Bond          Angle    Proper Dih. Per. Imp. Dih.          LJ-14
    1.67306e+03    5.00232e+03    5.68009e+03    3.10908e+02    2.06068e+03
     Coulomb-14        LJ (SR)  Disper. corr.   Coulomb (SR)   Coul. recip.
    3.19381e+04    3.71861e+04   -2.94748e+03   -3.74054e+05    2.24469e+03
 Position Rest.      Potential    Kinetic En.   Total Energy  Conserved En.
    6.28995e+02   -2.90277e+05    5.42478e+04   -2.36029e+05   -2.33693e+05
    Temperature Pres. DC (bar) Pressure (bar)   Constr. rmsd
    2.96683e+02   -2.30089e+02   -8.57112e+01    3.03077e-06

           Step           Time
           6000       12.00000

   Energies (kJ/mol)
           Bond          Angle    Proper Dih. Per. Imp. Dih.          LJ-14
    1.70834e+03    5.14207e+03    5.63973e+03    2.89191e+02    2.03273e+03
     Coulomb-14        LJ (SR)  Disper. corr.   Coulomb (SR)   Coul. recip.
    3.20208e+04    3.75730e+04   -2.96504e+03   -3.73799e+05    2.23582e+03
 Position Rest.      Potential    Kinetic En.   Total Energy  Conserved En.
    6.96313e+02   -2.89426e+05    5.49962e+04   -2.34429e+05   -2.33680e+05
    Temperature Pres. DC (bar) Pressure (bar)   Constr. rmsd
    3.00777e+02   -2.32836e+02    1.59576e+02    3.01337e-06

           Step           Time
           6500       13.00000

   Energies (kJ/mol)
           Bond          Angle    Proper Dih. Per. Imp. Dih.          LJ-14
    1.68588e+03    4.83132e+03    5.67519e+03    2.85775e+02    2.05827e+03
     Coulomb-14        LJ (SR)  Disper. corr.   Coulomb (SR)   Coul. recip.
    3.18949e+04    3.80456e+04   -2.93933e+03   -3.75938e+05    2.17541e+03
 Position Rest.      Potential    Kinetic En.   Total Energy  Conserved En.
    6.28882e+02   -2.91597e+05    5.47641e+04   -2.36833e+05   -2.33706e+05
    Temperature Pres. DC (bar) Pressure (bar)   Constr. rmsd
    2.99507e+02   -2.28820e+02    2.00125e+02    2.87706e-06

           Step           Time
           7000       14.00000

   Energies (kJ/mol)
           Bond          Angle    Proper Dih. Per. Imp. Dih.          LJ-14
    1.62549e+03    5.02774e+03    5.79581e+03    3.51738e+02    2.00087e+03
     Coulomb-14        LJ (SR)  Disper. corr.   Coulomb (SR)   Coul. recip.
    3.20170e+04    3.73126e+04   -2.95026e+03   -3.74188e+05    2.11559e+03
 Position Rest.      Potential    Kinetic En.   Total Energy  Conserved En.
    6.78205e+02   -2.90214e+05    5.40330e+04   -2.36181e+05   -2.33703e+05
    Temperature Pres. DC (bar) Pressure (bar)   Constr. rmsd
    2.95508e+02   -2.30523e+02   -1.68055e+01    3.25964e-06

           Step           Time
           7500       15.00000

   Energies (kJ/mol)
           Bond          Angle    Proper Dih. Per. Imp. Dih.          LJ-14
    1.59634e+03    4.87638e+03    5.72389e+03    3.15255e+02    2.02703e+03
     Coulomb-14        LJ (SR)  Disper. corr.   Coulomb (SR)   Coul. recip.
    3.20131e+04    3.67347e+04   -2.94780e+03   -3.73536e+05    2.19845e+03
 Position Rest.      Potential    Kinetic En.   Total Energy  Conserved En.
    6.78552e+02   -2.90320e+05    5.43594e+04   -2.35961e+05   -2.33699e+05
    Temperature Pres. DC (bar) Pressure (bar)   Constr. rmsd
    2.97294e+02   -2.30139e+02   -1.84530e+02    2.96373e-06

           Step           Time
           8000       16.00000

   Energies (kJ/mol)
           Bond          Angle    Proper Dih. Per. Imp. Dih.          LJ-14
    1.66431e+03    5.02726e+03    5.75208e+03    2.65442e+02    2.03492e+03
     Coulomb-14        LJ (SR)  Disper. corr.   Coulomb (SR)   Coul. recip.
    3.19408e+04    3.65518e+04   -2.95262e+03   -3.73513e+05    2.34881e+03
 Position Rest.      Potential    Kinetic En.   Total Energy  Conserved En.
    6.55726e+02   -2.90225e+05    5.55296e+04   -2.34695e+05   -2.33703e+05
    Temperature Pres. DC (bar) Pressure (bar)   Constr. rmsd
    3.03694e+02   -2.30891e+02   -1.92016e+02    2.97359e-06

           Step           Time
           8500       17.00000

   Energies (kJ/mol)
           Bond          Angle    Proper Dih. Per. Imp. Dih.          LJ-14
    1.68004e+03    5.03582e+03    5.79222e+03    2.92435e+02    2.01698e+03
     Coulomb-14        LJ (SR)  Disper. corr.   Coulomb (SR)   Coul. recip.
    3.17956e+04    3.78548e+04   -2.96697e+03   -3.74183e+05    2.25404e+03
 Position Rest.      Potential    Kinetic En.   Total Energy  Conserved En.
    6.43272e+02   -2.89784e+05    5.52652e+04   -2.34519e+05   -2.33695e+05
    Temperature Pres. DC (bar) Pressure (bar)   Constr. rmsd
    3.02248e+02   -2.33139e+02    2.45381e+02    2.96939e-06

           Step           Time
           9000       18.00000

   Energies (kJ/mol)
           Bond          Angle    Proper Dih. Per. Imp. Dih.          LJ-14
    1.76706e+03    4.89495e+03    5.68281e+03    2.56360e+02    1.99966e+03
     Coulomb-14        LJ (SR)  Disper. corr.   Coulomb (SR)   Coul. recip.
    3.19534e+04    3.59734e+04   -2.95300e+03   -3.72563e+05    2.20112e+03
 Position Rest.      Potential    Kinetic En.   Total Energy  Conserved En.
    6.28799e+02   -2.90159e+05    5.48850e+04   -2.35274e+05   -2.33679e+05
    Temperature Pres. DC (bar) Pressure (bar)   Constr. rmsd
    3.00168e+02   -2.30951e+02   -2.85995e+01    3.03989e-06

           Step           Time
           9500       19.00000

   Energies (kJ/mol)
           Bond          Angle    Proper Dih. Per. Imp. Dih.          LJ-14
    1.59869e+03    5.10551e+03    5.64263e+03    2.96877e+02    2.02343e+03
     Coulomb-14        LJ (SR)  Disper. corr.   Coulomb (SR)   Coul. recip.
    3.18295e+04    3.71491e+04   -2.95815e+03   -3.73895e+05    2.26489e+03
 Position Rest.      Potential    Kinetic En.   Total Energy  Conserved En.
    6.49671e+02   -2.90293e+05    5.48170e+04   -2.35476e+05   -2.33704e+05
    Temperature Pres. DC (bar) Pressure (bar)   Constr. rmsd
    2.99796e+02   -2.31756e+02    5.77889e+01    3.03316e-06

           Step           Time
          10000       20.00000

   Energies (kJ/mol)
           Bond          Angle    Proper Dih. Per. Imp. Dih.          LJ-14
    1.57482e+03    5.08976e+03    5.73574e+03    3.08090e+02    2.09804e+03
     Coulomb-14        LJ (SR)  Disper. corr.   Coulomb (SR)   Coul. recip.
    3.20054e+04    3.70333e+04   -2.95969e+03   -3.73892e+05    2.23411e+03
 Position Rest.      Potential    Kinetic En.   Total Energy  Conserved En.
    6.40577e+02   -2.90132e+05    5.57191e+04   -2.34413e+05   -2.33689e+05
    Temperature Pres. DC (bar) Pressure (bar)   Constr. rmsd
    3.04730e+02   -2.31998e+02    1.60083e+02    2.99982e-06

           Step           Time
          10500       21.00000

   Energies (kJ/mol)
           Bond          Angle    Proper Dih. Per. Imp. Dih.          LJ-14
    1.69480e+03    4.96788e+03    5.70416e+03    2.87490e+02    2.10557e+03
     Coulomb-14        LJ (SR)  Disper. corr.   Coulomb (SR)   Coul. recip.
    3.20495e+04    3.72555e+04   -2.92268e+03   -3.73482e+05    2.20196e+03
 Position Rest.      Potential    Kinetic En.   Total Energy  Conserved En.
    6.40638e+02   -2.89497e+05    5.52107e+04   -2.34286e+05   -2.33693e+05
    Temperature Pres. DC (bar) Pressure (bar)   Constr. rmsd
    3.01949e+02   -2.26238e+02   -1.41509e+01    3.09929e-06

           Step           Time
          11000       22.00000

   Energies (kJ/mol)
           Bond          Angle    Proper Dih. Per. Imp. Dih.          LJ-14
    1.73672e+03    5.05095e+03    5.77211e+03    3.23691e+02    2.09599e+03
     Coulomb-14        LJ (SR)  Disper. corr.   Coulomb (SR)   Coul. recip.
    3.19523e+04    3.76660e+04   -2.96285e+03   -3.74029e+05    2.19789e+03
 Position Rest.      Potential    Kinetic En.   Total Energy  Conserved En.
    5.96230e+02   -2.89600e+05    5.48791e+04   -2.34721e+05   -2.33660e+05
    Temperature Pres. DC (bar) Pressure (bar)   Constr. rmsd
    3.00136e+02   -2.32493e+02    2.60630e+02    2.84273e-06

           Step           Time
          11500       23.00000

   Energies (kJ/mol)
           Bond          Angle    Proper Dih. Per. Imp. Dih.          LJ-14
    1.70964e+03    4.98372e+03    5.75503e+03    2.83378e+02    2.01782e+03
     Coulomb-14        LJ (SR)  Disper. corr.   Coulomb (SR)   Coul. recip.
    3.19256e+04    3.70691e+04   -2.94108e+03   -3.73290e+05    2.24376e+03
 Position Rest.      Potential    Kinetic En.   Total Energy  Conserved En.
    6.39727e+02   -2.89604e+05    5.54426e+04   -2.34161e+05   -2.33660e+05
    Temperature Pres. DC (bar) Pressure (bar)   Constr. rmsd
    3.03218e+02   -2.29092e+02   -3.69135e+01    3.37082e-06

           Step           Time
          12000       24.00000

   Energies (kJ/mol)
           Bond          Angle    Proper Dih. Per. Imp. Dih.          LJ-14
    1.62018e+03    4.90771e+03    5.68325e+03    2.99639e+02    2.05926e+03
     Coulomb-14        LJ (SR)  Disper. corr.   Coulomb (SR)   Coul. recip.
    3.19899e+04    3.73438e+04   -2.94965e+03   -3.74194e+05    2.18596e+03
 Position Rest.      Potential    Kinetic En.   Total Energy  Conserved En.
    6.21341e+02   -2.90432e+05    5.47077e+04   -2.35725e+05   -2.33660e+05
    Temperature Pres. DC (bar) Pressure (bar)   Constr. rmsd
    2.99198e+02   -2.30429e+02   -7.27513e+01    3.27262e-06

           Step           Time
          12500       25.00000

   Energies (kJ/mol)
           Bond          Angle    Proper Dih. Per. Imp. Dih.          LJ-14
    1.68309e+03    4.89299e+03    5.81432e+03    2.83919e+02    2.07017e+03
     Coulomb-14        LJ (SR)  Disper. corr.   Coulomb (SR)   Coul. recip.
    3.20451e+04    3.66148e+04   -2.94058e+03   -3.72854e+05    2.29292e+03
 Position Rest.      Potential    Kinetic En.   Total Energy  Conserved En.
    6.58967e+02   -2.89438e+05    5.44162e+04   -2.35022e+05   -2.33656e+05
    Temperature Pres. DC (bar) Pressure (bar)   Constr. rmsd
    2.97604e+02   -2.29015e+02    3.90924e+02    2.84607e-06

           Step           Time
          13000       26.00000

   Energies (kJ/mol)
           Bond          Angle    Proper Dih. Per. Imp. Dih.          LJ-14
    1.65228e+03    5.03302e+03    5.71332e+03    2.74137e+02    2.06515e+03
     Coulomb-14        LJ (SR)  Disper. corr.   Coulomb (SR)   Coul. recip.
    3.19226e+04    3.71096e+04   -2.94431e+03   -3.73049e+05    2.22773e+03
 Position Rest.      Potential    Kinetic En.   Total Energy  Conserved En.
    6.39804e+02   -2.89355e+05    5.48775e+04   -2.34478e+05   -2.33651e+05
    Temperature Pres. DC (bar) Pressure (bar)   Constr. rmsd
    3.00127e+02   -2.29595e+02    3.08443e+02    3.26298e-06

           Step           Time
          13500       27.00000

   Energies (kJ/mol)
           Bond          Angle    Proper Dih. Per. Imp. Dih.          LJ-14
    1.63439e+03    4.92780e+03    5.77683e+03    2.93397e+02    2.03201e+03
     Coulomb-14        LJ (SR)  Disper. corr.   Coulomb (SR)   Coul. recip.
    3.19372e+04    3.62575e+04   -2.94218e+03   -3.73013e+05    2.29897e+03
 Position Rest.      Potential    Kinetic En.   Total Energy  Conserved En.
    6.42110e+02   -2.90155e+05    5.59893e+04   -2.34166e+05   -2.33667e+05
    Temperature Pres. DC (bar) Pressure (bar)   Constr. rmsd
    3.06208e+02   -2.29263e+02   -2.41261e+02    3.21170e-06

           Step           Time
          14000       28.00000

   Energies (kJ/mol)
           Bond          Angle    Proper Dih. Per. Imp. Dih.          LJ-14
    1.74779e+03    4.94847e+03    5.71577e+03    3.09587e+02    2.08347e+03
     Coulomb-14        LJ (SR)  Disper. corr.   Coulomb (SR)   Coul. recip.
    3.18492e+04    3.71367e+04   -2.93512e+03   -3.73207e+05    2.25376e+03
 Position Rest.      Potential    Kinetic En.   Total Energy  Conserved En.
    6.65161e+02   -2.89432e+05    5.53772e+04   -2.34055e+05   -2.33643e+05
    Temperature Pres. DC (bar) Pressure (bar)   Constr. rmsd
    3.02860e+02   -2.28166e+02   -5.30626e+01    2.92974e-06

           Step           Time
          14500       29.00000

   Energies (kJ/mol)
           Bond          Angle    Proper Dih. Per. Imp. Dih.          LJ-14
    1.51156e+03    5.08075e+03    5.74799e+03    2.93455e+02    2.05365e+03
     Coulomb-14        LJ (SR)  Disper. corr.   Coulomb (SR)   Coul. recip.
    3.19972e+04    3.84209e+04   -2.96997e+03   -3.75712e+05    2.22447e+03
 Position Rest.      Potential    Kinetic En.   Total Energy  Conserved En.
    6.02298e+02   -2.90749e+05    5.41008e+04   -2.36648e+05   -2.33616e+05
    Temperature Pres. DC (bar) Pressure (bar)   Constr. rmsd
    2.95879e+02   -2.33610e+02    4.96031e+02    3.17849e-06

           Step           Time
          15000       30.00000

   Energies (kJ/mol)
           Bond          Angle    Proper Dih. Per. Imp. Dih.          LJ-14
    1.66009e+03    4.92685e+03    5.68891e+03    3.06630e+02    1.99763e+03
     Coulomb-14        LJ (SR)  Disper. corr.   Coulomb (SR)   Coul. recip.
    3.20737e+04    3.75257e+04   -2.94590e+03   -3.74483e+05    2.18715e+03
 Position Rest.      Potential    Kinetic En.   Total Energy  Conserved En.
    6.56617e+02   -2.90406e+05    5.48812e+04   -2.35525e+05   -2.33622e+05
    Temperature Pres. DC (bar) Pressure (bar)   Constr. rmsd
    3.00148e+02   -2.29843e+02   -9.53605e+01    3.20500e-06

           Step           Time
          15500       31.00000

   Energies (kJ/mol)
           Bond          Angle    Proper Dih. Per. Imp. Dih.          LJ-14
    1.77897e+03    4.97570e+03    5.72902e+03    3.17797e+02    2.00029e+03
     Coulomb-14        LJ (SR)  Disper. corr.   Coulomb (SR)   Coul. recip.
    3.19192e+04    3.72409e+04   -2.95257e+03   -3.73022e+05    2.24506e+03
 Position Rest.      Potential    Kinetic En.   Total Energy  Conserved En.
    6.63697e+02   -2.89104e+05    5.42835e+04   -2.34820e+05   -2.33606e+05
    Temperature Pres. DC (bar) Pressure (bar)   Constr. rmsd
    2.96879e+02   -2.30883e+02    6.69859e+01    2.94127e-06

           Step           Time
          16000       32.00000

   Energies (kJ/mol)
           Bond          Angle    Proper Dih. Per. Imp. Dih.          LJ-14
    1.64728e+03    4.97492e+03    5.73330e+03    2.81400e+02    1.98244e+03
     Coulomb-14        LJ (SR)  Disper. corr.   Coulomb (SR)   Coul. recip.
    3.18912e+04    3.68830e+04   -2.95274e+03   -3.73201e+05    2.24271e+03
 Position Rest.      Potential    Kinetic En.   Total Energy  Conserved En.
    6.57770e+02   -2.89860e+05    5.41719e+04   -2.35688e+05   -2.33616e+05
    Temperature Pres. DC (bar) Pressure (bar)   Constr. rmsd
    2.96268e+02   -2.30911e+02   -1.24065e+02    2.86724e-06

           Step           Time
          16500       33.00000

   Energies (kJ/mol)
           Bond          Angle    Proper Dih. Per. Imp. Dih.          LJ-14
    1.70476e+03    5.04579e+03    5.82339e+03    2.83667e+02    2.02923e+03
     Coulomb-14        LJ (SR)  Disper. corr.   Coulomb (SR)   Coul. recip.
    3.20123e+04    3.69768e+04   -2.93838e+03   -3.72887e+05    2.28582e+03
 Position Rest.      Potential    Kinetic En.   Total Energy  Conserved En.
    6.61601e+02   -2.89002e+05    5.53209e+04   -2.33681e+05   -2.33624e+05
    Temperature Pres. DC (bar) Pressure (bar)   Constr. rmsd
    3.02552e+02   -2.28673e+02   -6.56207e+01    3.20275e-06

           Step           Time
          17000       34.00000

   Energies (kJ/mol)
           Bond          Angle    Proper Dih. Per. Imp. Dih.          LJ-14
    1.71742e+03    5.07934e+03    5.70753e+03    3.02064e+02    2.03574e+03
     Coulomb-14        LJ (SR)  Disper. corr.   Coulomb (SR)   Coul. recip.
    3.19069e+04    3.69457e+04   -2.94388e+03   -3.72776e+05    2.27794e+03
 Position Rest.      Potential    Kinetic En.   Total Energy  Conserved En.
    6.54063e+02   -2.89093e+05    5.46316e+04   -2.34462e+05   -2.33600e+05
    Temperature Pres. DC (bar) Pressure (bar)   Constr. rmsd
    2.98782e+02   -2.29529e+02    3.35031e+01    3.10559e-06

           Step           Time
          17500       35.00000

   Energies (kJ/mol)
           Bond          Angle    Proper Dih. Per. Imp. Dih.          LJ-14
    1.64256e+03    4.95251e+03    5.74847e+03    3.00678e+02    2.06028e+03
     Coulomb-14        LJ (SR)  Disper. corr.   Coulomb (SR)   Coul. recip.
    3.19476e+04    3.72048e+04   -2.93164e+03   -3.73573e+05    2.23262e+03
 Position Rest.      Potential    Kinetic En.   Total Energy  Conserved En.
    7.06428e+02   -2.89709e+05    5.51933e+04   -2.34516e+05   -2.33600e+05
    Temperature Pres. DC (bar) Pressure (bar)   Constr. rmsd
    3.01854e+02   -2.27626e+02    4.42280e+01    3.34248e-06

           Step           Time
          18000       36.00000

   Energies (kJ/mol)
           Bond          Angle    Proper Dih. Per. Imp. Dih.          LJ-14
    1.56583e+03    4.95852e+03    5.63193e+03    2.95552e+02    2.00509e+03
     Coulomb-14        LJ (SR)  Disper. corr.   Coulomb (SR)   Coul. recip.
    3.20177e+04    3.72952e+04   -2.95574e+03   -3.73875e+05    2.29076e+03
 Position Rest.      Potential    Kinetic En.   Total Energy  Conserved En.
    6.83145e+02   -2.90087e+05    5.49253e+04   -2.35162e+05   -2.33600e+05
    Temperature Pres. DC (bar) Pressure (bar)   Constr. rmsd
    3.00388e+02   -2.31379e+02   -1.77671e+02    3.00695e-06

           Step           Time
          18500       37.00000

   Energies (kJ/mol)
           Bond          Angle    Proper Dih. Per. Imp. Dih.          LJ-14
    1.62616e+03    5.17620e+03    5.66657e+03    3.11544e+02    2.05214e+03
     Coulomb-14        LJ (SR)  Disper. corr.   Coulomb (SR)   Coul. recip.
    3.19980e+04    3.65718e+04   -2.93910e+03   -3.72791e+05    2.22137e+03
 Position Rest.      Potential    Kinetic En.   Total Energy  Conserved En.
    7.01114e+02   -2.89405e+05    5.45000e+04   -2.34905e+05   -2.33579e+05
    Temperature Pres. DC (bar) Pressure (bar)   Constr. rmsd
    2.98062e+02   -2.28785e+02   -3.43083e+02    2.95175e-06

           Step           Time
          19000       38.00000

   Energies (kJ/mol)
           Bond          Angle    Proper Dih. Per. Imp. Dih.          LJ-14
    1.61172e+03    4.96555e+03    5.64530e+03    2.48993e+02    2.06797e+03
     Coulomb-14        LJ (SR)  Disper. corr.   Coulomb (SR)   Coul. recip.
    3.15984e+04    3.67903e+04   -2.95219e+03   -3.72663e+05    2.30320e+03
 Position Rest.      Potential    Kinetic En.   Total Energy  Conserved En.
    7.66612e+02   -2.89617e+05    5.48768e+04   -2.34740e+05   -2.33603e+05
    Temperature Pres. DC (bar) Pressure (bar)   Constr. rmsd
    3.00123e+02   -2.30824e+02    5.81788e+01    3.15422e-06

           Step           Time
          19500       39.00000

   Energies (kJ/mol)
           Bond          Angle    Proper Dih. Per. Imp. Dih.          LJ-14
    1.64876e+03    4.88208e+03    5.67728e+03    2.65203e+02    2.04131e+03
     Coulomb-14        LJ (SR)  Disper. corr.   Coulomb (SR)   Coul. recip.
    3.18842e+04    3.64820e+04   -2.94982e+03   -3.72685e+05    2.15659e+03
 Position Rest.      Potential    Kinetic En.   Total Energy  Conserved En.
    6.79630e+02   -2.89918e+05    5.43145e+04   -2.35604e+05   -2.33592e+05
    Temperature Pres. DC (bar) Pressure (bar)   Constr. rmsd
    2.97048e+02   -2.30454e+02   -1.11547e+02    2.86838e-06

           Step           Time
          20000       40.00000

   Energies (kJ/mol)
           Bond          Angle    Proper Dih. Per. Imp. Dih.          LJ-14
    1.78950e+03    4.95356e+03    5.75257e+03    2.53362e+02    1.97743e+03
     Coulomb-14        LJ (SR)  Disper. corr.   Coulomb (SR)   Coul. recip.
    3.17327e+04    3.74900e+04   -2.94756e+03   -3.74030e+05    2.23947e+03
 Position Rest.      Potential    Kinetic En.   Total Energy  Conserved En.
    6.38938e+02   -2.90150e+05    5.54493e+04   -2.34701e+05   -2.33576e+05
    Temperature Pres. DC (bar) Pressure (bar)   Constr. rmsd
    3.03254e+02   -2.30103e+02   -2.09801e+02    3.01064e-06

           Step           Time
          20500       41.00000

   Energies (kJ/mol)
           Bond          Angle    Proper Dih. Per. Imp. Dih.          LJ-14
    1.57132e+03    5.00084e+03    5.64818e+03    2.85379e+02    2.03501e+03
     Coulomb-14        LJ (SR)  Disper. corr.   Coulomb (SR)   Coul. recip.
    3.19075e+04    3.67792e+04   -2.95240e+03   -3.74107e+05    2.17264e+03
 Position Rest.      Potential    Kinetic En.   Total Energy  Conserved En.
    6.39616e+02   -2.91020e+05    5.48385e+04   -2.36181e+05   -2.33568e+05
    Temperature Pres. DC (bar) Pressure (bar)   Constr. rmsd
    2.99914e+02   -2.30858e+02    3.86006e+01    3.42865e-06

           Step           Time
          21000       42.00000

   Energies (kJ/mol)
           Bond          Angle    Proper Dih. Per. Imp. Dih.          LJ-14
    1.78223e+03    5.01062e+03    5.66774e+03    2.74340e+02    2.00942e+03
     Coulomb-14        LJ (SR)  Disper. corr.   Coulomb (SR)   Coul. recip.
    3.18326e+04    3.71560e+04   -2.94851e+03   -3.73802e+05    2.26184e+03
 Position Rest.      Potential    Kinetic En.   Total Energy  Conserved En.
    6.85678e+02   -2.90070e+05    5.51228e+04   -2.34948e+05   -2.33561e+05
    Temperature Pres. DC (bar) Pressure (bar)   Constr. rmsd
    3.01469e+02   -2.30251e+02   -1.24847e+01    2.81312e-06

           Step           Time
          21500       43.00000

   Energies (kJ/mol)
           Bond          Angle    Proper Dih. Per. Imp. Dih.          LJ-14
    1.67630e+03    4.96509e+03    5.69985e+03    3.22883e+02    2.04312e+03
     Coulomb-14        LJ (SR)  Disper. corr.   Coulomb (SR)   Coul. recip.
    3.19100e+04    3.66624e+04   -2.95248e+03   -3.74254e+05    2.20524e+03
 Position Rest.      Potential    Kinetic En.   Total Energy  Conserved En.
    6.54007e+02   -2.91068e+05    5.52160e+04   -2.35852e+05   -2.33558e+05
    Temperature Pres. DC (bar) Pressure (bar)   Constr. rmsd
    3.01978e+02   -2.30870e+02   -3.82351e+02    3.02044e-06

           Step           Time
          22000       44.00000

   Energies (kJ/mol)
           Bond          Angle    Proper Dih. Per. Imp. Dih.          LJ-14
    1.68478e+03    4.94814e+03    5.67694e+03    2.76402e+02    2.04267e+03
     Coulomb-14        LJ (SR)  Disper. corr.   Coulomb (SR)   Coul. recip.
    3.19657e+04    3.77769e+04   -2.94485e+03   -3.74574e+05    2.30632e+03
 Position Rest.      Potential    Kinetic En.   Total Energy  Conserved En.
    6.16049e+02   -2.90224e+05    5.46755e+04   -2.35549e+05   -2.33548e+05
    Temperature Pres. DC (bar) Pressure (bar)   Constr. rmsd
    2.99023e+02   -2.29680e+02    4.52215e+01    2.99141e-06

           Step           Time
          22500       45.00000

   Energies (kJ/mol)
           Bond          Angle    Proper Dih. Per. Imp. Dih.          LJ-14
    1.72272e+03    5.05457e+03    5.68029e+03    2.88770e+02    2.06743e+03
     Coulomb-14        LJ (SR)  Disper. corr.   Coulomb (SR)   Coul. recip.
    3.20226e+04    3.76694e+04   -2.94509e+03   -3.73861e+05    2.23547e+03
 Position Rest.      Potential    Kinetic En.   Total Energy  Conserved En.
    6.99793e+02   -2.89365e+05    5.51395e+04   -2.34226e+05   -2.33544e+05
    Temperature Pres. DC (bar) Pressure (bar)   Constr. rmsd
    3.01560e+02   -2.29717e+02    2.63205e+02    3.28455e-06

           Step           Time
          23000       46.00000

   Energies (kJ/mol)
           Bond          Angle    Proper Dih. Per. Imp. Dih.          LJ-14
    1.59102e+03    4.93905e+03    5.67545e+03    2.93510e+02    2.02629e+03
     Coulomb-14        LJ (SR)  Disper. corr.   Coulomb (SR)   Coul. recip.
    3.19355e+04    3.80136e+04   -2.95777e+03   -3.75292e+05    2.19023e+03
 Position Rest.      Potential    Kinetic En.   Total Energy  Conserved En.
    7.60218e+02   -2.90825e+05    5.41014e+04   -2.36724e+05   -2.33547e+05
    Temperature Pres. DC (bar) Pressure (bar)   Constr. rmsd
    2.95883e+02   -2.31697e+02    1.30472e+02    2.81281e-06

           Step           Time
          23500       47.00000

   Energies (kJ/mol)
           Bond          Angle    Proper Dih. Per. Imp. Dih.          LJ-14
    1.54830e+03    5.01013e+03    5.73468e+03    2.63110e+02    2.02038e+03
     Coulomb-14        LJ (SR)  Disper. corr.   Coulomb (SR)   Coul. recip.
    3.19364e+04    3.66928e+04   -2.95457e+03   -3.73224e+05    2.23924e+03
 Position Rest.      Potential    Kinetic En.   Total Energy  Conserved En.
    6.53488e+02   -2.90080e+05    5.49771e+04   -2.35103e+05   -2.33560e+05
    Temperature Pres. DC (bar) Pressure (bar)   Constr. rmsd
    3.00672e+02   -2.31196e+02    6.89548e+00    2.97544e-06

           Step           Time
          24000       48.00000

   Energies (kJ/mol)
           Bond          Angle    Proper Dih. Per. Imp. Dih.          LJ-14
    1.67742e+03    4.98786e+03    5.66239e+03    2.84931e+02    2.04254e+03
     Coulomb-14        LJ (SR)  Disper. corr.   Coulomb (SR)   Coul. recip.
    3.20079e+04    3.63636e+04   -2.95661e+03   -3.73248e+05    2.15157e+03
 Position Rest.      Potential    Kinetic En.   Total Energy  Conserved En.
    6.74809e+02   -2.90352e+05    5.52333e+04   -2.35118e+05   -2.33551e+05
    Temperature Pres. DC (bar) Pressure (bar)   Constr. rmsd
    3.02073e+02   -2.31515e+02   -1.20665e+02    2.93446e-06

           Step           Time
          24500       49.00000

   Energies (kJ/mol)
           Bond          Angle    Proper Dih. Per. Imp. Dih.          LJ-14
    1.61171e+03    5.06249e+03    5.66901e+03    2.72716e+02    2.01818e+03
     Coulomb-14        LJ (SR)  Disper. corr.   Coulomb (SR)   Coul. recip.
    3.20965e+04    3.67517e+04   -2.93443e+03   -3.73172e+05    2.30014e+03
 Position Rest.      Potential    Kinetic En.   Total Energy  Conserved En.
    6.58366e+02   -2.89666e+05    5.46419e+04   -2.35024e+05   -2.33545e+05
    Temperature Pres. DC (bar) Pressure (bar)   Constr. rmsd
    2.98839e+02   -2.28059e+02   -1.84353e+02    3.15122e-06

           Step           Time
          25000       50.00000

   Energies (kJ/mol)
           Bond          Angle    Proper Dih. Per. Imp. Dih.          LJ-14
    1.76415e+03    5.04219e+03    5.70578e+03    2.77635e+02    2.02335e+03
     Coulomb-14        LJ (SR)  Disper. corr.   Coulomb (SR)   Coul. recip.
    3.18284e+04    3.72288e+04   -2.95059e+03   -3.72813e+05    2.20035e+03
 Position Rest.      Potential    Kinetic En.   Total Energy  Conserved En.
    6.84212e+02   -2.89009e+05    5.48375e+04   -2.34172e+05   -2.33539e+05
    Temperature Pres. DC (bar) Pressure (bar)   Constr. rmsd
    2.99908e+02   -2.30574e+02    2.68313e+02    2.96215e-06

           Step           Time
          25500       51.00000

   Energies (kJ/mol)
           Bond          Angle    Proper Dih. Per. Imp. Dih.          LJ-14
    1.71932e+03    5.07938e+03    5.72077e+03    2.99221e+02    2.10726e+03
     Coulomb-14        LJ (SR)  Disper. corr.   Coulomb (SR)   Coul. recip.
    3.19341e+04    3.78861e+04   -2.96871e+03   -3.74373e+05    2.29231e+03
 Position Rest.      Potential    Kinetic En.   Total Energy  Conserved En.
    6.82300e+02   -2.89621e+05    5.51734e+04   -2.34447e+05   -2.33531e+05
    Temperature Pres. DC (bar) Pressure (bar)   Constr. rmsd
    3.01746e+02   -2.33411e+02    3.95018e+02    3.00296e-06

           Step           Time
          26000       52.00000

   Energies (kJ/mol)
           Bond          Angle    Proper Dih. Per. Imp. Dih.          LJ-14
    1.82677e+03    4.90971e+03    5.67846e+03    2.86296e+02    2.01919e+03
     Coulomb-14        LJ (SR)  Disper. corr.   Coulomb (SR)   Coul. recip.
    3.19299e+04    3.68047e+04   -2.96055e+03   -3.72858e+05    2.28252e+03
 Position Rest.      Potential    Kinetic En.   Total Energy  Conserved En.
    7.00357e+02   -2.89381e+05    5.42357e+04   -2.35145e+05   -2.33530e+05
    Temperature Pres. DC (bar) Pressure (bar)   Constr. rmsd
    2.96617e+02   -2.32132e+02   -6.85491e+01    2.85079e-06

           Step           Time
          26500       53.00000

   Energies (kJ/mol)
           Bond          Angle    Proper Dih. Per. Imp. Dih.          LJ-14
    1.60095e+03    5.17888e+03    5.74021e+03    2.70159e+02    1.99997e+03
     Coulomb-14        LJ (SR)  Disper. corr.   Coulomb (SR)   Coul. recip.
    3.20229e+04    3.62725e+04   -2.94283e+03   -3.72018e+05    2.14578e+03
 Position Rest.      Potential    Kinetic En.   Total Energy  Conserved En.
    6.90334e+02   -2.89039e+05    5.49901e+04   -2.34049e+05   -2.33551e+05
    Temperature Pres. DC (bar) Pressure (bar)   Constr. rmsd
    3.00743e+02   -2.29365e+02   -3.11762e+02    3.15758e-06

           Step           Time
          27000       54.00000

   Energies (kJ/mol)
           Bond          Angle    Proper Dih. Per. Imp. Dih.          LJ-14
    1.72519e+03    5.08559e+03    5.69616e+03    3.03326e+02    2.00913e+03
     Coulomb-14        LJ (SR)  Disper. corr.   Coulomb (SR)   Coul. recip.
    3.18266e+04    3.68421e+04   -2.95522e+03   -3.73041e+05    2.25017e+03
 Position Rest.      Potential    Kinetic En.   Total Energy  Conserved En.
    6.83166e+02   -2.89575e+05    5.52000e+04   -2.34375e+05   -2.33541e+05
    Temperature Pres. DC (bar) Pressure (bar)   Constr. rmsd
    3.01891e+02   -2.31298e+02    5.40546e+01    3.31371e-06

           Step           Time
          27500       55.00000

   Energies (kJ/mol)
           Bond          Angle    Proper Dih. Per. Imp. Dih.          LJ-14
    1.59722e+03    5.05946e+03    5.64791e+03    2.91847e+02    2.07469e+03
     Coulomb-14        LJ (SR)  Disper. corr.   Coulomb (SR)   Coul. recip.
    3.19959e+04    3.66319e+04   -2.93730e+03   -3.72508e+05    2.21431e+03
 Position Rest.      Potential    Kinetic En.   Total Energy  Conserved En.
    7.02567e+02   -2.89230e+05    5.42299e+04   -2.35000e+05   -2.33542e+05
    Temperature Pres. DC (bar) Pressure (bar)   Constr. rmsd
    2.96586e+02   -2.28504e+02    5.44505e+01    3.11822e-06

           Step           Time
          28000       56.00000

   Energies (kJ/mol)
           Bond          Angle    Proper Dih. Per. Imp. Dih.          LJ-14
    1.72286e+03    5.00352e+03    5.67660e+03    2.69751e+02    2.01745e+03
     Coulomb-14        LJ (SR)  Disper. corr.   Coulomb (SR)   Coul. recip.
    3.20037e+04    3.72429e+04   -2.95708e+03   -3.73113e+05    2.22550e+03
 Position Rest.      Potential    Kinetic En.   Total Energy  Conserved En.
    7.10991e+02   -2.89197e+05    5.44496e+04   -2.34747e+05   -2.33521e+05
    Temperature Pres. DC (bar) Pressure (bar)   Constr. rmsd
    2.97787e+02   -2.31589e+02    1.57572e+02    3.21558e-06

           Step           Time
          28500       57.00000

   Energies (kJ/mol)
           Bond          Angle    Proper Dih. Per. Imp. Dih.          LJ-14
    1.73459e+03    4.92131e+03    5.72610e+03    2.58968e+02    2.06220e+03
     Coulomb-14        LJ (SR)  Disper. corr.   Coulomb (SR)   Coul. recip.
    3.21997e+04    3.70023e+04   -2.94161e+03   -3.73266e+05    2.20114e+03
 Position Rest.      Potential    Kinetic En.   Total Energy  Conserved En.
    6.71640e+02   -2.89430e+05    5.44537e+04   -2.34976e+05   -2.33529e+05
    Temperature Pres. DC (bar) Pressure (bar)   Constr. rmsd
    2.97810e+02   -2.29175e+02   -1.12539e+02    3.04953e-06

           Step           Time
          29000       58.00000

   Energies (kJ/mol)
           Bond          Angle    Proper Dih. Per. Imp. Dih.          LJ-14
    1.56897e+03    5.02872e+03    5.65740e+03    3.14031e+02    2.07839e+03
     Coulomb-14        LJ (SR)  Disper. corr.   Coulomb (SR)   Coul. recip.
    3.20638e+04    3.72384e+04   -2.93025e+03   -3.73548e+05    2.23573e+03
 Position Rest.      Potential    Kinetic En.   Total Energy  Conserved En.
    6.42375e+02   -2.89651e+05    5.44951e+04   -2.35156e+05   -2.33524e+05
    Temperature Pres. DC (bar) Pressure (bar)   Constr. rmsd
    2.98036e+02   -2.27411e+02    2.30013e+02    3.11624e-06

           Step           Time
          29500       59.00000

   Energies (kJ/mol)
           Bond          Angle    Proper Dih. Per. Imp. Dih.          LJ-14
    1.69111e+03    4.89423e+03    5.73601e+03    3.31873e+02    2.06288e+03
     Coulomb-14        LJ (SR)  Disper. corr.   Coulomb (SR)   Coul. recip.
    3.19039e+04    3.80907e+04   -2.95175e+03   -3.75164e+05    2.26905e+03
 Position Rest.      Potential    Kinetic En.   Total Energy  Conserved En.
    6.90423e+02   -2.90445e+05    5.45935e+04   -2.35852e+05   -2.33525e+05
    Temperature Pres. DC (bar) Pressure (bar)   Constr. rmsd
    2.98574e+02   -2.30756e+02    5.16239e+01    3.07130e-06

           Step           Time
          30000       60.00000

   Energies (kJ/mol)
           Bond          Angle    Proper Dih. Per. Imp. Dih.          LJ-14
    1.66544e+03    5.16497e+03    5.65462e+03    3.03034e+02    2.04091e+03
     Coulomb-14        LJ (SR)  Disper. corr.   Coulomb (SR)   Coul. recip.
    3.20822e+04    3.72367e+04   -2.94808e+03   -3.74237e+05    2.32306e+03
 Position Rest.      Potential    Kinetic En.   Total Energy  Conserved En.
    6.58970e+02   -2.90055e+05    5.51099e+04   -2.34945e+05   -2.33516e+05
    Temperature Pres. DC (bar) Pressure (bar)   Constr. rmsd
    3.01398e+02   -2.30184e+02    1.18886e+02    2.98190e-06

           Step           Time
          30500       61.00000

   Energies (kJ/mol)
           Bond          Angle    Proper Dih. Per. Imp. Dih.          LJ-14
    1.61360e+03    5.16144e+03    5.68101e+03    2.36390e+02    2.07310e+03
     Coulomb-14        LJ (SR)  Disper. corr.   Coulomb (SR)   Coul. recip.
    3.20288e+04    3.71513e+04   -2.93373e+03   -3.73015e+05    2.31930e+03
 Position Rest.      Potential    Kinetic En.   Total Energy  Conserved En.
    6.78680e+02   -2.89005e+05    5.45789e+04   -2.34426e+05   -2.33515e+05
    Temperature Pres. DC (bar) Pressure (bar)   Constr. rmsd
    2.98494e+02   -2.27951e+02   -1.08289e+02    3.35385e-06

           Step           Time
          31000       62.00000

   Energies (kJ/mol)
           Bond          Angle    Proper Dih. Per. Imp. Dih.          LJ-14
    1.59461e+03    5.00886e+03    5.76228e+03    3.09477e+02    2.11215e+03
     Coulomb-14        LJ (SR)  Disper. corr.   Coulomb (SR)   Coul. recip.
    3.19552e+04    3.62853e+04   -2.94452e+03   -3.73017e+05    2.22915e+03
 Position Rest.      Potential    Kinetic En.   Total Energy  Conserved En.
    6.65096e+02   -2.90039e+05    5.45772e+04   -2.35462e+05   -2.33511e+05
    Temperature Pres. DC (bar) Pressure (bar)   Constr. rmsd
    2.98485e+02   -2.29628e+02    1.37551e+02    3.38986e-06

           Step           Time
          31500       63.00000

   Energies (kJ/mol)
           Bond          Angle    Proper Dih. Per. Imp. Dih.          LJ-14
    1.61004e+03    4.88629e+03    5.68935e+03    3.05720e+02    2.03514e+03
     Coulomb-14        LJ (SR)  Disper. corr.   Coulomb (SR)   Coul. recip.
    3.19371e+04    3.64786e+04   -2.93708e+03   -3.72172e+05    2.26198e+03
 Position Rest.      Potential    Kinetic En.   Total Energy  Conserved En.
    6.68438e+02   -2.89236e+05    5.46287e+04   -2.34608e+05   -2.33504e+05
    Temperature Pres. DC (bar) Pressure (bar)   Constr. rmsd
    2.98766e+02   -2.28471e+02   -2.85659e+02    3.22263e-06

           Step           Time
          32000       64.00000

   Energies (kJ/mol)
           Bond          Angle    Proper Dih. Per. Imp. Dih.          LJ-14
    1.63716e+03    5.05722e+03    5.68197e+03    2.92149e+02    2.02498e+03
     Coulomb-14        LJ (SR)  Disper. corr.   Coulomb (SR)   Coul. recip.
    3.18508e+04    3.67971e+04   -2.96486e+03   -3.73356e+05    2.23615e+03
 Position Rest.      Potential    Kinetic En.   Total Energy  Conserved En.
    6.03977e+02   -2.90139e+05    5.48366e+04   -2.35302e+05   -2.33517e+05
    Temperature Pres. DC (bar) Pressure (bar)   Constr. rmsd
    2.99903e+02   -2.32808e+02   -1.48351e+02    3.24993e-06

           Step           Time
          32500       65.00000

   Energies (kJ/mol)
           Bond          Angle    Proper Dih. Per. Imp. Dih.          LJ-14
    1.59337e+03    4.92196e+03    5.74447e+03    2.47891e+02    2.06405e+03
     Coulomb-14        LJ (SR)  Disper. corr.   Coulomb (SR)   Coul. recip.
    3.19007e+04    3.81054e+04   -2.95329e+03   -3.74240e+05    2.26854e+03
 Position Rest.      Potential    Kinetic En.   Total Energy  Conserved En.
    6.43380e+02   -2.89704e+05    5.42220e+04   -2.35482e+05   -2.33512e+05
    Temperature Pres. DC (bar) Pressure (bar)   Constr. rmsd
    2.96542e+02   -2.30996e+02    3.98133e+02    3.48671e-06

           Step           Time
          33000       66.00000

   Energies (kJ/mol)
           Bond          Angle    Proper Dih. Per. Imp. Dih.          LJ-14
    1.51736e+03    4.97786e+03    5.71087e+03    2.77666e+02    2.06748e+03
     Coulomb-14        LJ (SR)  Disper. corr.   Coulomb (SR)   Coul. recip.
    3.18367e+04    3.72278e+04   -2.94859e+03   -3.73756e+05    2.22719e+03
 Position Rest.      Potential    Kinetic En.   Total Energy  Conserved En.
    7.30002e+02   -2.90132e+05    5.47272e+04   -2.35404e+05   -2.33511e+05
    Temperature Pres. DC (bar) Pressure (bar)   Constr. rmsd
    2.99305e+02   -2.30262e+02    1.54497e+02    3.58231e-06

           Step           Time
          33500       67.00000

   Energies (kJ/mol)
           Bond          Angle    Proper Dih. Per. Imp. Dih.          LJ-14
    1.66915e+03    4.99885e+03    5.75187e+03    2.85903e+02    2.06591e+03
     Coulomb-14        LJ (SR)  Disper. corr.   Coulomb (SR)   Coul. recip.
    3.21118e+04    3.63799e+04   -2.93636e+03   -3.72418e+05    2.27045e+03
 Position Rest.      Potential    Kinetic En.   Total Energy  Conserved En.
    7.26768e+02   -2.89094e+05    5.44649e+04   -2.34629e+05   -2.33506e+05
    Temperature Pres. DC (bar) Pressure (bar)   Constr. rmsd
    2.97871e+02   -2.28359e+02   -1.05526e+02    3.33989e-06

           Step           Time
          34000       68.00000

   Energies (kJ/mol)
           Bond          Angle    Proper Dih. Per. Imp. Dih.          LJ-14
    1.68226e+03    5.03613e+03    5.74505e+03    3.18513e+02    2.05325e+03
     Coulomb-14        LJ (SR)  Disper. corr.   Coulomb (SR)   Coul. recip.
    3.17872e+04    3.75805e+04   -2.94642e+03   -3.74279e+05    2.21033e+03
 Position Rest.      Potential    Kinetic En.   Total Energy  Conserved En.
    6.84287e+02   -2.90128e+05    5.51002e+04   -2.35028e+05   -2.33509e+05
    Temperature Pres. DC (bar) Pressure (bar)   Constr. rmsd
    3.01345e+02   -2.29924e+02    1.95654e+02    3.40169e-06

           Step           Time
          34500       69.00000

   Energies (kJ/mol)
           Bond          Angle    Proper Dih. Per. Imp. Dih.          LJ-14
    1.62339e+03    5.01960e+03    5.64302e+03    2.96061e+02    2.05714e+03
     Coulomb-14        LJ (SR)  Disper. corr.   Coulomb (SR)   Coul. recip.
    3.19113e+04    3.71202e+04   -2.93546e+03   -3.72924e+05    2.24181e+03
 Position Rest.      Potential    Kinetic En.   Total Energy  Conserved En.
    6.91728e+02   -2.89256e+05    5.41709e+04   -2.35085e+05   -2.33503e+05
    Temperature Pres. DC (bar) Pressure (bar)   Constr. rmsd
    2.96263e+02   -2.28220e+02   -3.57367e+01    3.27737e-06

           Step           Time
          35000       70.00000

   Energies (kJ/mol)
           Bond          Angle    Proper Dih. Per. Imp. Dih.          LJ-14
    1.63737e+03    4.79278e+03    5.64816e+03    2.99733e+02    2.05830e+03
     Coulomb-14        LJ (SR)  Disper. corr.   Coulomb (SR)   Coul. recip.
    3.20020e+04    3.69824e+04   -2.94884e+03   -3.74008e+05    2.37431e+03
 Position Rest.      Potential    Kinetic En.   Total Energy  Conserved En.
    6.48616e+02   -2.90513e+05    5.48077e+04   -2.35705e+05   -2.33502e+05
    Temperature Pres. DC (bar) Pressure (bar)   Constr. rmsd
    2.99745e+02   -2.30302e+02   -9.06898e+01    3.57517e-06

           Step           Time
          35500       71.00000

   Energies (kJ/mol)
           Bond          Angle    Proper Dih. Per. Imp. Dih.          LJ-14
    1.75980e+03    5.06671e+03    5.70061e+03    2.54755e+02    2.00082e+03
     Coulomb-14        LJ (SR)  Disper. corr.   Coulomb (SR)   Coul. recip.
    3.18683e+04    3.76223e+04   -2.93372e+03   -3.73093e+05    2.25736e+03
 Position Rest.      Potential    Kinetic En.   Total Energy  Conserved En.
    6.09250e+02   -2.88886e+05    5.46730e+04   -2.34213e+05   -2.33484e+05
    Temperature Pres. DC (bar) Pressure (bar)   Constr. rmsd
    2.99009e+02   -2.27949e+02   -1.55605e+02    3.25875e-06

           Step           Time
          36000       72.00000

   Energies (kJ/mol)
           Bond          Angle    Proper Dih. Per. Imp. Dih.          LJ-14
    1.69964e+03    5.03640e+03    5.75572e+03    2.64728e+02    2.03861e+03
     Coulomb-14        LJ (SR)  Disper. corr.   Coulomb (SR)   Coul. recip.
    3.17101e+04    3.72604e+04   -2.94445e+03   -3.73796e+05    2.20678e+03
 Position Rest.      Potential    Kinetic En.   Total Energy  Conserved En.
    6.40426e+02   -2.90127e+05    5.42308e+04   -2.35896e+05   -2.33484e+05
    Temperature Pres. DC (bar) Pressure (bar)   Constr. rmsd
    2.96591e+02   -2.29618e+02   -1.80776e+02    3.01565e-06

           Step           Time
          36500       73.00000

   Energies (kJ/mol)
           Bond          Angle    Proper Dih. Per. Imp. Dih.          LJ-14
    1.68640e+03    4.92778e+03    5.74668e+03    2.82433e+02    2.12940e+03
     Coulomb-14        LJ (SR)  Disper. corr.   Coulomb (SR)   Coul. recip.
    3.19030e+04    3.73789e+04   -2.94007e+03   -3.73627e+05    2.14939e+03
 Position Rest.      Potential    Kinetic En.   Total Energy  Conserved En.
    6.51827e+02   -2.89711e+05    5.48850e+04   -2.34826e+05   -2.33507e+05
    Temperature Pres. DC (bar) Pressure (bar)   Constr. rmsd
    3.00168e+02   -2.28935e+02    1.26677e+02    3.74431e-06

           Step           Time
          37000       74.00000

   Energies (kJ/mol)
           Bond          Angle    Proper Dih. Per. Imp. Dih.          LJ-14
    1.76575e+03    5.06097e+03    5.74337e+03    3.05363e+02    2.01666e+03
     Coulomb-14        LJ (SR)  Disper. corr.   Coulomb (SR)   Coul. recip.
    3.20867e+04    3.73305e+04   -2.94057e+03   -3.73818e+05    2.33684e+03
 Position Rest.      Potential    Kinetic En.   Total Energy  Conserved En.
    6.85399e+02   -2.89427e+05    5.57154e+04   -2.33712e+05   -2.33489e+05
    Temperature Pres. DC (bar) Pressure (bar)   Constr. rmsd
    3.04710e+02   -2.29013e+02   -5.84633e+01    3.05889e-06

           Step           Time
          37500       75.00000

   Energies (kJ/mol)
           Bond          Angle    Proper Dih. Per. Imp. Dih.          LJ-14
    1.62666e+03    5.05875e+03    5.73273e+03    3.20935e+02    2.09015e+03
     Coulomb-14        LJ (SR)  Disper. corr.   Coulomb (SR)   Coul. recip.
    3.19220e+04    3.77751e+04   -2.95646e+03   -3.73733e+05    2.19892e+03
 Position Rest.      Potential    Kinetic En.   Total Energy  Conserved En.
    6.72158e+02   -2.89292e+05    5.47488e+04   -2.34543e+05   -2.33448e+05
    Temperature Pres. DC (bar) Pressure (bar)   Constr. rmsd
    2.99423e+02   -2.31492e+02    5.86870e+02    2.59964e-06

           Step           Time
          38000       76.00000

   Energies (kJ/mol)
           Bond          Angle    Proper Dih. Per. Imp. Dih.          LJ-14
    1.67252e+03    5.01479e+03    5.73986e+03    2.91860e+02    2.06223e+03
     Coulomb-14        LJ (SR)  Disper. corr.   Coulomb (SR)   Coul. recip.
    3.20050e+04    3.64435e+04   -2.92812e+03   -3.72499e+05    2.32552e+03
 Position Rest.      Potential    Kinetic En.   Total Energy  Conserved En.
    6.59762e+02   -2.89212e+05    5.47576e+04   -2.34455e+05   -2.33458e+05
    Temperature Pres. DC (bar) Pressure (bar)   Constr. rmsd
    2.99472e+02   -2.27080e+02   -3.37247e+02    3.16448e-06

           Step           Time
          38500       77.00000

   Energies (kJ/mol)
           Bond          Angle    Proper Dih. Per. Imp. Dih.          LJ-14
    1.58579e+03    5.04038e+03    5.68350e+03    2.82680e+02    2.01258e+03
     Coulomb-14        LJ (SR)  Disper. corr.   Coulomb (SR)   Coul. recip.
    3.20206e+04    3.71939e+04   -2.97015e+03   -3.74466e+05    2.13057e+03
 Position Rest.      Potential    Kinetic En.   Total Energy  Conserved En.
    6.97626e+02   -2.90789e+05    5.42647e+04   -2.36524e+05   -2.33478e+05
    Temperature Pres. DC (bar) Pressure (bar)   Constr. rmsd
    2.96776e+02   -2.33638e+02    2.15352e+02    2.98667e-06

           Step           Time
          39000       78.00000

   Energies (kJ/mol)
           Bond          Angle    Proper Dih. Per. Imp. Dih.          LJ-14
    1.77416e+03    4.96135e+03    5.64512e+03    2.45175e+02    2.06337e+03
     Coulomb-14        LJ (SR)  Disper. corr.   Coulomb (SR)   Coul. recip.
    3.19922e+04    3.67032e+04   -2.94031e+03   -3.73532e+05    2.25701e+03
 Position Rest.      Potential    Kinetic En.   Total Energy  Conserved En.
    7.15016e+02   -2.90115e+05    5.50083e+04   -2.35107e+05   -2.33473e+05
    Temperature Pres. DC (bar) Pressure (bar)   Constr. rmsd
    3.00843e+02   -2.28973e+02   -7.31229e+01    2.90552e-06

           Step           Time
          39500       79.00000

   Energies (kJ/mol)
           Bond          Angle    Proper Dih. Per. Imp. Dih.          LJ-14
    1.75726e+03    5.11869e+03    5.64192e+03    3.20414e+02    2.07388e+03
     Coulomb-14        LJ (SR)  Disper. corr.   Coulomb (SR)   Coul. recip.
    3.18960e+04    3.75893e+04   -2.94404e+03   -3.73417e+05    2.23590e+03
 Position Rest.      Potential    Kinetic En.   Total Energy  Conserved En.
    7.14810e+02   -2.89013e+05    5.54092e+04   -2.33604e+05   -2.33458e+05
    Temperature Pres. DC (bar) Pressure (bar)   Constr. rmsd
    3.03035e+02   -2.29554e+02    6.19148e+01    3.73371e-06

           Step           Time
          40000       80.00000

   Energies (kJ/mol)
           Bond          Angle    Proper Dih. Per. Imp. Dih.          LJ-14
    1.66425e+03    4.96239e+03    5.75487e+03    3.14086e+02    2.11623e+03
     Coulomb-14        LJ (SR)  Disper. corr.   Coulomb (SR)   Coul. recip.
    3.18551e+04    3.79525e+04   -2.93839e+03   -3.74553e+05    2.20389e+03
 Position Rest.      Potential    Kinetic En.   Total Energy  Conserved En.
    6.32398e+02   -2.90036e+05    5.57053e+04   -2.34331e+05   -2.33484e+05
    Temperature Pres. DC (bar) Pressure (bar)   Constr. rmsd
    3.04654e+02   -2.28674e+02    2.18626e+02    3.30008e-06

           Step           Time
          40500       81.00000

   Energies (kJ/mol)
           Bond          Angle    Proper Dih. Per. Imp. Dih.          LJ-14
    1.57963e+03    4.99608e+03    5.68597e+03    2.45522e+02    2.04761e+03
     Coulomb-14        LJ (SR)  Disper. corr.   Coulomb (SR)   Coul. recip.
    3.19632e+04    3.73035e+04   -2.93033e+03   -3.74392e+05    2.27466e+03
 Position Rest.      Potential    Kinetic En.   Total Energy  Conserved En.
    6.19373e+02   -2.90607e+05    5.45809e+04   -2.36026e+05   -2.33459e+05
    Temperature Pres. DC (bar) Pressure (bar)   Constr. rmsd
    2.98505e+02   -2.27424e+02    5.84575e+01    2.86587e-06

           Step           Time
          41000       82.00000

   Energies (kJ/mol)
           Bond          Angle    Proper Dih. Per. Imp. Dih.          LJ-14
    1.67679e+03    4.96425e+03    5.66917e+03    2.55313e+02    2.00490e+03
     Coulomb-14        LJ (SR)  Disper. corr.   Coulomb (SR)   Coul. recip.
    3.20350e+04    3.82811e+04   -2.94384e+03   -3.74828e+05    2.25594e+03
 Position Rest.      Potential    Kinetic En.   Total Energy  Conserved En.
    6.61868e+02   -2.89967e+05    5.53886e+04   -2.34578e+05   -2.33472e+05
    Temperature Pres. DC (bar) Pressure (bar)   Constr. rmsd
    3.02923e+02   -2.29522e+02    3.75239e+02    3.20711e-06

           Step           Time
          41500       83.00000

   Energies (kJ/mol)
           Bond          Angle    Proper Dih. Per. Imp. Dih.          LJ-14
    1.71785e+03    4.83920e+03    5.75973e+03    3.27739e+02    2.01442e+03
     Coulomb-14        LJ (SR)  Disper. corr.   Coulomb (SR)   Coul. recip.
    3.19171e+04    3.68259e+04   -2.94608e+03   -3.72960e+05    2.25321e+03
 Position Rest.      Potential    Kinetic En.   Total Energy  Conserved En.
    6.48168e+02   -2.89602e+05    5.48841e+04   -2.34718e+05   -2.33477e+05
    Temperature Pres. DC (bar) Pressure (bar)   Constr. rmsd
    3.00163e+02   -2.29871e+02   -2.28639e+02    2.97550e-06

           Step           Time
          42000       84.00000

   Energies (kJ/mol)
           Bond          Angle    Proper Dih. Per. Imp. Dih.          LJ-14
    1.74887e+03    5.09307e+03    5.67348e+03    2.59960e+02    2.00626e+03
     Coulomb-14        LJ (SR)  Disper. corr.   Coulomb (SR)   Coul. recip.
    3.19762e+04    3.72926e+04   -2.94648e+03   -3.73425e+05    2.34928e+03
 Position Rest.      Potential    Kinetic En.   Total Energy  Conserved En.
    7.01003e+02   -2.89271e+05    5.47305e+04   -2.34540e+05   -2.33450e+05
    Temperature Pres. DC (bar) Pressure (bar)   Constr. rmsd
    2.99323e+02   -2.29934e+02    5.36074e+01    3.38436e-06

           Step           Time
          42500       85.00000

   Energies (kJ/mol)
           Bond          Angle    Proper Dih. Per. Imp. Dih.          LJ-14
    1.68760e+03    5.06254e+03    5.70897e+03    2.68471e+02    2.04149e+03
     Coulomb-14        LJ (SR)  Disper. corr.   Coulomb (SR)   Coul. recip.
    3.19428e+04    3.69862e+04   -2.96122e+03   -3.73459e+05    2.24091e+03
 Position Rest.      Potential    Kinetic En.   Total Energy  Conserved En.
    6.72755e+02   -2.89809e+05    5.56423e+04   -2.34166e+05   -2.33459e+05
    Temperature Pres. DC (bar) Pressure (bar)   Constr. rmsd
    3.04310e+02   -2.32237e+02   -8.56488e+00    3.52314e-06

           Step           Time
          43000       86.00000

   Energies (kJ/mol)
           Bond          Angle    Proper Dih. Per. Imp. Dih.          LJ-14
    1.64085e+03    4.94558e+03    5.71561e+03    2.78890e+02    2.07135e+03
     Coulomb-14        LJ (SR)  Disper. corr.   Coulomb (SR)   Coul. recip.
    3.20229e+04    3.72903e+04   -2.96200e+03   -3.73936e+05    2.20684e+03
 Position Rest.      Potential    Kinetic En.   Total Energy  Conserved En.
    7.17162e+02   -2.90009e+05    5.46414e+04   -2.35368e+05   -2.33456e+05
    Temperature Pres. DC (bar) Pressure (bar)   Constr. rmsd
    2.98836e+02   -2.32360e+02    3.41408e+02    3.31207e-06

           Step           Time
          43500       87.00000

   Energies (kJ/mol)
           Bond          Angle    Proper Dih. Per. Imp. Dih.          LJ-14
    1.66850e+03    5.04397e+03    5.68821e+03    2.95656e+02    2.12183e+03
     Coulomb-14        LJ (SR)  Disper. corr.   Coulomb (SR)   Coul. recip.
    3.20456e+04    3.67554e+04   -2.94355e+03   -3.73134e+05    2.21562e+03
 Position Rest.      Potential    Kinetic En.   Total Energy  Conserved En.
    6.63086e+02   -2.89580e+05    5.47550e+04   -2.34824e+05   -2.33442e+05
    Temperature Pres. DC (bar) Pressure (bar)   Constr. rmsd
    2.99457e+02   -2.29477e+02    1.37525e+02    3.10294e-06

           Step           Time
          44000       88.00000

   Energies (kJ/mol)
           Bond          Angle    Proper Dih. Per. Imp. Dih.          LJ-14
    1.76631e+03    4.87215e+03    5.74812e+03    2.60148e+02    1.96733e+03
     Coulomb-14        LJ (SR)  Disper. corr.   Coulomb (SR)   Coul. recip.
    3.19389e+04    3.67247e+04   -2.94001e+03   -3.72894e+05    2.25468e+03
 Position Rest.      Potential    Kinetic En.   Total Energy  Conserved En.
    7.15274e+02   -2.89586e+05    5.47385e+04   -2.34848e+05   -2.33453e+05
    Temperature Pres. DC (bar) Pressure (bar)   Constr. rmsd
    2.99367e+02   -2.28926e+02   -2.19857e+02    3.08482e-06

           Step           Time
          44500       89.00000

   Energies (kJ/mol)
           Bond          Angle    Proper Dih. Per. Imp. Dih.          LJ-14
    1.63685e+03    5.03071e+03    5.63860e+03    2.93079e+02    2.00724e+03
     Coulomb-14        LJ (SR)  Disper. corr.   Coulomb (SR)   Coul. recip.
    3.18615e+04    3.63498e+04   -2.94107e+03   -3.72284e+05    2.25741e+03
 Position Rest.      Potential    Kinetic En.   Total Energy  Conserved En.
    7.28770e+02   -2.89421e+05    5.45866e+04   -2.34834e+05   -2.33430e+05
    Temperature Pres. DC (bar) Pressure (bar)   Constr. rmsd
    2.98536e+02   -2.29091e+02   -1.42340e+02    3.36924e-06

           Step           Time
          45000       90.00000

   Energies (kJ/mol)
           Bond          Angle    Proper Dih. Per. Imp. Dih.          LJ-14
    1.61233e+03    5.11459e+03    5.69116e+03    2.82782e+02    2.05413e+03
     Coulomb-14        LJ (SR)  Disper. corr.   Coulomb (SR)   Coul. recip.
    3.19662e+04    3.70386e+04   -2.95239e+03   -3.74155e+05    2.29829e+03
 Position Rest.      Potential    Kinetic En.   Total Energy  Conserved En.
    6.43412e+02   -2.90406e+05    5.43482e+04   -2.36058e+05   -2.33424e+05
    Temperature Pres. DC (bar) Pressure (bar)   Constr. rmsd
    2.97232e+02   -2.30856e+02    4.93577e+00    3.02503e-06

           Step           Time
          45500       91.00000

   Energies (kJ/mol)
           Bond          Angle    Proper Dih. Per. Imp. Dih.          LJ-14
    1.65088e+03    5.10083e+03    5.66141e+03    3.02203e+02    1.98402e+03
     Coulomb-14        LJ (SR)  Disper. corr.   Coulomb (SR)   Coul. recip.
    3.19556e+04    3.67919e+04   -2.94320e+03   -3.72713e+05    2.23822e+03
 Position Rest.      Potential    Kinetic En.   Total Energy  Conserved En.
    6.85230e+02   -2.89286e+05    5.45181e+04   -2.34768e+05   -2.33433e+05
    Temperature Pres. DC (bar) Pressure (bar)   Constr. rmsd
    2.98162e+02   -2.29422e+02   -1.65687e+02    3.36513e-06

           Step           Time
          46000       92.00000

   Energies (kJ/mol)
           Bond          Angle    Proper Dih. Per. Imp. Dih.          LJ-14
    1.74125e+03    4.87947e+03    5.66113e+03    2.92289e+02    2.05667e+03
     Coulomb-14        LJ (SR)  Disper. corr.   Coulomb (SR)   Coul. recip.
    3.20655e+04    3.73150e+04   -2.95565e+03   -3.74311e+05    2.28810e+03
 Position Rest.      Potential    Kinetic En.   Total Energy  Conserved En.
    6.24484e+02   -2.90342e+05    5.45862e+04   -2.35756e+05   -2.33436e+05
    Temperature Pres. DC (bar) Pressure (bar)   Constr. rmsd
    2.98534e+02   -2.31365e+02    1.77562e+01    3.29518e-06

           Step           Time
          46500       93.00000

   Energies (kJ/mol)
           Bond          Angle    Proper Dih. Per. Imp. Dih.          LJ-14
    1.66447e+03    4.99014e+03    5.76907e+03    3.02997e+02    2.00945e+03
     Coulomb-14        LJ (SR)  Disper. corr.   Coulomb (SR)   Coul. recip.
    3.21058e+04    3.57895e+04   -2.94180e+03   -3.71970e+05    2.22957e+03
 Position Rest.      Potential    Kinetic En.   Total Energy  Conserved En.
    6.45963e+02   -2.89405e+05    5.50856e+04   -2.34319e+05   -2.33431e+05
    Temperature Pres. DC (bar) Pressure (bar)   Constr. rmsd
    3.01265e+02   -2.29204e+02   -1.69275e+02    3.05961e-06

           Step           Time
          47000       94.00000

   Energies (kJ/mol)
           Bond          Angle    Proper Dih. Per. Imp. Dih.          LJ-14
    1.67593e+03    5.03767e+03    5.64807e+03    2.55378e+02    2.09040e+03
     Coulomb-14        LJ (SR)  Disper. corr.   Coulomb (SR)   Coul. recip.
    3.19764e+04    3.71553e+04   -2.94874e+03   -3.73968e+05    2.23246e+03
 Position Rest.      Potential    Kinetic En.   Total Energy  Conserved En.
    6.84497e+02   -2.90160e+05    5.45490e+04   -2.35611e+05   -2.33429e+05
    Temperature Pres. DC (bar) Pressure (bar)   Constr. rmsd
    2.98331e+02   -2.30286e+02   -9.74943e+01    3.35439e-06

           Step           Time
          47500       95.00000

   Energies (kJ/mol)
           Bond          Angle    Proper Dih. Per. Imp. Dih.          LJ-14
    1.77766e+03    5.04169e+03    5.73284e+03    2.61235e+02    2.05004e+03
     Coulomb-14        LJ (SR)  Disper. corr.   Coulomb (SR)   Coul. recip.
    3.20227e+04    3.68623e+04   -2.93171e+03   -3.72842e+05    2.24156e+03
 Position Rest.      Potential    Kinetic En.   Total Energy  Conserved En.
    7.07684e+02   -2.89076e+05    5.48146e+04   -2.34261e+05   -2.33416e+05
    Temperature Pres. DC (bar) Pressure (bar)   Constr. rmsd
    2.99783e+02   -2.27637e+02   -1.68507e+02    2.92885e-06

           Step           Time
          48000       96.00000

   Energies (kJ/mol)
           Bond          Angle    Proper Dih. Per. Imp. Dih.          LJ-14
    1.72481e+03    4.95944e+03    5.67434e+03    2.90925e+02    2.02941e+03
     Coulomb-14        LJ (SR)  Disper. corr.   Coulomb (SR)   Coul. recip.
    3.18990e+04    3.75303e+04   -2.94068e+03   -3.74479e+05    2.28097e+03
 Position Rest.      Potential    Kinetic En.   Total Energy  Conserved En.
    6.35896e+02   -2.90395e+05    5.51240e+04   -2.35271e+05   -2.33428e+05
    Temperature Pres. DC (bar) Pressure (bar)   Constr. rmsd
    3.01475e+02   -2.29030e+02   -8.34623e+01    3.05044e-06

           Step           Time
          48500       97.00000

   Energies (kJ/mol)
           Bond          Angle    Proper Dih. Per. Imp. Dih.          LJ-14
    1.62315e+03    5.00117e+03    5.70386e+03    2.94891e+02    2.07498e+03
     Coulomb-14        LJ (SR)  Disper. corr.   Coulomb (SR)   Coul. recip.
    3.19372e+04    3.67972e+04   -2.95092e+03   -3.73744e+05    2.17500e+03
 Position Rest.      Potential    Kinetic En.   Total Energy  Conserved En.
    7.06671e+02   -2.90381e+05    5.51819e+04   -2.35199e+05   -2.33411e+05
    Temperature Pres. DC (bar) Pressure (bar)   Constr. rmsd
    3.01792e+02   -2.30626e+02    9.16516e+01    2.95226e-06

           Step           Time
          49000       98.00000

   Energies (kJ/mol)
           Bond          Angle    Proper Dih. Per. Imp. Dih.          LJ-14
    1.72150e+03    5.00229e+03    5.68591e+03    2.66389e+02    2.09989e+03
     Coulomb-14        LJ (SR)  Disper. corr.   Coulomb (SR)   Coul. recip.
    3.19930e+04    3.65607e+04   -2.93251e+03   -3.72850e+05    2.27295e+03
 Position Rest.      Potential    Kinetic En.   Total Energy  Conserved En.
    6.51394e+02   -2.89529e+05    5.51184e+04   -2.34410e+05   -2.33407e+05
    Temperature Pres. DC (bar) Pressure (bar)   Constr. rmsd
    3.01445e+02   -2.27761e+02   -8.25028e+01    3.05112e-06

           Step           Time
          49500       99.00000

   Energies (kJ/mol)
           Bond          Angle    Proper Dih. Per. Imp. Dih.          LJ-14
    1.70870e+03    5.17923e+03    5.68885e+03    3.14584e+02    2.03762e+03
     Coulomb-14        LJ (SR)  Disper. corr.   Coulomb (SR)   Coul. recip.
    3.18071e+04    3.76109e+04   -2.93832e+03   -3.73892e+05    2.23081e+03
 Position Rest.      Potential    Kinetic En.   Total Energy  Conserved En.
    6.63844e+02   -2.89588e+05    5.56000e+04   -2.33988e+05   -2.33415e+05
    Temperature Pres. DC (bar) Pressure (bar)   Constr. rmsd
    3.04079e+02   -2.28663e+02    1.13404e+00    3.21626e-06

           Step           Time
          50000      100.00000

Writing checkpoint, step 50000 at Wed Dec 20 11:35:29 2023


   Energies (kJ/mol)
           Bond          Angle    Proper Dih. Per. Imp. Dih.          LJ-14
    1.62984e+03    4.97253e+03    5.74745e+03    3.09418e+02    2.04896e+03
     Coulomb-14        LJ (SR)  Disper. corr.   Coulomb (SR)   Coul. recip.
    3.20074e+04    3.75811e+04   -2.94388e+03   -3.74961e+05    2.12525e+03
 Position Rest.      Potential    Kinetic En.   Total Energy  Conserved En.
    7.15778e+02   -2.90767e+05    5.40832e+04   -2.36684e+05   -2.33401e+05
    Temperature Pres. DC (bar) Pressure (bar)   Constr. rmsd
    2.95783e+02   -2.29528e+02    2.57495e+02    2.88959e-06


Energy conservation over simulation part #1 of length 100 ps, time 0 to 100 ps
  Conserved energy drift: 1.63e-04 kJ/mol/ps per atom


	<======  ###############  ==>
	<====  A V E R A G E S  ====>
	<==  ###############  ======>

	Statistics over 50001 steps using 501 frames

   Energies (kJ/mol)
           Bond          Angle    Proper Dih. Per. Imp. Dih.          LJ-14
    1.66973e+03    5.02515e+03    5.71425e+03    2.89889e+02    2.04200e+03
     Coulomb-14        LJ (SR)  Disper. corr.   Coulomb (SR)   Coul. recip.
    3.19445e+04    3.70848e+04   -2.94704e+03   -3.73486e+05    2.23677e+03
 Position Rest.      Potential    Kinetic En.   Total Energy  Conserved En.
    6.61487e+02   -2.89765e+05    5.48734e+04   -2.34891e+05   -2.33563e+05
    Temperature Pres. DC (bar) Pressure (bar)   Constr. rmsd
    3.00105e+02   -2.30025e+02    1.60522e+01    0.00000e+00

          Box-X          Box-Y          Box-Z
    6.70348e+00    6.70348e+00    4.74009e+00

   Total Virial (kJ/mol)
    1.81484e+04   -5.08371e+02    1.36062e+02
   -5.08297e+02    1.83039e+04   -2.94354e+02
    1.35873e+02   -2.94482e+02    1.81171e+04

   Pressure (bar)
    2.17478e+01    8.09306e+01   -2.14803e+01
    8.09191e+01   -3.82646e+00    4.00375e+01
   -2.14507e+01    4.00575e+01    3.02352e+01

      T-Protein  T-non-Protein
    3.00190e+02    3.00092e+02


	M E G A - F L O P S   A C C O U N T I N G

 NB=Group-cutoff nonbonded kernels    NxN=N-by-N cluster Verlet kernels
 RF=Reaction-Field  VdW=Van der Waals  QSTab=quadratic-spline table
 W3=SPC/TIP3p  W4=TIP4p (single or pairs)
 V&F=Potential and force  V=Potential only  F=Force only

 Computing:                               M-Number         M-Flops  % Flops
-----------------------------------------------------------------------------
 Pair Search distance check            7034.566554       63311.099     0.3
 NxN QSTab Elec. + LJ [F]            294875.938312    12089913.471    53.7
 NxN QSTab Elec. + LJ [V&F]            2984.341384      176076.142     0.8
 NxN QSTab Elec. [F]                 235701.364952     8013846.408    35.6
 NxN QSTab Elec. [V&F]                 2385.445752       97803.276     0.4
 1,4 nonbonded interactions             287.655753       25889.018     0.1
 Calc Weights                          3212.164242      115637.913     0.5
 Spread Q Bspline                     68526.170496      137052.341     0.6
 Gather F Bspline                     68526.170496      411157.023     1.8
 3D-FFT                              139519.590336     1116156.723     5.0
 Solve PME                               96.801936        6195.324     0.0
 Reset In Box                            21.414000          64.242     0.0
 CG-CoM                                  21.435414          64.306     0.0
 Bonds                                   56.501130        3333.567     0.0
 Angles                                 200.154003       33625.873     0.1
 Propers                                309.156183       70796.766     0.3
 Impropers                               21.150423        4399.288     0.0
 Pos. Restr.                             55.601112        2780.056     0.0
 Virial                                 107.316459        1931.696     0.0
 Stop-CM                                 10.728414         107.284     0.0
 Calc-Ekin                              214.182828        5782.936     0.0
 Lincs                                   54.001080        3240.065     0.0
 Lincs-Mat                              294.005880        1176.024     0.0
 Constraint-V                          1066.821336        9601.392     0.0
 Constraint-Vir                         101.300256        2431.206     0.0
 Settle                                 319.606392      118254.365     0.5
-----------------------------------------------------------------------------
 Total                                                22510627.802   100.0
-----------------------------------------------------------------------------


    D O M A I N   D E C O M P O S I T I O N   S T A T I S T I C S

 av. #atoms communicated per step for force:  2 x 0.0


     R E A L   C Y C L E   A N D   T I M E   A C C O U N T I N G

On 1 MPI rank, each using 16 OpenMP threads

 Computing:          Num   Num      Call    Wall time         Giga-Cycles
                     Ranks Threads  Count      (s)         total sum    %
-----------------------------------------------------------------------------
 Domain decomp.         1   16       1000       3.763        102.175   1.2
 Neighbor search        1   16       1001       6.439        174.815   2.0
 Force                  1   16      50001     220.228       5978.966  68.7
 PME mesh               1   16      50001      59.202       1607.263  18.5
 NB X/F buffer ops.     1   16      99001      16.860        457.728   5.3
 Write traj.            1   16        101       0.805         21.864   0.3
 Update                 1   16      50001       5.835        158.427   1.8
 Constraints            1   16      50001       5.287        143.533   1.7
 Rest                                           1.965         53.350   0.6
-----------------------------------------------------------------------------
 Total                                        320.385       8698.122 100.0
-----------------------------------------------------------------------------
 Breakdown of PME mesh computation
-----------------------------------------------------------------------------
 PME spread             1   16      50001      25.626        695.713   8.0
 PME gather             1   16      50001      15.254        414.137   4.8
 PME 3D-FFT             1   16     100002      15.472        420.061   4.8
 PME solve Elec         1   16      50001       2.135         57.950   0.7
-----------------------------------------------------------------------------

               Core t (s)   Wall t (s)        (%)
       Time:     5126.165      320.385     1600.0
                 (ns/day)    (hour/ns)
Performance:       26.968        0.890
Finished mdrun on rank 0 Wed Dec 20 11:35:29 2023

