                  :-) GROMACS - gmx mdrun, 2022.3-Fedora38 (-:

Copyright 1991-2022 The GROMACS Authors.
GROMACS is free software; you can redistribute it and/or modify it
under the terms of the GNU Lesser General Public License
as published by the Free Software Foundation; either version 2.1
of the License, or (at your option) any later version.

                         Current GROMACS contributors:
       Mark Abraham           Andrey Alekseenko           Cathrine Bergh      
      Christian Blau            Eliane Briand               Kevin Boyd        
     Oliver Fleetwood         Stefan Fleischmann           Vytas Gapsys       
       Gaurav Garg           Gilles Gouaillardet            Alan Gray         
      Victor Holanda           M. Eric Irrgang              Joe Jordan        
    Christoph Junghans        Prashanth Kanduri           Sebastian Kehl      
     Sebastian Keller          Carsten Kutzner           Magnus Lundborg      
       Pascal Merz              Dmitry Morozov             Szilard Pall       
      Roland Schulz             Michael Shirts         David van der Spoel    
     Alessandra Villa      Sebastian Wingbermuehle        Artem Zhmurov       

                         Previous GROMACS contributors:
        Emile Apol             Rossen Apostolov           James Barnett       
  Herman J.C. Berendsen          Par Bjelkmar           Viacheslav Bolnykh    
    Aldert van Buuren          Carlo Camilloni           Rudi van Drunen      
      Anton Feenstra           Gerrit Groenhof            Bert de Groot       
      Anca Hamuraru           Vincent Hindriksen         Aleksei Iupinov      
   Dimitrios Karkoulis           Peter Kasson               Jiri Kraus        
       Per Larsson             Justin A. Lemkul           Viveca Lindahl      
      Erik Marklund           Pieter Meulenhoff           Vedran Miletic      
      Teemu Murtola              Sander Pronk            Alexey Shvetsov      
      Alfons Sijbers            Peter Tieleman             Jon Vincent        
     Teemu Virolainen         Christian Wennberg           Maarten Wolf       

                  Coordinated by the GROMACS project leaders:
                    Paul Bauer, Berk Hess, and Erik Lindahl

GROMACS:      gmx mdrun, version 2022.3-Fedora38
Executable:   /usr/bin/gmx
Data prefix:  /usr
Working dir:  /home/krir17/Krishna/Academics/Projects/PKM_dec2023/Atomistic
Process ID:   10580
Command line:
  gmx mdrun -deffnm nvt

GROMACS version:    2022.3-Fedora38
Precision:          mixed
Memory model:       64 bit
MPI library:        thread_mpi
OpenMP support:     enabled (GMX_OPENMP_MAX_THREADS = 128)
GPU support:        OpenCL
SIMD instructions:  SSE2
CPU FFT library:    fftw-3.3.10-sse2-avx-avx2-avx2_128
GPU FFT library:    clFFT
RDTSCP usage:       disabled
TNG support:        enabled
Hwloc support:      disabled
Tracing support:    disabled
C compiler:         /usr/bin/gcc GNU 13.0.1
C compiler flags:   -msse2 -Wno-missing-field-initializers -fexcess-precision=fast -funroll-all-loops -DNDEBUG
C++ compiler:       /usr/bin/g++ GNU 13.0.1
C++ compiler flags: -msse2 -Wno-missing-field-initializers -fexcess-precision=fast -funroll-all-loops -fopenmp -DNDEBUG
OpenCL include dir: /usr/include
OpenCL library:     /usr/lib64/libOpenCL.so
OpenCL version:     3.0


Running on 1 node with total 8 cores, 16 processing units (GPU detection failed)
Hardware detected:
  CPU info:
    Vendor: AMD
    Brand:  AMD Ryzen 7 PRO 4750U with Radeon Graphics
    Family: 23   Model: 96   Stepping: 1
    Features: aes amd apic avx avx2 clfsh cmov cx8 cx16 f16c fma htt lahf misalignsse mmx msr nonstop_tsc pclmuldq pdpe1gb popcnt pse rdrnd rdtscp sha sse2 sse3 sse4a sse4.1 sse4.2 ssse3
  Hardware topology: Basic
    Packages, cores, and logical processors:
    [indices refer to OS logical processors]
      Package  0: [   0   1] [   2   3] [   4   5] [   6   7] [   8   9] [  10  11] [  12  13] [  14  15]
    CPU limit set by OS: -1   Recommended max number of threads: 16

Highest SIMD level supported by all nodes in run: AVX2_256
SIMD instructions selected at compile time:       SSE2
This program was compiled for different hardware than you are running on,
which could influence performance.
The current CPU can measure timings more accurately than the code in
gmx mdrun was configured to use. This might affect your simulation
speed as accurate timings are needed for load-balancing.
Please consider rebuilding gmx mdrun with the GMX_USE_RDTSCP=ON CMake option.

++++ PLEASE READ AND CITE THE FOLLOWING REFERENCE ++++
M. J. Abraham, T. Murtola, R. Schulz, S. Páll, J. C. Smith, B. Hess, E.
Lindahl
GROMACS: High performance molecular simulations through multi-level
parallelism from laptops to supercomputers
SoftwareX 1 (2015) pp. 19-25
-------- -------- --- Thank You --- -------- --------


++++ PLEASE READ AND CITE THE FOLLOWING REFERENCE ++++
S. Páll, M. J. Abraham, C. Kutzner, B. Hess, E. Lindahl
Tackling Exascale Software Challenges in Molecular Dynamics Simulations with
GROMACS
In S. Markidis & E. Laure (Eds.), Solving Software Challenges for Exascale 8759 (2015) pp. 3-27
-------- -------- --- Thank You --- -------- --------


++++ PLEASE READ AND CITE THE FOLLOWING REFERENCE ++++
S. Pronk, S. Páll, R. Schulz, P. Larsson, P. Bjelkmar, R. Apostolov, M. R.
Shirts, J. C. Smith, P. M. Kasson, D. van der Spoel, B. Hess, and E. Lindahl
GROMACS 4.5: a high-throughput and highly parallel open source molecular
simulation toolkit
Bioinformatics 29 (2013) pp. 845-54
-------- -------- --- Thank You --- -------- --------


++++ PLEASE READ AND CITE THE FOLLOWING REFERENCE ++++
B. Hess and C. Kutzner and D. van der Spoel and E. Lindahl
GROMACS 4: Algorithms for highly efficient, load-balanced, and scalable
molecular simulation
J. Chem. Theory Comput. 4 (2008) pp. 435-447
-------- -------- --- Thank You --- -------- --------


++++ PLEASE READ AND CITE THE FOLLOWING REFERENCE ++++
D. van der Spoel, E. Lindahl, B. Hess, G. Groenhof, A. E. Mark and H. J. C.
Berendsen
GROMACS: Fast, Flexible and Free
J. Comp. Chem. 26 (2005) pp. 1701-1719
-------- -------- --- Thank You --- -------- --------


++++ PLEASE READ AND CITE THE FOLLOWING REFERENCE ++++
E. Lindahl and B. Hess and D. van der Spoel
GROMACS 3.0: A package for molecular simulation and trajectory analysis
J. Mol. Mod. 7 (2001) pp. 306-317
-------- -------- --- Thank You --- -------- --------


++++ PLEASE READ AND CITE THE FOLLOWING REFERENCE ++++
H. J. C. Berendsen, D. van der Spoel and R. van Drunen
GROMACS: A message-passing parallel molecular dynamics implementation
Comp. Phys. Comm. 91 (1995) pp. 43-56
-------- -------- --- Thank You --- -------- --------

Input Parameters:
   integrator                     = md
   tinit                          = 0
   dt                             = 0.002
   nsteps                         = 25000
   init-step                      = 0
   simulation-part                = 1
   mts                            = false
   comm-mode                      = Linear
   nstcomm                        = 100
   bd-fric                        = 0
   ld-seed                        = -554993217
   emtol                          = 10
   emstep                         = 0.01
   niter                          = 20
   fcstep                         = 0
   nstcgsteep                     = 1000
   nbfgscorr                      = 10
   rtpi                           = 0.05
   nstxout                        = 500
   nstvout                        = 500
   nstfout                        = 0
   nstlog                         = 500
   nstcalcenergy                  = 100
   nstenergy                      = 500
   nstxout-compressed             = 0
   compressed-x-precision         = 1000
   cutoff-scheme                  = Verlet
   nstlist                        = 10
   pbc                            = xyz
   periodic-molecules             = false
   verlet-buffer-tolerance        = 0.005
   rlist                          = 1
   coulombtype                    = PME
   coulomb-modifier               = Potential-shift
   rcoulomb-switch                = 0
   rcoulomb                       = 1
   epsilon-r                      = 1
   epsilon-rf                     = inf
   vdw-type                       = Cut-off
   vdw-modifier                   = Potential-shift
   rvdw-switch                    = 0
   rvdw                           = 1
   DispCorr                       = EnerPres
   table-extension                = 1
   fourierspacing                 = 0.16
   fourier-nx                     = 44
   fourier-ny                     = 44
   fourier-nz                     = 44
   pme-order                      = 4
   ewald-rtol                     = 1e-05
   ewald-rtol-lj                  = 0.001
   lj-pme-comb-rule               = Geometric
   ewald-geometry                 = 3d
   epsilon-surface                = 0
   tcoupl                         = V-rescale
   nsttcouple                     = 10
   nh-chain-length                = 0
   print-nose-hoover-chain-variables = false
   pcoupl                         = No
   pcoupltype                     = Isotropic
   nstpcouple                     = -1
   tau-p                          = 1
   compressibility (3x3):
      compressibility[    0]={ 0.00000e+00,  0.00000e+00,  0.00000e+00}
      compressibility[    1]={ 0.00000e+00,  0.00000e+00,  0.00000e+00}
      compressibility[    2]={ 0.00000e+00,  0.00000e+00,  0.00000e+00}
   ref-p (3x3):
      ref-p[    0]={ 0.00000e+00,  0.00000e+00,  0.00000e+00}
      ref-p[    1]={ 0.00000e+00,  0.00000e+00,  0.00000e+00}
      ref-p[    2]={ 0.00000e+00,  0.00000e+00,  0.00000e+00}
   refcoord-scaling               = No
   posres-com (3):
      posres-com[0]= 0.00000e+00
      posres-com[1]= 0.00000e+00
      posres-com[2]= 0.00000e+00
   posres-comB (3):
      posres-comB[0]= 0.00000e+00
      posres-comB[1]= 0.00000e+00
      posres-comB[2]= 0.00000e+00
   QMMM                           = false
qm-opts:
   ngQM                           = 0
   constraint-algorithm           = Lincs
   continuation                   = false
   Shake-SOR                      = false
   shake-tol                      = 0.0001
   lincs-order                    = 4
   lincs-iter                     = 1
   lincs-warnangle                = 30
   nwall                          = 0
   wall-type                      = 9-3
   wall-r-linpot                  = -1
   wall-atomtype[0]               = -1
   wall-atomtype[1]               = -1
   wall-density[0]                = 0
   wall-density[1]                = 0
   wall-ewald-zfac                = 3
   pull                           = false
   awh                            = false
   rotation                       = false
   interactiveMD                  = false
   disre                          = No
   disre-weighting                = Conservative
   disre-mixed                    = false
   dr-fc                          = 1000
   dr-tau                         = 0
   nstdisreout                    = 100
   orire-fc                       = 0
   orire-tau                      = 0
   nstorireout                    = 100
   free-energy                    = no
   cos-acceleration               = 0
   deform (3x3):
      deform[    0]={ 0.00000e+00,  0.00000e+00,  0.00000e+00}
      deform[    1]={ 0.00000e+00,  0.00000e+00,  0.00000e+00}
      deform[    2]={ 0.00000e+00,  0.00000e+00,  0.00000e+00}
   simulated-tempering            = false
   swapcoords                     = no
   userint1                       = 0
   userint2                       = 0
   userint3                       = 0
   userint4                       = 0
   userreal1                      = 0
   userreal2                      = 0
   userreal3                      = 0
   userreal4                      = 0
   applied-forces:
     electric-field:
       x:
         E0                       = 0
         omega                    = 0
         t0                       = 0
         sigma                    = 0
       y:
         E0                       = 0
         omega                    = 0
         t0                       = 0
         sigma                    = 0
       z:
         E0                       = 0
         omega                    = 0
         t0                       = 0
         sigma                    = 0
     density-guided-simulation:
       active                     = false
       group                      = protein
       similarity-measure         = inner-product
       atom-spreading-weight      = unity
       force-constant             = 1e+09
       gaussian-transform-spreading-width = 0.2
       gaussian-transform-spreading-range-in-multiples-of-width = 4
       reference-density-filename = reference.mrc
       nst                        = 1
       normalize-densities        = true
       adaptive-force-scaling     = false
       adaptive-force-scaling-time-constant = 4
       shift-vector               = 
       transformation-matrix      = 
     qmmm-cp2k:
       active                     = false
       qmgroup                    = System
       qmmethod                   = PBE
       qmfilenames                = 
       qmcharge                   = 0
       qmmultiplicity             = 1
grpopts:
   nrdf:     5495.62     38487.4
   ref-t:         300         300
   tau-t:         0.1         0.1
annealing:          No          No
annealing-npoints:           0           0
   acc:	           0           0           0
   nfreeze:           N           N           N
   energygrp-flags[  0]: 0

Changing nstlist from 10 to 50, rlist from 1 to 1.103


Initializing Domain Decomposition on 1 ranks
Dynamic load balancing: auto
Using update groups, nr 7550, average size 2.8 atoms, max. radius 0.104 nm
Minimum cell size due to atom displacement: 0.400 nm
Initial maximum distances in bonded interactions:
    two-body bonded interactions: 0.455 nm, LJ-14, atoms 826 2094
  multi-body bonded interactions: 0.455 nm, Proper Dih., atoms 826 2094
Minimum cell size due to bonded interactions: 0.500 nm
Using 0 separate PME ranks because: there are too few total ranks for efficient splitting
Optimizing the DD grid for 1 cells with a minimum initial size of 0.500 nm
The maximum allowed number of cells is: X 11 Y 11 Z 9
Domain decomposition grid 1 x 1 x 1, separate PME ranks 0
PME domain decomposition: 1 x 1 x 1

The initial number of communication pulses is:
The initial domain decomposition cell size is:

The maximum allowed distance for atom groups involved in interactions is:
                 non-bonded interactions           1.311 nm
            two-body bonded interactions  (-rdd)   1.311 nm
          multi-body bonded interactions  (-rdd)   1.311 nm

When dynamic load balancing gets turned on, these settings will change to:
The maximum number of communication pulses is:
The minimum size for domain decomposition cells is 1.311 nm
The requested allowed shrink of DD cells (option -dds) is: 0.80
The allowed shrink of domain decomposition cells is:
The maximum allowed distance for atom groups involved in interactions is:
                 non-bonded interactions           1.311 nm
            two-body bonded interactions  (-rdd)   1.311 nm
          multi-body bonded interactions  (-rdd)   1.311 nm

Using 1 MPI thread
Using 16 OpenMP threads 

Pinning threads with an auto-selected logical cpu stride of 1
System total charge: -0.000
Will do PME sum in reciprocal space for electrostatic interactions.

++++ PLEASE READ AND CITE THE FOLLOWING REFERENCE ++++
U. Essmann, L. Perera, M. L. Berkowitz, T. Darden, H. Lee and L. G. Pedersen 
A smooth particle mesh Ewald method
J. Chem. Phys. 103 (1995) pp. 8577-8592
-------- -------- --- Thank You --- -------- --------

Using a Gaussian width (1/beta) of 0.320163 nm for Ewald
Potential shift: LJ r^-12: -1.000e+00 r^-6: -1.000e+00, Ewald -1.000e-05
Initialized non-bonded Coulomb Ewald tables, spacing: 9.33e-04 size: 1073

Generated table with 1051 data points for 1-4 COUL.
Tabscale = 500 points/nm
Generated table with 1051 data points for 1-4 LJ6.
Tabscale = 500 points/nm
Generated table with 1051 data points for 1-4 LJ12.
Tabscale = 500 points/nm
Long Range LJ corr.: <C6> 3.2719e-04


Using SIMD 4x4 nonbonded short-range kernels

Using a dual 4x4 pair-list setup updated with dynamic pruning:
  outer list: updated every 50 steps, buffer 0.103 nm, rlist 1.103 nm
  inner list: updated every 13 steps, buffer 0.003 nm, rlist 1.003 nm
At tolerance 0.005 kJ/mol/ps per atom, equivalent classical 1x1 list would be:
  outer list: updated every 50 steps, buffer 0.229 nm, rlist 1.229 nm
  inner list: updated every 13 steps, buffer 0.051 nm, rlist 1.051 nm

Using Lorentz-Berthelot Lennard-Jones combination rule
Removing pbc first time

Linking all bonded interactions to atoms


Initializing LINear Constraint Solver

++++ PLEASE READ AND CITE THE FOLLOWING REFERENCE ++++
B. Hess and H. Bekker and H. J. C. Berendsen and J. G. E. M. Fraaije
LINCS: A Linear Constraint Solver for molecular simulations
J. Comp. Chem. 18 (1997) pp. 1463-1472
-------- -------- --- Thank You --- -------- --------

The number of constraints is 1080

++++ PLEASE READ AND CITE THE FOLLOWING REFERENCE ++++
S. Miyamoto and P. A. Kollman
SETTLE: An Analytical Version of the SHAKE and RATTLE Algorithms for Rigid
Water Models
J. Comp. Chem. 13 (1992) pp. 952-962
-------- -------- --- Thank You --- -------- --------


++++ PLEASE READ AND CITE THE FOLLOWING REFERENCE ++++
G. Bussi, D. Donadio and M. Parrinello
Canonical sampling through velocity rescaling
J. Chem. Phys. 126 (2007) pp. 014101
-------- -------- --- Thank You --- -------- --------

There are: 21414 Atoms

Atom distribution over 1 domains: av 21414 stddev 0 min 21414 max 21414

Constraining the starting coordinates (step 0)

Constraining the coordinates at t0-dt (step 0)
Center of mass motion removal mode is Linear
We have the following groups for center of mass motion removal:
  0:  rest
RMS relative constraint deviation after constraining: 3.01e-06
Initial temperature: 300.481 K

Started mdrun on rank 0 Wed Dec 20 11:20:38 2023

           Step           Time
              0        0.00000

   Energies (kJ/mol)
           Bond          Angle    Proper Dih. Per. Imp. Dih.          LJ-14
    2.95925e+02    1.75972e+03    5.55449e+03    8.64375e+01    1.96909e+03
     Coulomb-14        LJ (SR)  Disper. corr.   Coulomb (SR)   Coul. recip.
    3.20927e+04    3.85114e+04   -2.87983e+03   -4.10387e+05    3.24501e+03
 Position Rest.      Potential    Kinetic En.   Total Energy  Conserved En.
    8.89963e-04   -3.29752e+05    5.49461e+04   -2.74806e+05   -2.74806e+05
    Temperature Pres. DC (bar) Pressure (bar)   Constr. rmsd
    3.00502e+02   -2.19661e+02   -3.60219e+03    2.95451e-06

           Step           Time
            500        1.00000

   Energies (kJ/mol)
           Bond          Angle    Proper Dih. Per. Imp. Dih.          LJ-14
    1.50496e+03    4.85734e+03    5.86103e+03    2.61336e+02    2.09811e+03
     Coulomb-14        LJ (SR)  Disper. corr.   Coulomb (SR)   Coul. recip.
    3.16906e+04    3.75967e+04   -2.87983e+03   -3.71293e+05    2.39838e+03
 Position Rest.      Potential    Kinetic En.   Total Energy  Conserved En.
    9.54461e+02   -2.86950e+05    5.38100e+04   -2.33140e+05   -2.74204e+05
    Temperature Pres. DC (bar) Pressure (bar)   Constr. rmsd
    2.94289e+02   -2.19661e+02    2.67385e+02    3.09672e-06

           Step           Time
           1000        2.00000

   Energies (kJ/mol)
           Bond          Angle    Proper Dih. Per. Imp. Dih.          LJ-14
    1.60783e+03    4.93050e+03    5.84496e+03    3.25237e+02    2.07902e+03
     Coulomb-14        LJ (SR)  Disper. corr.   Coulomb (SR)   Coul. recip.
    3.19206e+04    3.63611e+04   -2.87983e+03   -3.71352e+05    2.41306e+03
 Position Rest.      Potential    Kinetic En.   Total Energy  Conserved En.
    9.37654e+02   -2.87812e+05    5.43831e+04   -2.33429e+05   -2.74191e+05
    Temperature Pres. DC (bar) Pressure (bar)   Constr. rmsd
    2.97423e+02   -2.19661e+02    1.62543e+02    3.27537e-06

           Step           Time
           1500        3.00000

   Energies (kJ/mol)
           Bond          Angle    Proper Dih. Per. Imp. Dih.          LJ-14
    1.71134e+03    5.17183e+03    5.80482e+03    3.50452e+02    2.10117e+03
     Coulomb-14        LJ (SR)  Disper. corr.   Coulomb (SR)   Coul. recip.
    3.17487e+04    3.68060e+04   -2.87983e+03   -3.70448e+05    2.34880e+03
 Position Rest.      Potential    Kinetic En.   Total Energy  Conserved En.
    8.33515e+02   -2.86451e+05    5.44215e+04   -2.32030e+05   -2.74181e+05
    Temperature Pres. DC (bar) Pressure (bar)   Constr. rmsd
    2.97633e+02   -2.19661e+02   -7.12745e+02    2.93327e-06

           Step           Time
           2000        4.00000

   Energies (kJ/mol)
           Bond          Angle    Proper Dih. Per. Imp. Dih.          LJ-14
    1.65401e+03    4.99094e+03    5.86636e+03    3.25985e+02    2.11991e+03
     Coulomb-14        LJ (SR)  Disper. corr.   Coulomb (SR)   Coul. recip.
    3.18816e+04    3.60231e+04   -2.87983e+03   -3.70020e+05    2.33088e+03
 Position Rest.      Potential    Kinetic En.   Total Energy  Conserved En.
    8.84330e+02   -2.86823e+05    5.48414e+04   -2.31982e+05   -2.74180e+05
    Temperature Pres. DC (bar) Pressure (bar)   Constr. rmsd
    2.99930e+02   -2.19661e+02   -8.67334e+02    3.15312e-06

           Step           Time
           2500        5.00000

   Energies (kJ/mol)
           Bond          Angle    Proper Dih. Per. Imp. Dih.          LJ-14
    1.55819e+03    4.95371e+03    5.90192e+03    2.73749e+02    2.15181e+03
     Coulomb-14        LJ (SR)  Disper. corr.   Coulomb (SR)   Coul. recip.
    3.20562e+04    3.57757e+04   -2.87983e+03   -3.69926e+05    2.33092e+03
 Position Rest.      Potential    Kinetic En.   Total Energy  Conserved En.
    7.93272e+02   -2.87010e+05    5.48248e+04   -2.32186e+05   -2.74190e+05
    Temperature Pres. DC (bar) Pressure (bar)   Constr. rmsd
    2.99839e+02   -2.19661e+02   -9.95312e+02    3.05974e-06

           Step           Time
           3000        6.00000

   Energies (kJ/mol)
           Bond          Angle    Proper Dih. Per. Imp. Dih.          LJ-14
    1.64996e+03    4.87293e+03    5.76181e+03    2.90829e+02    2.14335e+03
     Coulomb-14        LJ (SR)  Disper. corr.   Coulomb (SR)   Coul. recip.
    3.18207e+04    3.61019e+04   -2.87983e+03   -3.69834e+05    2.25224e+03
 Position Rest.      Potential    Kinetic En.   Total Energy  Conserved En.
    8.28084e+02   -2.86992e+05    5.50598e+04   -2.31932e+05   -2.74201e+05
    Temperature Pres. DC (bar) Pressure (bar)   Constr. rmsd
    3.01124e+02   -2.19661e+02   -2.61372e+02    3.39484e-06

           Step           Time
           3500        7.00000

   Energies (kJ/mol)
           Bond          Angle    Proper Dih. Per. Imp. Dih.          LJ-14
    1.71004e+03    4.99555e+03    5.81833e+03    2.74526e+02    2.06102e+03
     Coulomb-14        LJ (SR)  Disper. corr.   Coulomb (SR)   Coul. recip.
    3.18806e+04    3.62387e+04   -2.87983e+03   -3.70561e+05    2.29107e+03
 Position Rest.      Potential    Kinetic En.   Total Energy  Conserved En.
    7.77043e+02   -2.87394e+05    5.49281e+04   -2.32466e+05   -2.74187e+05
    Temperature Pres. DC (bar) Pressure (bar)   Constr. rmsd
    3.00404e+02   -2.19661e+02   -7.32621e+02    3.16753e-06

           Step           Time
           4000        8.00000

   Energies (kJ/mol)
           Bond          Angle    Proper Dih. Per. Imp. Dih.          LJ-14
    1.67245e+03    4.93526e+03    5.82632e+03    2.80861e+02    2.07056e+03
     Coulomb-14        LJ (SR)  Disper. corr.   Coulomb (SR)   Coul. recip.
    3.18921e+04    3.66223e+04   -2.87983e+03   -3.71245e+05    2.29321e+03
 Position Rest.      Potential    Kinetic En.   Total Energy  Conserved En.
    8.33280e+02   -2.87698e+05    5.46978e+04   -2.33000e+05   -2.74170e+05
    Temperature Pres. DC (bar) Pressure (bar)   Constr. rmsd
    2.99145e+02   -2.19661e+02   -4.87322e+02    2.60636e-06

           Step           Time
           4500        9.00000

   Energies (kJ/mol)
           Bond          Angle    Proper Dih. Per. Imp. Dih.          LJ-14
    1.64520e+03    5.12962e+03    5.89186e+03    3.23647e+02    2.04666e+03
     Coulomb-14        LJ (SR)  Disper. corr.   Coulomb (SR)   Coul. recip.
    3.18599e+04    3.60385e+04   -2.87983e+03   -3.70468e+05    2.30259e+03
 Position Rest.      Potential    Kinetic En.   Total Energy  Conserved En.
    8.59534e+02   -2.87251e+05    5.48449e+04   -2.32406e+05   -2.74176e+05
    Temperature Pres. DC (bar) Pressure (bar)   Constr. rmsd
    2.99949e+02   -2.19661e+02   -3.39370e+02    2.93458e-06

           Step           Time
           5000       10.00000

   Energies (kJ/mol)
           Bond          Angle    Proper Dih. Per. Imp. Dih.          LJ-14
    1.61848e+03    4.81840e+03    5.70912e+03    2.66687e+02    2.08262e+03
     Coulomb-14        LJ (SR)  Disper. corr.   Coulomb (SR)   Coul. recip.
    3.18905e+04    3.66443e+04   -2.87983e+03   -3.71089e+05    2.28291e+03
 Position Rest.      Potential    Kinetic En.   Total Energy  Conserved En.
    8.59709e+02   -2.87796e+05    5.48766e+04   -2.32919e+05   -2.74197e+05
    Temperature Pres. DC (bar) Pressure (bar)   Constr. rmsd
    3.00122e+02   -2.19661e+02   -2.95310e+02    3.10901e-06

           Step           Time
           5500       11.00000

   Energies (kJ/mol)
           Bond          Angle    Proper Dih. Per. Imp. Dih.          LJ-14
    1.70557e+03    4.90335e+03    5.83433e+03    3.21877e+02    2.12265e+03
     Coulomb-14        LJ (SR)  Disper. corr.   Coulomb (SR)   Coul. recip.
    3.19680e+04    3.60392e+04   -2.87983e+03   -3.70739e+05    2.32829e+03
 Position Rest.      Potential    Kinetic En.   Total Energy  Conserved En.
    8.36057e+02   -2.87560e+05    5.48254e+04   -2.32734e+05   -2.74184e+05
    Temperature Pres. DC (bar) Pressure (bar)   Constr. rmsd
    2.99842e+02   -2.19661e+02   -2.87164e+02    2.89272e-06

           Step           Time
           6000       12.00000

   Energies (kJ/mol)
           Bond          Angle    Proper Dih. Per. Imp. Dih.          LJ-14
    1.63717e+03    4.92229e+03    5.86048e+03    2.81159e+02    2.10049e+03
     Coulomb-14        LJ (SR)  Disper. corr.   Coulomb (SR)   Coul. recip.
    3.19112e+04    3.61725e+04   -2.87983e+03   -3.70651e+05    2.33931e+03
 Position Rest.      Potential    Kinetic En.   Total Energy  Conserved En.
    8.31236e+02   -2.87475e+05    5.51065e+04   -2.32368e+05   -2.74165e+05
    Temperature Pres. DC (bar) Pressure (bar)   Constr. rmsd
    3.01380e+02   -2.19661e+02   -4.83840e+02    3.16046e-06

           Step           Time
           6500       13.00000

   Energies (kJ/mol)
           Bond          Angle    Proper Dih. Per. Imp. Dih.          LJ-14
    1.63657e+03    4.89539e+03    5.80753e+03    2.68545e+02    2.07495e+03
     Coulomb-14        LJ (SR)  Disper. corr.   Coulomb (SR)   Coul. recip.
    3.20168e+04    3.70334e+04   -2.87983e+03   -3.71813e+05    2.29287e+03
 Position Rest.      Potential    Kinetic En.   Total Energy  Conserved En.
    8.29438e+02   -2.87837e+05    5.42955e+04   -2.33542e+05   -2.74168e+05
    Temperature Pres. DC (bar) Pressure (bar)   Constr. rmsd
    2.96944e+02   -2.19661e+02   -3.87270e+02    3.04038e-06

           Step           Time
           7000       14.00000

   Energies (kJ/mol)
           Bond          Angle    Proper Dih. Per. Imp. Dih.          LJ-14
    1.64431e+03    4.92819e+03    5.75679e+03    2.83411e+02    2.10767e+03
     Coulomb-14        LJ (SR)  Disper. corr.   Coulomb (SR)   Coul. recip.
    3.18744e+04    3.69709e+04   -2.87983e+03   -3.72163e+05    2.33807e+03
 Position Rest.      Potential    Kinetic En.   Total Energy  Conserved En.
    8.61652e+02   -2.88278e+05    5.44078e+04   -2.33870e+05   -2.74171e+05
    Temperature Pres. DC (bar) Pressure (bar)   Constr. rmsd
    2.97558e+02   -2.19661e+02   -3.28603e+02    3.19673e-06

           Step           Time
           7500       15.00000

   Energies (kJ/mol)
           Bond          Angle    Proper Dih. Per. Imp. Dih.          LJ-14
    1.70799e+03    5.17037e+03    5.78773e+03    2.97180e+02    2.05836e+03
     Coulomb-14        LJ (SR)  Disper. corr.   Coulomb (SR)   Coul. recip.
    3.18477e+04    3.60307e+04   -2.87983e+03   -3.70401e+05    2.30664e+03
 Position Rest.      Potential    Kinetic En.   Total Energy  Conserved En.
    8.57226e+02   -2.87217e+05    5.47918e+04   -2.32425e+05   -2.74155e+05
    Temperature Pres. DC (bar) Pressure (bar)   Constr. rmsd
    2.99659e+02   -2.19661e+02   -7.91475e+02    3.31699e-06

           Step           Time
           8000       16.00000

   Energies (kJ/mol)
           Bond          Angle    Proper Dih. Per. Imp. Dih.          LJ-14
    1.69538e+03    5.04140e+03    5.84050e+03    2.56044e+02    2.08274e+03
     Coulomb-14        LJ (SR)  Disper. corr.   Coulomb (SR)   Coul. recip.
    3.19135e+04    3.58351e+04   -2.87983e+03   -3.71054e+05    2.31982e+03
 Position Rest.      Potential    Kinetic En.   Total Energy  Conserved En.
    8.35206e+02   -2.88115e+05    5.47387e+04   -2.33376e+05   -2.74166e+05
    Temperature Pres. DC (bar) Pressure (bar)   Constr. rmsd
    2.99368e+02   -2.19661e+02   -7.39716e+02    3.01966e-06

           Step           Time
           8500       17.00000

   Energies (kJ/mol)
           Bond          Angle    Proper Dih. Per. Imp. Dih.          LJ-14
    1.61952e+03    5.04277e+03    5.83632e+03    2.61013e+02    2.13085e+03
     Coulomb-14        LJ (SR)  Disper. corr.   Coulomb (SR)   Coul. recip.
    3.18916e+04    3.63667e+04   -2.87983e+03   -3.70986e+05    2.36727e+03
 Position Rest.      Potential    Kinetic En.   Total Energy  Conserved En.
    8.61420e+02   -2.87488e+05    5.46872e+04   -2.32801e+05   -2.74163e+05
    Temperature Pres. DC (bar) Pressure (bar)   Constr. rmsd
    2.99087e+02   -2.19661e+02   -6.32723e+02    3.12870e-06

           Step           Time
           9000       18.00000

   Energies (kJ/mol)
           Bond          Angle    Proper Dih. Per. Imp. Dih.          LJ-14
    1.69278e+03    5.00948e+03    5.81257e+03    2.66333e+02    2.03649e+03
     Coulomb-14        LJ (SR)  Disper. corr.   Coulomb (SR)   Coul. recip.
    3.18514e+04    3.69041e+04   -2.87983e+03   -3.72084e+05    2.24621e+03
 Position Rest.      Potential    Kinetic En.   Total Energy  Conserved En.
    9.09397e+02   -2.88235e+05    5.49931e+04   -2.33242e+05   -2.74180e+05
    Temperature Pres. DC (bar) Pressure (bar)   Constr. rmsd
    3.00759e+02   -2.19661e+02   -9.53323e+02    3.48011e-06

           Step           Time
           9500       19.00000

   Energies (kJ/mol)
           Bond          Angle    Proper Dih. Per. Imp. Dih.          LJ-14
    1.78974e+03    5.16458e+03    5.72337e+03    2.65747e+02    2.03994e+03
     Coulomb-14        LJ (SR)  Disper. corr.   Coulomb (SR)   Coul. recip.
    3.18529e+04    3.66576e+04   -2.87983e+03   -3.71253e+05    2.36810e+03
 Position Rest.      Potential    Kinetic En.   Total Energy  Conserved En.
    8.78917e+02   -2.87392e+05    5.56255e+04   -2.31766e+05   -2.74169e+05
    Temperature Pres. DC (bar) Pressure (bar)   Constr. rmsd
    3.04218e+02   -2.19661e+02   -6.13929e+02    3.37927e-06

           Step           Time
          10000       20.00000

   Energies (kJ/mol)
           Bond          Angle    Proper Dih. Per. Imp. Dih.          LJ-14
    1.67250e+03    4.89271e+03    5.78640e+03    2.89330e+02    2.08557e+03
     Coulomb-14        LJ (SR)  Disper. corr.   Coulomb (SR)   Coul. recip.
    3.17990e+04    3.72109e+04   -2.87983e+03   -3.72170e+05    2.25645e+03
 Position Rest.      Potential    Kinetic En.   Total Energy  Conserved En.
    8.62637e+02   -2.88195e+05    5.42821e+04   -2.33913e+05   -2.74183e+05
    Temperature Pres. DC (bar) Pressure (bar)   Constr. rmsd
    2.96871e+02   -2.19661e+02   -5.96591e+02    3.15688e-06

           Step           Time
          10500       21.00000

   Energies (kJ/mol)
           Bond          Angle    Proper Dih. Per. Imp. Dih.          LJ-14
    1.77591e+03    5.01774e+03    5.77728e+03    3.37588e+02    2.06867e+03
     Coulomb-14        LJ (SR)  Disper. corr.   Coulomb (SR)   Coul. recip.
    3.16353e+04    3.63563e+04   -2.87983e+03   -3.70377e+05    2.36736e+03
 Position Rest.      Potential    Kinetic En.   Total Energy  Conserved En.
    8.26625e+02   -2.87094e+05    5.47805e+04   -2.32314e+05   -2.74164e+05
    Temperature Pres. DC (bar) Pressure (bar)   Constr. rmsd
    2.99596e+02   -2.19661e+02   -4.63818e+02    3.21395e-06

           Step           Time
          11000       22.00000

   Energies (kJ/mol)
           Bond          Angle    Proper Dih. Per. Imp. Dih.          LJ-14
    1.72553e+03    4.75665e+03    5.92751e+03    3.11762e+02    2.02619e+03
     Coulomb-14        LJ (SR)  Disper. corr.   Coulomb (SR)   Coul. recip.
    3.18344e+04    3.54621e+04   -2.87983e+03   -3.70661e+05    2.31662e+03
 Position Rest.      Potential    Kinetic En.   Total Energy  Conserved En.
    8.78530e+02   -2.88301e+05    5.49359e+04   -2.33365e+05   -2.74182e+05
    Temperature Pres. DC (bar) Pressure (bar)   Constr. rmsd
    3.00447e+02   -2.19661e+02   -5.43738e+02    3.17001e-06

           Step           Time
          11500       23.00000

   Energies (kJ/mol)
           Bond          Angle    Proper Dih. Per. Imp. Dih.          LJ-14
    1.62596e+03    5.02631e+03    5.84644e+03    3.34424e+02    2.07484e+03
     Coulomb-14        LJ (SR)  Disper. corr.   Coulomb (SR)   Coul. recip.
    3.18686e+04    3.65670e+04   -2.87983e+03   -3.71404e+05    2.33967e+03
 Position Rest.      Potential    Kinetic En.   Total Energy  Conserved En.
    8.79284e+02   -2.87722e+05    5.46564e+04   -2.33065e+05   -2.74166e+05
    Temperature Pres. DC (bar) Pressure (bar)   Constr. rmsd
    2.98918e+02   -2.19661e+02    3.53103e+01    3.02918e-06

           Step           Time
          12000       24.00000

   Energies (kJ/mol)
           Bond          Angle    Proper Dih. Per. Imp. Dih.          LJ-14
    1.63619e+03    4.98566e+03    5.79700e+03    2.61179e+02    2.04062e+03
     Coulomb-14        LJ (SR)  Disper. corr.   Coulomb (SR)   Coul. recip.
    3.18922e+04    3.60275e+04   -2.87983e+03   -3.70576e+05    2.35537e+03
 Position Rest.      Potential    Kinetic En.   Total Energy  Conserved En.
    8.22498e+02   -2.87637e+05    5.45728e+04   -2.33065e+05   -2.74182e+05
    Temperature Pres. DC (bar) Pressure (bar)   Constr. rmsd
    2.98461e+02   -2.19661e+02   -4.83540e+02    3.51132e-06

           Step           Time
          12500       25.00000

   Energies (kJ/mol)
           Bond          Angle    Proper Dih. Per. Imp. Dih.          LJ-14
    1.66639e+03    5.05670e+03    5.82795e+03    3.35098e+02    2.10124e+03
     Coulomb-14        LJ (SR)  Disper. corr.   Coulomb (SR)   Coul. recip.
    3.18965e+04    3.62426e+04   -2.87983e+03   -3.70599e+05    2.28134e+03
 Position Rest.      Potential    Kinetic En.   Total Energy  Conserved En.
    8.94474e+02   -2.87176e+05    5.42906e+04   -2.32886e+05   -2.74151e+05
    Temperature Pres. DC (bar) Pressure (bar)   Constr. rmsd
    2.96917e+02   -2.19661e+02   -4.21004e+02    3.07039e-06

           Step           Time
          13000       26.00000

   Energies (kJ/mol)
           Bond          Angle    Proper Dih. Per. Imp. Dih.          LJ-14
    1.63678e+03    5.05238e+03    5.79823e+03    2.71828e+02    2.09760e+03
     Coulomb-14        LJ (SR)  Disper. corr.   Coulomb (SR)   Coul. recip.
    3.20559e+04    3.51739e+04   -2.87983e+03   -3.70810e+05    2.30350e+03
 Position Rest.      Potential    Kinetic En.   Total Energy  Conserved En.
    9.09522e+02   -2.88390e+05    5.41630e+04   -2.34227e+05   -2.74162e+05
    Temperature Pres. DC (bar) Pressure (bar)   Constr. rmsd
    2.96219e+02   -2.19661e+02   -7.25858e+02    2.91914e-06

           Step           Time
          13500       27.00000

   Energies (kJ/mol)
           Bond          Angle    Proper Dih. Per. Imp. Dih.          LJ-14
    1.70068e+03    4.96943e+03    5.86849e+03    2.72783e+02    2.10193e+03
     Coulomb-14        LJ (SR)  Disper. corr.   Coulomb (SR)   Coul. recip.
    3.19408e+04    3.66685e+04   -2.87983e+03   -3.71528e+05    2.27310e+03
 Position Rest.      Potential    Kinetic En.   Total Energy  Conserved En.
    8.90133e+02   -2.87722e+05    5.43096e+04   -2.33412e+05   -2.74139e+05
    Temperature Pres. DC (bar) Pressure (bar)   Constr. rmsd
    2.97021e+02   -2.19661e+02   -2.39172e+02    3.69084e-06

           Step           Time
          14000       28.00000

   Energies (kJ/mol)
           Bond          Angle    Proper Dih. Per. Imp. Dih.          LJ-14
    1.60268e+03    4.96454e+03    5.81701e+03    2.54784e+02    2.07622e+03
     Coulomb-14        LJ (SR)  Disper. corr.   Coulomb (SR)   Coul. recip.
    3.20727e+04    3.63207e+04   -2.87983e+03   -3.71638e+05    2.32456e+03
 Position Rest.      Potential    Kinetic En.   Total Energy  Conserved En.
    8.95254e+02   -2.88189e+05    5.47419e+04   -2.33447e+05   -2.74157e+05
    Temperature Pres. DC (bar) Pressure (bar)   Constr. rmsd
    2.99386e+02   -2.19661e+02   -4.11320e+01    3.01201e-06

           Step           Time
          14500       29.00000

   Energies (kJ/mol)
           Bond          Angle    Proper Dih. Per. Imp. Dih.          LJ-14
    1.52548e+03    4.95179e+03    5.76605e+03    3.04691e+02    2.12152e+03
     Coulomb-14        LJ (SR)  Disper. corr.   Coulomb (SR)   Coul. recip.
    3.19436e+04    3.71629e+04   -2.87983e+03   -3.72707e+05    2.28984e+03
 Position Rest.      Potential    Kinetic En.   Total Energy  Conserved En.
    8.85012e+02   -2.88636e+05    5.51020e+04   -2.33534e+05   -2.74171e+05
    Temperature Pres. DC (bar) Pressure (bar)   Constr. rmsd
    3.01355e+02   -2.19661e+02   -2.69305e+02    3.72229e-06

           Step           Time
          15000       30.00000

   Energies (kJ/mol)
           Bond          Angle    Proper Dih. Per. Imp. Dih.          LJ-14
    1.65495e+03    5.07115e+03    5.78157e+03    2.73303e+02    2.14616e+03
     Coulomb-14        LJ (SR)  Disper. corr.   Coulomb (SR)   Coul. recip.
    3.19305e+04    3.62803e+04   -2.87983e+03   -3.70669e+05    2.36397e+03
 Position Rest.      Potential    Kinetic En.   Total Energy  Conserved En.
    8.87198e+02   -2.87160e+05    5.56062e+04   -2.31554e+05   -2.74145e+05
    Temperature Pres. DC (bar) Pressure (bar)   Constr. rmsd
    3.04112e+02   -2.19661e+02   -9.90723e+01    2.98284e-06

           Step           Time
          15500       31.00000

   Energies (kJ/mol)
           Bond          Angle    Proper Dih. Per. Imp. Dih.          LJ-14
    1.74527e+03    4.96668e+03    5.87045e+03    3.28167e+02    2.11312e+03
     Coulomb-14        LJ (SR)  Disper. corr.   Coulomb (SR)   Coul. recip.
    3.19814e+04    3.65744e+04   -2.87983e+03   -3.71992e+05    2.29959e+03
 Position Rest.      Potential    Kinetic En.   Total Energy  Conserved En.
    8.99949e+02   -2.88093e+05    5.48570e+04   -2.33236e+05   -2.74148e+05
    Temperature Pres. DC (bar) Pressure (bar)   Constr. rmsd
    3.00015e+02   -2.19661e+02   -6.31390e+02    3.27680e-06

           Step           Time
          16000       32.00000

   Energies (kJ/mol)
           Bond          Angle    Proper Dih. Per. Imp. Dih.          LJ-14
    1.65055e+03    5.03714e+03    5.81012e+03    2.63488e+02    2.10182e+03
     Coulomb-14        LJ (SR)  Disper. corr.   Coulomb (SR)   Coul. recip.
    3.19286e+04    3.64798e+04   -2.87983e+03   -3.71231e+05    2.37580e+03
 Position Rest.      Potential    Kinetic En.   Total Energy  Conserved En.
    9.37735e+02   -2.87526e+05    5.50419e+04   -2.32484e+05   -2.74151e+05
    Temperature Pres. DC (bar) Pressure (bar)   Constr. rmsd
    3.01026e+02   -2.19661e+02    2.10816e+02    3.09459e-06

           Step           Time
          16500       33.00000

   Energies (kJ/mol)
           Bond          Angle    Proper Dih. Per. Imp. Dih.          LJ-14
    1.60807e+03    5.01154e+03    5.84816e+03    2.97368e+02    2.05987e+03
     Coulomb-14        LJ (SR)  Disper. corr.   Coulomb (SR)   Coul. recip.
    3.19355e+04    3.64683e+04   -2.87983e+03   -3.71590e+05    2.37254e+03
 Position Rest.      Potential    Kinetic En.   Total Energy  Conserved En.
    8.29836e+02   -2.88039e+05    5.46815e+04   -2.33357e+05   -2.74159e+05
    Temperature Pres. DC (bar) Pressure (bar)   Constr. rmsd
    2.99055e+02   -2.19661e+02   -7.27260e+02    3.10349e-06

           Step           Time
          17000       34.00000

   Energies (kJ/mol)
           Bond          Angle    Proper Dih. Per. Imp. Dih.          LJ-14
    1.61986e+03    4.93428e+03    5.85572e+03    2.72775e+02    2.09219e+03
     Coulomb-14        LJ (SR)  Disper. corr.   Coulomb (SR)   Coul. recip.
    3.17065e+04    3.69253e+04   -2.87983e+03   -3.71260e+05    2.28950e+03
 Position Rest.      Potential    Kinetic En.   Total Energy  Conserved En.
    9.11077e+02   -2.87532e+05    5.50521e+04   -2.32480e+05   -2.74161e+05
    Temperature Pres. DC (bar) Pressure (bar)   Constr. rmsd
    3.01082e+02   -2.19661e+02   -1.51856e+02    3.01339e-06

           Step           Time
          17500       35.00000

   Energies (kJ/mol)
           Bond          Angle    Proper Dih. Per. Imp. Dih.          LJ-14
    1.71388e+03    4.99369e+03    5.81399e+03    2.59118e+02    2.03083e+03
     Coulomb-14        LJ (SR)  Disper. corr.   Coulomb (SR)   Coul. recip.
    3.18503e+04    3.65622e+04   -2.87983e+03   -3.71554e+05    2.27788e+03
 Position Rest.      Potential    Kinetic En.   Total Energy  Conserved En.
    8.34100e+02   -2.88098e+05    5.40184e+04   -2.34079e+05   -2.74147e+05
    Temperature Pres. DC (bar) Pressure (bar)   Constr. rmsd
    2.95429e+02   -2.19661e+02   -8.77261e+02    3.10842e-06

           Step           Time
          18000       36.00000

   Energies (kJ/mol)
           Bond          Angle    Proper Dih. Per. Imp. Dih.          LJ-14
    1.66546e+03    5.03708e+03    5.80005e+03    2.71575e+02    2.04980e+03
     Coulomb-14        LJ (SR)  Disper. corr.   Coulomb (SR)   Coul. recip.
    3.18763e+04    3.69797e+04   -2.87983e+03   -3.72333e+05    2.28475e+03
 Position Rest.      Potential    Kinetic En.   Total Energy  Conserved En.
    8.83272e+02   -2.88365e+05    5.47359e+04   -2.33629e+05   -2.74154e+05
    Temperature Pres. DC (bar) Pressure (bar)   Constr. rmsd
    2.99353e+02   -2.19661e+02   -1.63355e+02    3.12222e-06

           Step           Time
          18500       37.00000

   Energies (kJ/mol)
           Bond          Angle    Proper Dih. Per. Imp. Dih.          LJ-14
    1.68240e+03    5.00372e+03    5.77596e+03    2.69062e+02    1.98957e+03
     Coulomb-14        LJ (SR)  Disper. corr.   Coulomb (SR)   Coul. recip.
    3.19383e+04    3.60579e+04   -2.87983e+03   -3.71627e+05    2.30427e+03
 Position Rest.      Potential    Kinetic En.   Total Energy  Conserved En.
    8.36821e+02   -2.88649e+05    5.47060e+04   -2.33943e+05   -2.74147e+05
    Temperature Pres. DC (bar) Pressure (bar)   Constr. rmsd
    2.99189e+02   -2.19661e+02   -1.11037e+03    3.09824e-06

           Step           Time
          19000       38.00000

   Energies (kJ/mol)
           Bond          Angle    Proper Dih. Per. Imp. Dih.          LJ-14
    1.68915e+03    4.85450e+03    5.86178e+03    2.92224e+02    2.10181e+03
     Coulomb-14        LJ (SR)  Disper. corr.   Coulomb (SR)   Coul. recip.
    3.18288e+04    3.68804e+04   -2.87983e+03   -3.71711e+05    2.35171e+03
 Position Rest.      Potential    Kinetic En.   Total Energy  Conserved En.
    8.31583e+02   -2.87899e+05    5.45888e+04   -2.33310e+05   -2.74151e+05
    Temperature Pres. DC (bar) Pressure (bar)   Constr. rmsd
    2.98548e+02   -2.19661e+02    9.55105e+00    3.04310e-06

           Step           Time
          19500       39.00000

   Energies (kJ/mol)
           Bond          Angle    Proper Dih. Per. Imp. Dih.          LJ-14
    1.57819e+03    5.04904e+03    5.77619e+03    2.98454e+02    2.11983e+03
     Coulomb-14        LJ (SR)  Disper. corr.   Coulomb (SR)   Coul. recip.
    3.19022e+04    3.56572e+04   -2.87983e+03   -3.69883e+05    2.28956e+03
 Position Rest.      Potential    Kinetic En.   Total Energy  Conserved En.
    8.65700e+02   -2.87227e+05    5.55845e+04   -2.31642e+05   -2.74139e+05
    Temperature Pres. DC (bar) Pressure (bar)   Constr. rmsd
    3.03994e+02   -2.19661e+02   -6.40289e+01    3.37052e-06

           Step           Time
          20000       40.00000

   Energies (kJ/mol)
           Bond          Angle    Proper Dih. Per. Imp. Dih.          LJ-14
    1.64741e+03    5.11736e+03    5.90545e+03    3.15244e+02    2.16308e+03
     Coulomb-14        LJ (SR)  Disper. corr.   Coulomb (SR)   Coul. recip.
    3.18077e+04    3.62628e+04   -2.87983e+03   -3.69925e+05    2.23733e+03
 Position Rest.      Potential    Kinetic En.   Total Energy  Conserved En.
    8.25756e+02   -2.86522e+05    5.56477e+04   -2.30875e+05   -2.74146e+05
    Temperature Pres. DC (bar) Pressure (bar)   Constr. rmsd
    3.04339e+02   -2.19661e+02    1.78676e+02    3.30608e-06

           Step           Time
          20500       41.00000

   Energies (kJ/mol)
           Bond          Angle    Proper Dih. Per. Imp. Dih.          LJ-14
    1.58900e+03    4.96623e+03    5.84481e+03    3.39265e+02    2.11096e+03
     Coulomb-14        LJ (SR)  Disper. corr.   Coulomb (SR)   Coul. recip.
    3.18618e+04    3.61967e+04   -2.87983e+03   -3.70616e+05    2.32267e+03
 Position Rest.      Potential    Kinetic En.   Total Energy  Conserved En.
    8.18691e+02   -2.87446e+05    5.51194e+04   -2.32327e+05   -2.74146e+05
    Temperature Pres. DC (bar) Pressure (bar)   Constr. rmsd
    3.01450e+02   -2.19661e+02   -2.98216e+02    3.19475e-06

           Step           Time
          21000       42.00000

   Energies (kJ/mol)
           Bond          Angle    Proper Dih. Per. Imp. Dih.          LJ-14
    1.65244e+03    4.92659e+03    5.81611e+03    2.71532e+02    2.09105e+03
     Coulomb-14        LJ (SR)  Disper. corr.   Coulomb (SR)   Coul. recip.
    3.19460e+04    3.57089e+04   -2.87983e+03   -3.70444e+05    2.32280e+03
 Position Rest.      Potential    Kinetic En.   Total Energy  Conserved En.
    8.79269e+02   -2.87709e+05    5.49467e+04   -2.32763e+05   -2.74138e+05
    Temperature Pres. DC (bar) Pressure (bar)   Constr. rmsd
    3.00505e+02   -2.19661e+02   -6.34214e+02    3.13154e-06

           Step           Time
          21500       43.00000

   Energies (kJ/mol)
           Bond          Angle    Proper Dih. Per. Imp. Dih.          LJ-14
    1.68837e+03    5.04699e+03    5.90658e+03    2.82596e+02    2.11088e+03
     Coulomb-14        LJ (SR)  Disper. corr.   Coulomb (SR)   Coul. recip.
    3.19607e+04    3.71537e+04   -2.87983e+03   -3.71509e+05    2.44330e+03
 Position Rest.      Potential    Kinetic En.   Total Energy  Conserved En.
    8.42947e+02   -2.86953e+05    5.47257e+04   -2.32227e+05   -2.74127e+05
    Temperature Pres. DC (bar) Pressure (bar)   Constr. rmsd
    2.99297e+02   -2.19661e+02   -6.67417e+02    3.06371e-06

           Step           Time
          22000       44.00000

   Energies (kJ/mol)
           Bond          Angle    Proper Dih. Per. Imp. Dih.          LJ-14
    1.77977e+03    4.85677e+03    5.81994e+03    2.78113e+02    2.08449e+03
     Coulomb-14        LJ (SR)  Disper. corr.   Coulomb (SR)   Coul. recip.
    3.20263e+04    3.61473e+04   -2.87983e+03   -3.70588e+05    2.39179e+03
 Position Rest.      Potential    Kinetic En.   Total Energy  Conserved En.
    9.19330e+02   -2.87164e+05    5.46900e+04   -2.32474e+05   -2.74128e+05
    Temperature Pres. DC (bar) Pressure (bar)   Constr. rmsd
    2.99102e+02   -2.19661e+02   -8.36288e+02    2.89546e-06

           Step           Time
          22500       45.00000

   Energies (kJ/mol)
           Bond          Angle    Proper Dih. Per. Imp. Dih.          LJ-14
    1.61434e+03    5.01606e+03    5.81261e+03    2.44869e+02    2.06628e+03
     Coulomb-14        LJ (SR)  Disper. corr.   Coulomb (SR)   Coul. recip.
    3.20261e+04    3.58724e+04   -2.87983e+03   -3.70598e+05    2.34221e+03
 Position Rest.      Potential    Kinetic En.   Total Energy  Conserved En.
    8.98613e+02   -2.87584e+05    5.41941e+04   -2.33390e+05   -2.74124e+05
    Temperature Pres. DC (bar) Pressure (bar)   Constr. rmsd
    2.96390e+02   -2.19661e+02   -1.02983e+03    2.86859e-06

           Step           Time
          23000       46.00000

   Energies (kJ/mol)
           Bond          Angle    Proper Dih. Per. Imp. Dih.          LJ-14
    1.73458e+03    5.02421e+03    5.82213e+03    2.84457e+02    2.06637e+03
     Coulomb-14        LJ (SR)  Disper. corr.   Coulomb (SR)   Coul. recip.
    3.20116e+04    3.71908e+04   -2.87983e+03   -3.71645e+05    2.32698e+03
 Position Rest.      Potential    Kinetic En.   Total Energy  Conserved En.
    9.02107e+02   -2.87161e+05    5.51447e+04   -2.32016e+05   -2.74132e+05
    Temperature Pres. DC (bar) Pressure (bar)   Constr. rmsd
    3.01589e+02   -2.19661e+02   -6.19862e+02    3.30862e-06

           Step           Time
          23500       47.00000

   Energies (kJ/mol)
           Bond          Angle    Proper Dih. Per. Imp. Dih.          LJ-14
    1.60650e+03    5.08305e+03    5.82590e+03    2.90991e+02    2.05942e+03
     Coulomb-14        LJ (SR)  Disper. corr.   Coulomb (SR)   Coul. recip.
    3.20873e+04    3.67473e+04   -2.87983e+03   -3.70913e+05    2.25493e+03
 Position Rest.      Potential    Kinetic En.   Total Energy  Conserved En.
    8.93574e+02   -2.86943e+05    5.47447e+04   -2.32199e+05   -2.74127e+05
    Temperature Pres. DC (bar) Pressure (bar)   Constr. rmsd
    2.99401e+02   -2.19661e+02   -2.87463e+02    2.91971e-06

           Step           Time
          24000       48.00000

   Energies (kJ/mol)
           Bond          Angle    Proper Dih. Per. Imp. Dih.          LJ-14
    1.71095e+03    4.99589e+03    5.81093e+03    2.79303e+02    2.03796e+03
     Coulomb-14        LJ (SR)  Disper. corr.   Coulomb (SR)   Coul. recip.
    3.18482e+04    3.55851e+04   -2.87983e+03   -3.70875e+05    2.25046e+03
 Position Rest.      Potential    Kinetic En.   Total Energy  Conserved En.
    9.13156e+02   -2.88323e+05    5.40346e+04   -2.34289e+05   -2.74129e+05
    Temperature Pres. DC (bar) Pressure (bar)   Constr. rmsd
    2.95518e+02   -2.19661e+02   -3.93129e+02    2.82690e-06

           Step           Time
          24500       49.00000

   Energies (kJ/mol)
           Bond          Angle    Proper Dih. Per. Imp. Dih.          LJ-14
    1.74447e+03    5.04291e+03    5.79288e+03    2.78801e+02    2.04147e+03
     Coulomb-14        LJ (SR)  Disper. corr.   Coulomb (SR)   Coul. recip.
    3.20279e+04    3.58393e+04   -2.87983e+03   -3.70366e+05    2.31595e+03
 Position Rest.      Potential    Kinetic En.   Total Energy  Conserved En.
    8.36300e+02   -2.87325e+05    5.42932e+04   -2.33032e+05   -2.74123e+05
    Temperature Pres. DC (bar) Pressure (bar)   Constr. rmsd
    2.96932e+02   -2.19661e+02   -6.76527e+02    2.75379e-06

           Step           Time
          25000       50.00000

Writing checkpoint, step 25000 at Wed Dec 20 11:23:09 2023


   Energies (kJ/mol)
           Bond          Angle    Proper Dih. Per. Imp. Dih.          LJ-14
    1.54343e+03    5.19772e+03    5.81192e+03    3.15443e+02    2.02921e+03
     Coulomb-14        LJ (SR)  Disper. corr.   Coulomb (SR)   Coul. recip.
    3.19718e+04    3.54988e+04   -2.87983e+03   -3.70074e+05    2.33939e+03
 Position Rest.      Potential    Kinetic En.   Total Energy  Conserved En.
    8.88636e+02   -2.87357e+05    5.44839e+04   -2.32873e+05   -2.74131e+05
    Temperature Pres. DC (bar) Pressure (bar)   Constr. rmsd
    2.97975e+02   -2.19661e+02   -6.34766e+02    3.40280e-06


Energy conservation over simulation part #1 of length 50 ps, time 0 to 50 ps
  Conserved energy drift: 6.31e-04 kJ/mol/ps per atom


	<======  ###############  ==>
	<====  A V E R A G E S  ====>
	<==  ###############  ======>

	Statistics over 25001 steps using 251 frames

   Energies (kJ/mol)
           Bond          Angle    Proper Dih. Per. Imp. Dih.          LJ-14
    1.64637e+03    4.99365e+03    5.82951e+03    2.91209e+02    2.08645e+03
     Coulomb-14        LJ (SR)  Disper. corr.   Coulomb (SR)   Coul. recip.
    3.19164e+04    3.63918e+04   -2.87983e+03   -3.71306e+05    2.33289e+03
 Position Rest.      Potential    Kinetic En.   Total Energy  Conserved En.
    8.60876e+02   -2.87837e+05    5.47806e+04   -2.33056e+05   -2.74165e+05
    Temperature Pres. DC (bar) Pressure (bar)   Constr. rmsd
    2.99597e+02   -2.19661e+02   -4.43244e+02    0.00000e+00

   Total Virial (kJ/mol)
    2.12220e+04   -3.53217e+02    1.49956e+02
   -3.53156e+02    2.10239e+04   -9.80524e+01
    1.49981e+02   -9.80455e+01    2.12620e+04

   Pressure (bar)
   -4.48727e+02    5.51290e+01   -2.28171e+01
    5.51197e+01   -4.24595e+02    1.03579e+01
   -2.28209e+01    1.03568e+01   -4.56411e+02

      T-Protein  T-non-Protein
    2.99394e+02    2.99626e+02


	M E G A - F L O P S   A C C O U N T I N G

 NB=Group-cutoff nonbonded kernels    NxN=N-by-N cluster Verlet kernels
 RF=Reaction-Field  VdW=Van der Waals  QSTab=quadratic-spline table
 W3=SPC/TIP3p  W4=TIP4p (single or pairs)
 V&F=Potential and force  V=Potential only  F=Force only

 Computing:                               M-Number         M-Flops  % Flops
-----------------------------------------------------------------------------
 Pair Search distance check            3470.351594       31233.164     0.3
 NxN QSTab Elec. + LJ [F]            144706.140984     5932951.780    53.7
 NxN QSTab Elec. + LJ [V&F]            1467.321440       86571.965     0.8
 NxN QSTab Elec. [F]                 115351.118904     3921938.043    35.5
 NxN QSTab Elec. [V&F]                 1169.781824       47961.055     0.4
 1,4 nonbonded interactions             143.830753       12944.768     0.1
 Calc Weights                          1606.114242       57820.113     0.5
 Spread Q Bspline                     34263.770496       68527.541     0.6
 Gather F Bspline                     34263.770496      205582.623     1.9
 3D-FFT                               69761.190336      558089.523     5.0
 Solve PME                               48.401936        3097.724     0.0
 Reset In Box                            10.728414          32.185     0.0
 CG-CoM                                  10.749828          32.249     0.0
 Bonds                                   28.251130        1666.817     0.0
 Angles                                 100.079003       16813.273     0.2
 Propers                                154.581183       35399.091     0.3
 Impropers                               10.575423        2199.688     0.0
 Pos. Restr.                             27.801112        1390.056     0.0
 Virial                                   5.386209          96.952     0.0
 Stop-CM                                  5.396328          53.963     0.0
 Calc-Ekin                              107.112828        2892.046     0.0
 Lincs                                   27.003240        1620.194     0.0
 Lincs-Mat                              147.017640         588.071     0.0
 Constraint-V                           533.442672        4800.984     0.0
 Constraint-Vir                           5.084256         122.022     0.0
 Settle                                 159.819176       59133.095     0.5
-----------------------------------------------------------------------------
 Total                                                11053558.984   100.0
-----------------------------------------------------------------------------


    D O M A I N   D E C O M P O S I T I O N   S T A T I S T I C S

 av. #atoms communicated per step for force:  2 x 0.0


     R E A L   C Y C L E   A N D   T I M E   A C C O U N T I N G

On 1 MPI rank, each using 16 OpenMP threads

 Computing:          Num   Num      Call    Wall time         Giga-Cycles
                     Ranks Threads  Count      (s)         total sum    %
-----------------------------------------------------------------------------
 Domain decomp.         1   16        501       1.755         47.649   1.2
 Neighbor search        1   16        501       3.075         83.478   2.0
 Force                  1   16      25001     105.406       2861.664  70.0
 PME mesh               1   16      25001      27.206        738.614  18.1
 NB X/F buffer ops.     1   16      49501       7.061        191.702   4.7
 Write traj.            1   16         51       0.551         14.969   0.4
 Update                 1   16      25001       2.671         72.516   1.8
 Constraints            1   16      25003       2.363         64.148   1.6
 Rest                                           0.571         15.505   0.4
-----------------------------------------------------------------------------
 Total                                        150.660       4090.246 100.0
-----------------------------------------------------------------------------
 Breakdown of PME mesh computation
-----------------------------------------------------------------------------
 PME spread             1   16      25001      12.038        326.817   8.0
 PME gather             1   16      25001       6.887        186.986   4.6
 PME 3D-FFT             1   16      50002       7.124        193.422   4.7
 PME solve Elec         1   16      25001       0.921         25.002   0.6
-----------------------------------------------------------------------------

               Core t (s)   Wall t (s)        (%)
       Time:     2410.551      150.660     1600.0
                 (ns/day)    (hour/ns)
Performance:       28.675        0.837
Finished mdrun on rank 0 Wed Dec 20 11:23:09 2023

