                  :-) GROMACS - gmx mdrun, 2022.3-Fedora38 (-:

Copyright 1991-2022 The GROMACS Authors.
GROMACS is free software; you can redistribute it and/or modify it
under the terms of the GNU Lesser General Public License
as published by the Free Software Foundation; either version 2.1
of the License, or (at your option) any later version.

                         Current GROMACS contributors:
       Mark Abraham           Andrey Alekseenko           Cathrine Bergh      
      Christian Blau            Eliane Briand               Kevin Boyd        
     Oliver Fleetwood         Stefan Fleischmann           Vytas Gapsys       
       Gaurav Garg           Gilles Gouaillardet            Alan Gray         
      Victor Holanda           M. Eric Irrgang              Joe Jordan        
    Christoph Junghans        Prashanth Kanduri           Sebastian Kehl      
     Sebastian Keller          Carsten Kutzner           Magnus Lundborg      
       Pascal Merz              Dmitry Morozov             Szilard Pall       
      Roland Schulz             Michael Shirts         David van der Spoel    
     Alessandra Villa      Sebastian Wingbermuehle        Artem Zhmurov       

                         Previous GROMACS contributors:
        Emile Apol             Rossen Apostolov           James Barnett       
  Herman J.C. Berendsen          Par Bjelkmar           Viacheslav Bolnykh    
    Aldert van Buuren          Carlo Camilloni           Rudi van Drunen      
      Anton Feenstra           Gerrit Groenhof            Bert de Groot       
      Anca Hamuraru           Vincent Hindriksen         Aleksei Iupinov      
   Dimitrios Karkoulis           Peter Kasson               Jiri Kraus        
       Per Larsson             Justin A. Lemkul           Viveca Lindahl      
      Erik Marklund           Pieter Meulenhoff           Vedran Miletic      
      Teemu Murtola              Sander Pronk            Alexey Shvetsov      
      Alfons Sijbers            Peter Tieleman             Jon Vincent        
     Teemu Virolainen         Christian Wennberg           Maarten Wolf       

                  Coordinated by the GROMACS project leaders:
                    Paul Bauer, Berk Hess, and Erik Lindahl

GROMACS:      gmx mdrun, version 2022.3-Fedora38
Executable:   /usr/bin/gmx
Data prefix:  /usr
Working dir:  /home/krir17/Krishna/Academics/Projects/PKM_dec2023/Alpha-Synuclein/Atomistic
Process ID:   614729
Command line:
  gmx mdrun -deffnm npt -v

GROMACS version:    2022.3-Fedora38
Precision:          mixed
Memory model:       64 bit
MPI library:        thread_mpi
OpenMP support:     enabled (GMX_OPENMP_MAX_THREADS = 128)
GPU support:        OpenCL
SIMD instructions:  SSE2
CPU FFT library:    fftw-3.3.10-sse2-avx-avx2-avx2_128
GPU FFT library:    clFFT
RDTSCP usage:       disabled
TNG support:        enabled
Hwloc support:      disabled
Tracing support:    disabled
C compiler:         /usr/bin/gcc GNU 13.0.1
C compiler flags:   -msse2 -Wno-missing-field-initializers -fexcess-precision=fast -funroll-all-loops -DNDEBUG
C++ compiler:       /usr/bin/g++ GNU 13.0.1
C++ compiler flags: -msse2 -Wno-missing-field-initializers -fexcess-precision=fast -funroll-all-loops -fopenmp -DNDEBUG
OpenCL include dir: /usr/include
OpenCL library:     /usr/lib64/libOpenCL.so
OpenCL version:     3.0


Running on 1 node with total 8 cores, 16 processing units (GPU detection failed)
Hardware detected:
  CPU info:
    Vendor: AMD
    Brand:  AMD Ryzen 7 PRO 4750U with Radeon Graphics
    Family: 23   Model: 96   Stepping: 1
    Features: aes amd apic avx avx2 clfsh cmov cx8 cx16 f16c fma htt lahf misalignsse mmx msr nonstop_tsc pclmuldq pdpe1gb popcnt pse rdrnd rdtscp sha sse2 sse3 sse4a sse4.1 sse4.2 ssse3
  Hardware topology: Basic
    Packages, cores, and logical processors:
    [indices refer to OS logical processors]
      Package  0: [   0   1] [   2   3] [   4   5] [   6   7] [   8   9] [  10  11] [  12  13] [  14  15]
    CPU limit set by OS: -1   Recommended max number of threads: 16

Highest SIMD level supported by all nodes in run: AVX2_256
SIMD instructions selected at compile time:       SSE2
This program was compiled for different hardware than you are running on,
which could influence performance.
The current CPU can measure timings more accurately than the code in
gmx mdrun was configured to use. This might affect your simulation
speed as accurate timings are needed for load-balancing.
Please consider rebuilding gmx mdrun with the GMX_USE_RDTSCP=ON CMake option.

++++ PLEASE READ AND CITE THE FOLLOWING REFERENCE ++++
M. J. Abraham, T. Murtola, R. Schulz, S. Páll, J. C. Smith, B. Hess, E.
Lindahl
GROMACS: High performance molecular simulations through multi-level
parallelism from laptops to supercomputers
SoftwareX 1 (2015) pp. 19-25
-------- -------- --- Thank You --- -------- --------


++++ PLEASE READ AND CITE THE FOLLOWING REFERENCE ++++
S. Páll, M. J. Abraham, C. Kutzner, B. Hess, E. Lindahl
Tackling Exascale Software Challenges in Molecular Dynamics Simulations with
GROMACS
In S. Markidis & E. Laure (Eds.), Solving Software Challenges for Exascale 8759 (2015) pp. 3-27
-------- -------- --- Thank You --- -------- --------


++++ PLEASE READ AND CITE THE FOLLOWING REFERENCE ++++
S. Pronk, S. Páll, R. Schulz, P. Larsson, P. Bjelkmar, R. Apostolov, M. R.
Shirts, J. C. Smith, P. M. Kasson, D. van der Spoel, B. Hess, and E. Lindahl
GROMACS 4.5: a high-throughput and highly parallel open source molecular
simulation toolkit
Bioinformatics 29 (2013) pp. 845-54
-------- -------- --- Thank You --- -------- --------


++++ PLEASE READ AND CITE THE FOLLOWING REFERENCE ++++
B. Hess and C. Kutzner and D. van der Spoel and E. Lindahl
GROMACS 4: Algorithms for highly efficient, load-balanced, and scalable
molecular simulation
J. Chem. Theory Comput. 4 (2008) pp. 435-447
-------- -------- --- Thank You --- -------- --------


++++ PLEASE READ AND CITE THE FOLLOWING REFERENCE ++++
D. van der Spoel, E. Lindahl, B. Hess, G. Groenhof, A. E. Mark and H. J. C.
Berendsen
GROMACS: Fast, Flexible and Free
J. Comp. Chem. 26 (2005) pp. 1701-1719
-------- -------- --- Thank You --- -------- --------


++++ PLEASE READ AND CITE THE FOLLOWING REFERENCE ++++
E. Lindahl and B. Hess and D. van der Spoel
GROMACS 3.0: A package for molecular simulation and trajectory analysis
J. Mol. Mod. 7 (2001) pp. 306-317
-------- -------- --- Thank You --- -------- --------


++++ PLEASE READ AND CITE THE FOLLOWING REFERENCE ++++
H. J. C. Berendsen, D. van der Spoel and R. van Drunen
GROMACS: A message-passing parallel molecular dynamics implementation
Comp. Phys. Comm. 91 (1995) pp. 43-56
-------- -------- --- Thank You --- -------- --------

Input Parameters:
   integrator                     = md
   tinit                          = 0
   dt                             = 0.002
   nsteps                         = 5000
   init-step                      = 0
   simulation-part                = 1
   mts                            = false
   comm-mode                      = Linear
   nstcomm                        = 100
   bd-fric                        = 0
   ld-seed                        = 2146369535
   emtol                          = 10
   emstep                         = 0.01
   niter                          = 20
   fcstep                         = 0
   nstcgsteep                     = 1000
   nbfgscorr                      = 10
   rtpi                           = 0.05
   nstxout                        = 500
   nstvout                        = 500
   nstfout                        = 0
   nstlog                         = 500
   nstcalcenergy                  = 100
   nstenergy                      = 500
   nstxout-compressed             = 0
   compressed-x-precision         = 1000
   cutoff-scheme                  = Verlet
   nstlist                        = 10
   pbc                            = xyz
   periodic-molecules             = false
   verlet-buffer-tolerance        = 0.005
   rlist                          = 1
   coulombtype                    = PME
   coulomb-modifier               = Potential-shift
   rcoulomb-switch                = 0
   rcoulomb                       = 1
   epsilon-r                      = 1
   epsilon-rf                     = inf
   vdw-type                       = Cut-off
   vdw-modifier                   = Potential-shift
   rvdw-switch                    = 0
   rvdw                           = 1
   DispCorr                       = EnerPres
   table-extension                = 1
   fourierspacing                 = 0.16
   fourier-nx                     = 112
   fourier-ny                     = 112
   fourier-nz                     = 112
   pme-order                      = 4
   ewald-rtol                     = 1e-05
   ewald-rtol-lj                  = 0.001
   lj-pme-comb-rule               = Geometric
   ewald-geometry                 = 3d
   epsilon-surface                = 0
   tcoupl                         = V-rescale
   nsttcouple                     = 10
   nh-chain-length                = 0
   print-nose-hoover-chain-variables = false
   pcoupl                         = Parrinello-Rahman
   pcoupltype                     = Isotropic
   nstpcouple                     = 10
   tau-p                          = 2
   compressibility (3x3):
      compressibility[    0]={ 4.50000e-05,  0.00000e+00,  0.00000e+00}
      compressibility[    1]={ 0.00000e+00,  4.50000e-05,  0.00000e+00}
      compressibility[    2]={ 0.00000e+00,  0.00000e+00,  4.50000e-05}
   ref-p (3x3):
      ref-p[    0]={ 1.00000e+00,  0.00000e+00,  0.00000e+00}
      ref-p[    1]={ 0.00000e+00,  1.00000e+00,  0.00000e+00}
      ref-p[    2]={ 0.00000e+00,  0.00000e+00,  1.00000e+00}
   refcoord-scaling               = COM
   posres-com (3):
      posres-com[0]= 4.96367e-01
      posres-com[1]= 4.85645e-01
      posres-com[2]= 4.98636e-01
   posres-comB (3):
      posres-comB[0]= 4.96367e-01
      posres-comB[1]= 4.85645e-01
      posres-comB[2]= 4.98636e-01
   QMMM                           = false
qm-opts:
   ngQM                           = 0
   constraint-algorithm           = Lincs
   continuation                   = true
   Shake-SOR                      = false
   shake-tol                      = 0.0001
   lincs-order                    = 4
   lincs-iter                     = 1
   lincs-warnangle                = 30
   nwall                          = 0
   wall-type                      = 9-3
   wall-r-linpot                  = -1
   wall-atomtype[0]               = -1
   wall-atomtype[1]               = -1
   wall-density[0]                = 0
   wall-density[1]                = 0
   wall-ewald-zfac                = 3
   pull                           = false
   awh                            = false
   rotation                       = false
   interactiveMD                  = false
   disre                          = No
   disre-weighting                = Conservative
   disre-mixed                    = false
   dr-fc                          = 1000
   dr-tau                         = 0
   nstdisreout                    = 100
   orire-fc                       = 0
   orire-tau                      = 0
   nstorireout                    = 100
   free-energy                    = no
   cos-acceleration               = 0
   deform (3x3):
      deform[    0]={ 0.00000e+00,  0.00000e+00,  0.00000e+00}
      deform[    1]={ 0.00000e+00,  0.00000e+00,  0.00000e+00}
      deform[    2]={ 0.00000e+00,  0.00000e+00,  0.00000e+00}
   simulated-tempering            = false
   swapcoords                     = no
   userint1                       = 0
   userint2                       = 0
   userint3                       = 0
   userint4                       = 0
   userreal1                      = 0
   userreal2                      = 0
   userreal3                      = 0
   userreal4                      = 0
   applied-forces:
     electric-field:
       x:
         E0                       = 0
         omega                    = 0
         t0                       = 0
         sigma                    = 0
       y:
         E0                       = 0
         omega                    = 0
         t0                       = 0
         sigma                    = 0
       z:
         E0                       = 0
         omega                    = 0
         t0                       = 0
         sigma                    = 0
     density-guided-simulation:
       active                     = false
       group                      = protein
       similarity-measure         = inner-product
       atom-spreading-weight      = unity
       force-constant             = 1e+09
       gaussian-transform-spreading-width = 0.2
       gaussian-transform-spreading-range-in-multiples-of-width = 4
       reference-density-filename = reference.mrc
       nst                        = 1
       normalize-densities        = true
       adaptive-force-scaling     = false
       adaptive-force-scaling-time-constant = 4
       shift-vector               = 
       transformation-matrix      = 
     qmmm-cp2k:
       active                     = false
       qmgroup                    = System
       qmmethod                   = PBE
       qmfilenames                = 
       qmcharge                   = 0
       qmmultiplicity             = 1
grpopts:
   nrdf:     5044.98      773598
   ref-t:         300         300
   tau-t:         0.1         0.1
annealing:          No          No
annealing-npoints:           0           0
   acc:	           0           0           0
   nfreeze:           N           N           N
   energygrp-flags[  0]: 0

Changing nstlist from 10 to 50, rlist from 1 to 1.11


Initializing Domain Decomposition on 1 ranks
Dynamic load balancing: auto
Using update groups, nr 130309, average size 3.0 atoms, max. radius 0.139 nm
Minimum cell size due to atom displacement: 0.401 nm
Initial maximum distances in bonded interactions:
    two-body bonded interactions: 0.435 nm, LJ-14, atoms 1814 1822
  multi-body bonded interactions: 0.498 nm, CMAP Dih., atoms 1578 1587
Minimum cell size due to bonded interactions: 0.548 nm
Using 0 separate PME ranks because: there are too few total ranks for efficient splitting
Optimizing the DD grid for 1 cells with a minimum initial size of 0.548 nm
The maximum allowed number of cells is: X 26 Y 26 Z 22
Domain decomposition grid 1 x 1 x 1, separate PME ranks 0
PME domain decomposition: 1 x 1 x 1

The initial number of communication pulses is:
The initial domain decomposition cell size is:

The maximum allowed distance for atom groups involved in interactions is:
                 non-bonded interactions           1.388 nm
(the following are initial values, they could change due to box deformation)
            two-body bonded interactions  (-rdd)   1.388 nm
          multi-body bonded interactions  (-rdd)   1.388 nm

When dynamic load balancing gets turned on, these settings will change to:
The maximum number of communication pulses is:
The minimum size for domain decomposition cells is 1.388 nm
The requested allowed shrink of DD cells (option -dds) is: 0.80
The allowed shrink of domain decomposition cells is:
The maximum allowed distance for atom groups involved in interactions is:
                 non-bonded interactions           1.388 nm
            two-body bonded interactions  (-rdd)   1.388 nm
          multi-body bonded interactions  (-rdd)   1.388 nm

Using 1 MPI thread
Using 16 OpenMP threads 

Pinning threads with an auto-selected logical cpu stride of 1
System total charge: 0.000
Will do PME sum in reciprocal space for electrostatic interactions.

++++ PLEASE READ AND CITE THE FOLLOWING REFERENCE ++++
U. Essmann, L. Perera, M. L. Berkowitz, T. Darden, H. Lee and L. G. Pedersen 
A smooth particle mesh Ewald method
J. Chem. Phys. 103 (1995) pp. 8577-8592
-------- -------- --- Thank You --- -------- --------

Using a Gaussian width (1/beta) of 0.320163 nm for Ewald
Potential shift: LJ r^-12: -1.000e+00 r^-6: -1.000e+00, Ewald -1.000e-05
Initialized non-bonded Coulomb Ewald tables, spacing: 9.33e-04 size: 1073

Generated table with 1055 data points for 1-4 COUL.
Tabscale = 500 points/nm
Generated table with 1055 data points for 1-4 LJ6.
Tabscale = 500 points/nm
Generated table with 1055 data points for 1-4 LJ12.
Tabscale = 500 points/nm
Long Range LJ corr.: <C6> 2.8169e-04


Using SIMD 4x4 nonbonded short-range kernels

Using a dual 4x4 pair-list setup updated with dynamic pruning:
  outer list: updated every 50 steps, buffer 0.110 nm, rlist 1.110 nm
  inner list: updated every 12 steps, buffer 0.003 nm, rlist 1.003 nm
At tolerance 0.005 kJ/mol/ps per atom, equivalent classical 1x1 list would be:
  outer list: updated every 50 steps, buffer 0.236 nm, rlist 1.236 nm
  inner list: updated every 12 steps, buffer 0.047 nm, rlist 1.047 nm

Using Lorentz-Berthelot Lennard-Jones combination rule

Linking all bonded interactions to atoms


Initializing LINear Constraint Solver

++++ PLEASE READ AND CITE THE FOLLOWING REFERENCE ++++
B. Hess and H. Bekker and H. J. C. Berendsen and J. G. E. M. Fraaije
LINCS: A Linear Constraint Solver for molecular simulations
J. Comp. Chem. 18 (1997) pp. 1463-1472
-------- -------- --- Thank You --- -------- --------

The number of constraints is 1003

++++ PLEASE READ AND CITE THE FOLLOWING REFERENCE ++++
S. Miyamoto and P. A. Kollman
SETTLE: An Analytical Version of the SHAKE and RATTLE Algorithms for Rigid
Water Models
J. Comp. Chem. 13 (1992) pp. 952-962
-------- -------- --- Thank You --- -------- --------


++++ PLEASE READ AND CITE THE FOLLOWING REFERENCE ++++
G. Bussi, D. Donadio and M. Parrinello
Canonical sampling through velocity rescaling
J. Chem. Phys. 126 (2007) pp. 014101
-------- -------- --- Thank You --- -------- --------

There are: 388454 Atoms

Atom distribution over 1 domains: av 388454 stddev 0 min 388454 max 388454
Center of mass motion removal mode is Linear
We have the following groups for center of mass motion removal:
  0:  rest

Started mdrun on rank 0 Thu Dec 28 18:05:37 2023

           Step           Time
              0        0.00000

   Energies (kJ/mol)
           Bond            U-B    Proper Dih.  Improper Dih.      CMAP Dih.
    1.57439e+03    4.68519e+03    2.65305e+03    3.28120e+02   -8.81215e+02
          LJ-14     Coulomb-14        LJ (SR)  Disper. corr.   Coulomb (SR)
    1.29767e+03    3.91097e+04    8.26076e+05   -4.48133e+04   -6.31037e+06
   Coul. recip. Position Rest.      Potential    Kinetic En.   Total Energy
    3.46187e+04    1.24732e-01   -5.44572e+06    9.71158e+05   -4.47457e+06
  Conserved En.    Temperature Pres. DC (bar) Pressure (bar)   Constr. rmsd
   -4.47433e+06    3.00018e+02   -1.87748e+02   -1.49437e+02    4.65117e-06

           Step           Time
            500        1.00000

   Energies (kJ/mol)
           Bond            U-B    Proper Dih.  Improper Dih.      CMAP Dih.
    1.56508e+03    4.82077e+03    2.68887e+03    2.87295e+02   -8.65129e+02
          LJ-14     Coulomb-14        LJ (SR)  Disper. corr.   Coulomb (SR)
    1.29589e+03    3.89459e+04    8.36109e+05   -4.53433e+04   -6.33244e+06
   Coul. recip. Position Rest.      Potential    Kinetic En.   Total Energy
    3.42211e+04    5.80671e+02   -5.45814e+06    9.74193e+05   -4.48394e+06
  Conserved En.    Temperature Pres. DC (bar) Pressure (bar)   Constr. rmsd
   -4.47417e+06    3.00956e+02   -1.92210e+02    1.26939e+02    4.89288e-06

           Step           Time
           1000        2.00000

   Energies (kJ/mol)
           Bond            U-B    Proper Dih.  Improper Dih.      CMAP Dih.
    1.57461e+03    4.60076e+03    2.67280e+03    2.57637e+02   -8.83454e+02
          LJ-14     Coulomb-14        LJ (SR)  Disper. corr.   Coulomb (SR)
    1.24494e+03    3.89074e+04    8.31566e+05   -4.52514e+04   -6.32986e+06
   Coul. recip. Position Rest.      Potential    Kinetic En.   Total Energy
    3.45743e+04    5.65624e+02   -5.46003e+06    9.68791e+05   -4.49124e+06
  Conserved En.    Temperature Pres. DC (bar) Pressure (bar)   Constr. rmsd
   -4.47403e+06    2.99287e+02   -1.91433e+02   -4.61066e+01    4.81416e-06

           Step           Time
           1500        3.00000

   Energies (kJ/mol)
           Bond            U-B    Proper Dih.  Improper Dih.      CMAP Dih.
    1.61924e+03    4.61598e+03    2.76917e+03    3.04098e+02   -8.95520e+02
          LJ-14     Coulomb-14        LJ (SR)  Disper. corr.   Coulomb (SR)
    1.29798e+03    3.90552e+04    8.29571e+05   -4.52863e+04   -6.32420e+06
   Coul. recip. Position Rest.      Potential    Kinetic En.   Total Energy
    3.44122e+04    5.81146e+02   -5.45616e+06    9.70053e+05   -4.48610e+06
  Conserved En.    Temperature Pres. DC (bar) Pressure (bar)   Constr. rmsd
   -4.47392e+06    2.99677e+02   -1.91728e+02   -1.86517e+01    5.09141e-06

           Step           Time
           2000        4.00000

   Energies (kJ/mol)
           Bond            U-B    Proper Dih.  Improper Dih.      CMAP Dih.
    1.57248e+03    4.58092e+03    2.62376e+03    2.90207e+02   -8.86683e+02
          LJ-14     Coulomb-14        LJ (SR)  Disper. corr.   Coulomb (SR)
    1.21185e+03    3.89135e+04    8.30648e+05   -4.53280e+04   -6.32826e+06
   Coul. recip. Position Rest.      Potential    Kinetic En.   Total Energy
    3.47710e+04    6.14924e+02   -5.45924e+06    9.70908e+05   -4.48834e+06
  Conserved En.    Temperature Pres. DC (bar) Pressure (bar)   Constr. rmsd
   -4.47382e+06    2.99941e+02   -1.92081e+02    9.55364e+00    4.61556e-06

           Step           Time
           2500        5.00000

   Energies (kJ/mol)
           Bond            U-B    Proper Dih.  Improper Dih.      CMAP Dih.
    1.47083e+03    4.76901e+03    2.66158e+03    2.83943e+02   -8.76828e+02
          LJ-14     Coulomb-14        LJ (SR)  Disper. corr.   Coulomb (SR)
    1.26621e+03    3.88622e+04    8.29860e+05   -4.52569e+04   -6.32521e+06
   Coul. recip. Position Rest.      Potential    Kinetic En.   Total Energy
    3.47620e+04    6.13918e+02   -5.45679e+06    9.72358e+05   -4.48444e+06
  Conserved En.    Temperature Pres. DC (bar) Pressure (bar)   Constr. rmsd
   -4.47375e+06    3.00389e+02   -1.91479e+02    1.52986e+01    4.75158e-06

           Step           Time
           3000        6.00000

   Energies (kJ/mol)
           Bond            U-B    Proper Dih.  Improper Dih.      CMAP Dih.
    1.55755e+03    4.77591e+03    2.76628e+03    3.25715e+02   -8.86873e+02
          LJ-14     Coulomb-14        LJ (SR)  Disper. corr.   Coulomb (SR)
    1.24627e+03    3.91222e+04    8.31371e+05   -4.53080e+04   -6.33064e+06
   Coul. recip. Position Rest.      Potential    Kinetic En.   Total Energy
    3.43857e+04    6.09174e+02   -5.46068e+06    9.69998e+05   -4.49068e+06
  Conserved En.    Temperature Pres. DC (bar) Pressure (bar)   Constr. rmsd
   -4.47359e+06    2.99660e+02   -1.91911e+02   -1.37765e+01    4.51183e-06

           Step           Time
           3500        7.00000

   Energies (kJ/mol)
           Bond            U-B    Proper Dih.  Improper Dih.      CMAP Dih.
    1.52101e+03    4.54355e+03    2.73143e+03    2.64877e+02   -8.94795e+02
          LJ-14     Coulomb-14        LJ (SR)  Disper. corr.   Coulomb (SR)
    1.29244e+03    3.90248e+04    8.33719e+05   -4.53435e+04   -6.33267e+06
   Coul. recip. Position Rest.      Potential    Kinetic En.   Total Energy
    3.40231e+04    5.66919e+02   -5.46122e+06    9.70837e+05   -4.49039e+06
  Conserved En.    Temperature Pres. DC (bar) Pressure (bar)   Constr. rmsd
   -4.47352e+06    2.99919e+02   -1.92212e+02    3.78718e+01    4.71981e-06

           Step           Time
           4000        8.00000

   Energies (kJ/mol)
           Bond            U-B    Proper Dih.  Improper Dih.      CMAP Dih.
    1.59857e+03    4.63391e+03    2.69436e+03    2.68750e+02   -8.97053e+02
          LJ-14     Coulomb-14        LJ (SR)  Disper. corr.   Coulomb (SR)
    1.25143e+03    3.88199e+04    8.28814e+05   -4.53289e+04   -6.32659e+06
   Coul. recip. Position Rest.      Potential    Kinetic En.   Total Energy
    3.44014e+04    5.60806e+02   -5.45977e+06    9.72456e+05   -4.48731e+06
  Conserved En.    Temperature Pres. DC (bar) Pressure (bar)   Constr. rmsd
   -4.47341e+06    3.00419e+02   -1.92088e+02   -3.07835e+01    4.72551e-06

           Step           Time
           4500        9.00000

   Energies (kJ/mol)
           Bond            U-B    Proper Dih.  Improper Dih.      CMAP Dih.
    1.61769e+03    4.72267e+03    2.68016e+03    3.56950e+02   -8.86769e+02
          LJ-14     Coulomb-14        LJ (SR)  Disper. corr.   Coulomb (SR)
    1.23557e+03    3.88455e+04    8.35065e+05   -4.53068e+04   -6.33217e+06
   Coul. recip. Position Rest.      Potential    Kinetic En.   Total Energy
    3.46900e+04    6.30853e+02   -5.45852e+06    9.71220e+05   -4.48730e+06
  Conserved En.    Temperature Pres. DC (bar) Pressure (bar)   Constr. rmsd
   -4.47329e+06    3.00037e+02   -1.91901e+02    4.22478e+01    5.18131e-06

           Step           Time
           5000       10.00000

Writing checkpoint, step 5000 at Thu Dec 28 18:16:54 2023


   Energies (kJ/mol)
           Bond            U-B    Proper Dih.  Improper Dih.      CMAP Dih.
    1.51304e+03    4.74956e+03    2.68952e+03    2.84284e+02   -8.83866e+02
          LJ-14     Coulomb-14        LJ (SR)  Disper. corr.   Coulomb (SR)
    1.24325e+03    3.89405e+04    8.28074e+05   -4.52806e+04   -6.31944e+06
   Coul. recip. Position Rest.      Potential    Kinetic En.   Total Energy
    3.43927e+04    6.48405e+02   -5.45307e+06    9.69332e+05   -4.48374e+06
  Conserved En.    Temperature Pres. DC (bar) Pressure (bar)   Constr. rmsd
   -4.47318e+06    2.99454e+02   -1.91680e+02   -9.53424e-01    4.75810e-06


Energy conservation over simulation part #1 of length 10 ps, time 0 to 10 ps
  Conserved energy drift: 2.96e-04 kJ/mol/ps per atom


	<======  ###############  ==>
	<====  A V E R A G E S  ====>
	<==  ###############  ======>

	Statistics over 5001 steps using 51 frames

   Energies (kJ/mol)
           Bond            U-B    Proper Dih.  Improper Dih.      CMAP Dih.
    1.59071e+03    4.68735e+03    2.69510e+03    2.95095e+02   -8.93467e+02
          LJ-14     Coulomb-14        LJ (SR)  Disper. corr.   Coulomb (SR)
    1.25199e+03    3.89121e+04    8.30612e+05   -4.52787e+04   -6.32651e+06
   Coul. recip. Position Rest.      Potential    Kinetic En.   Total Energy
    3.44628e+04    5.80429e+02   -5.45760e+06    9.71285e+05   -4.48631e+06
  Conserved En.    Temperature Pres. DC (bar) Pressure (bar)   Constr. rmsd
   -4.47373e+06    3.00057e+02   -1.91664e+02    1.82744e-01    0.00000e+00

          Box-X          Box-Y          Box-Z
    1.77098e+01    1.77098e+01    1.25228e+01

   Total Virial (kJ/mol)
    3.23756e+05    7.92153e+02    7.13106e+02
    7.90946e+02    3.24162e+05    7.17828e+02
    7.14934e+02    7.17485e+02    3.23322e+05

   Pressure (bar)
    8.86329e-01   -6.61675e+00   -6.36927e+00
   -6.60654e+00   -5.08316e+00   -6.89140e+00
   -6.38471e+00   -6.88849e+00    4.74506e+00

      T-Protein  T-non-Protein
    3.00241e+02    3.00056e+02


	M E G A - F L O P S   A C C O U N T I N G

 NB=Group-cutoff nonbonded kernels    NxN=N-by-N cluster Verlet kernels
 RF=Reaction-Field  VdW=Van der Waals  QSTab=quadratic-spline table
 W3=SPC/TIP3p  W4=TIP4p (single or pairs)
 V&F=Potential and force  V=Potential only  F=Force only

 Computing:                               M-Number         M-Flops  % Flops
-----------------------------------------------------------------------------
 Pair Search distance check           16912.308558      152210.777     0.4
 NxN QSTab Elec. + LJ [F]            472387.058328    19367869.391    48.9
 NxN QSTab Elec. + LJ [V&F]            4866.885736      287146.258     0.7
 NxN QSTab Elec. [F]                 465111.335048    15813785.392    39.9
 NxN QSTab Elec. [V&F]                 4791.794904      196463.591     0.5
 1,4 nonbonded interactions              26.530305        2387.727     0.0
 Calc Weights                          5827.975362      209807.113     0.5
 Spread Q Bspline                    124330.141056      248660.282     0.6
 Gather F Bspline                    124330.141056      745980.846     1.9
 3D-FFT                              286972.693062     2295781.544     5.8
 Solve PME                               62.732544        4014.883     0.0
 Reset In Box                            38.845400         116.536     0.0
 CG-CoM                                  39.233854         117.702     0.0
 Bonds                                    5.121024         302.140     0.0
 Propers                                 22.004400        5039.008     0.0
 Impropers                                1.700340         353.671     0.0
 Pos. Restr.                              5.066013         253.301     0.0
 Virial                                 194.637999        3503.484     0.0
 Stop-CM                                 19.811154         198.112     0.0
 Calc-Ekin                              389.230908       10509.235     0.0
 Lincs                                    5.016003         300.960     0.0
 Lincs-Mat                               28.865772         115.463     0.0
 Constraint-V                          1938.982719       17450.844     0.0
 Constraint-Vir                         193.744716        4649.873     0.0
 Settle                                 642.983571      237903.921     0.6
 CMAP                                     0.690138        1173.235     0.0
 Urey-Bradley                            18.463692        3378.856     0.0
-----------------------------------------------------------------------------
 Total                                                39609474.145   100.0
-----------------------------------------------------------------------------


    D O M A I N   D E C O M P O S I T I O N   S T A T I S T I C S

 av. #atoms communicated per step for force:  2 x 0.0


     R E A L   C Y C L E   A N D   T I M E   A C C O U N T I N G

On 1 MPI rank, each using 16 OpenMP threads

 Computing:          Num   Num      Call    Wall time         Giga-Cycles
                     Ranks Threads  Count      (s)         total sum    %
-----------------------------------------------------------------------------
 Domain decomp.         1   16        100       5.402        146.647   0.8
 Neighbor search        1   16        101      13.175        357.697   1.9
 Force                  1   16       5001     387.751      10526.942  57.1
 PME mesh               1   16       5001     206.762       5613.336  30.5
 NB X/F buffer ops.     1   16       9901      26.349        715.352   3.9
 Write traj.            1   16         11       1.524         41.372   0.2
 Update                 1   16       5001      19.749        536.171   2.9
 Constraints            1   16       5001      14.826        402.520   2.2
 Rest                                           3.098         84.097   0.5
-----------------------------------------------------------------------------
 Total                                        678.637      18424.135 100.0
-----------------------------------------------------------------------------
 Breakdown of PME mesh computation
-----------------------------------------------------------------------------
 PME spread             1   16       5001      92.304       2505.935  13.6
 PME gather             1   16       5001      50.348       1366.890   7.4
 PME 3D-FFT             1   16      10002      59.977       1628.290   8.8
 PME solve Elec         1   16       5001       3.355         91.095   0.5
-----------------------------------------------------------------------------

               Core t (s)   Wall t (s)        (%)
       Time:    10858.188      678.637     1600.0
                 (ns/day)    (hour/ns)
Performance:        1.273       18.847
Finished mdrun on rank 0 Thu Dec 28 18:16:55 2023

