                  :-) GROMACS - gmx mdrun, 2022.3-Fedora38 (-:

Copyright 1991-2022 The GROMACS Authors.
GROMACS is free software; you can redistribute it and/or modify it
under the terms of the GNU Lesser General Public License
as published by the Free Software Foundation; either version 2.1
of the License, or (at your option) any later version.

                         Current GROMACS contributors:
       Mark Abraham           Andrey Alekseenko           Cathrine Bergh      
      Christian Blau            Eliane Briand               Kevin Boyd        
     Oliver Fleetwood         Stefan Fleischmann           Vytas Gapsys       
       Gaurav Garg           Gilles Gouaillardet            Alan Gray         
      Victor Holanda           M. Eric Irrgang              Joe Jordan        
    Christoph Junghans        Prashanth Kanduri           Sebastian Kehl      
     Sebastian Keller          Carsten Kutzner           Magnus Lundborg      
       Pascal Merz              Dmitry Morozov             Szilard Pall       
      Roland Schulz             Michael Shirts         David van der Spoel    
     Alessandra Villa      Sebastian Wingbermuehle        Artem Zhmurov       

                         Previous GROMACS contributors:
        Emile Apol             Rossen Apostolov           James Barnett       
  Herman J.C. Berendsen          Par Bjelkmar           Viacheslav Bolnykh    
    Aldert van Buuren          Carlo Camilloni           Rudi van Drunen      
      Anton Feenstra           Gerrit Groenhof            Bert de Groot       
      Anca Hamuraru           Vincent Hindriksen         Aleksei Iupinov      
   Dimitrios Karkoulis           Peter Kasson               Jiri Kraus        
       Per Larsson             Justin A. Lemkul           Viveca Lindahl      
      Erik Marklund           Pieter Meulenhoff           Vedran Miletic      
      Teemu Murtola              Sander Pronk            Alexey Shvetsov      
      Alfons Sijbers            Peter Tieleman             Jon Vincent        
     Teemu Virolainen         Christian Wennberg           Maarten Wolf       

                  Coordinated by the GROMACS project leaders:
                    Paul Bauer, Berk Hess, and Erik Lindahl

GROMACS:      gmx mdrun, version 2022.3-Fedora38
Executable:   /usr/bin/gmx
Data prefix:  /usr
Working dir:  /home/krir17/Krishna/Academics/Projects/PKM_dec2023/Alpha-Synuclein/Atomistic
Process ID:   614224
Command line:
  gmx mdrun -deffnm nvt -v

GROMACS version:    2022.3-Fedora38
Precision:          mixed
Memory model:       64 bit
MPI library:        thread_mpi
OpenMP support:     enabled (GMX_OPENMP_MAX_THREADS = 128)
GPU support:        OpenCL
SIMD instructions:  SSE2
CPU FFT library:    fftw-3.3.10-sse2-avx-avx2-avx2_128
GPU FFT library:    clFFT
RDTSCP usage:       disabled
TNG support:        enabled
Hwloc support:      disabled
Tracing support:    disabled
C compiler:         /usr/bin/gcc GNU 13.0.1
C compiler flags:   -msse2 -Wno-missing-field-initializers -fexcess-precision=fast -funroll-all-loops -DNDEBUG
C++ compiler:       /usr/bin/g++ GNU 13.0.1
C++ compiler flags: -msse2 -Wno-missing-field-initializers -fexcess-precision=fast -funroll-all-loops -fopenmp -DNDEBUG
OpenCL include dir: /usr/include
OpenCL library:     /usr/lib64/libOpenCL.so
OpenCL version:     3.0


Running on 1 node with total 8 cores, 16 processing units (GPU detection failed)
Hardware detected:
  CPU info:
    Vendor: AMD
    Brand:  AMD Ryzen 7 PRO 4750U with Radeon Graphics
    Family: 23   Model: 96   Stepping: 1
    Features: aes amd apic avx avx2 clfsh cmov cx8 cx16 f16c fma htt lahf misalignsse mmx msr nonstop_tsc pclmuldq pdpe1gb popcnt pse rdrnd rdtscp sha sse2 sse3 sse4a sse4.1 sse4.2 ssse3
  Hardware topology: Basic
    Packages, cores, and logical processors:
    [indices refer to OS logical processors]
      Package  0: [   0   1] [   2   3] [   4   5] [   6   7] [   8   9] [  10  11] [  12  13] [  14  15]
    CPU limit set by OS: -1   Recommended max number of threads: 16

Highest SIMD level supported by all nodes in run: AVX2_256
SIMD instructions selected at compile time:       SSE2
This program was compiled for different hardware than you are running on,
which could influence performance.
The current CPU can measure timings more accurately than the code in
gmx mdrun was configured to use. This might affect your simulation
speed as accurate timings are needed for load-balancing.
Please consider rebuilding gmx mdrun with the GMX_USE_RDTSCP=ON CMake option.

++++ PLEASE READ AND CITE THE FOLLOWING REFERENCE ++++
M. J. Abraham, T. Murtola, R. Schulz, S. Páll, J. C. Smith, B. Hess, E.
Lindahl
GROMACS: High performance molecular simulations through multi-level
parallelism from laptops to supercomputers
SoftwareX 1 (2015) pp. 19-25
-------- -------- --- Thank You --- -------- --------


++++ PLEASE READ AND CITE THE FOLLOWING REFERENCE ++++
S. Páll, M. J. Abraham, C. Kutzner, B. Hess, E. Lindahl
Tackling Exascale Software Challenges in Molecular Dynamics Simulations with
GROMACS
In S. Markidis & E. Laure (Eds.), Solving Software Challenges for Exascale 8759 (2015) pp. 3-27
-------- -------- --- Thank You --- -------- --------


++++ PLEASE READ AND CITE THE FOLLOWING REFERENCE ++++
S. Pronk, S. Páll, R. Schulz, P. Larsson, P. Bjelkmar, R. Apostolov, M. R.
Shirts, J. C. Smith, P. M. Kasson, D. van der Spoel, B. Hess, and E. Lindahl
GROMACS 4.5: a high-throughput and highly parallel open source molecular
simulation toolkit
Bioinformatics 29 (2013) pp. 845-54
-------- -------- --- Thank You --- -------- --------


++++ PLEASE READ AND CITE THE FOLLOWING REFERENCE ++++
B. Hess and C. Kutzner and D. van der Spoel and E. Lindahl
GROMACS 4: Algorithms for highly efficient, load-balanced, and scalable
molecular simulation
J. Chem. Theory Comput. 4 (2008) pp. 435-447
-------- -------- --- Thank You --- -------- --------


++++ PLEASE READ AND CITE THE FOLLOWING REFERENCE ++++
D. van der Spoel, E. Lindahl, B. Hess, G. Groenhof, A. E. Mark and H. J. C.
Berendsen
GROMACS: Fast, Flexible and Free
J. Comp. Chem. 26 (2005) pp. 1701-1719
-------- -------- --- Thank You --- -------- --------


++++ PLEASE READ AND CITE THE FOLLOWING REFERENCE ++++
E. Lindahl and B. Hess and D. van der Spoel
GROMACS 3.0: A package for molecular simulation and trajectory analysis
J. Mol. Mod. 7 (2001) pp. 306-317
-------- -------- --- Thank You --- -------- --------


++++ PLEASE READ AND CITE THE FOLLOWING REFERENCE ++++
H. J. C. Berendsen, D. van der Spoel and R. van Drunen
GROMACS: A message-passing parallel molecular dynamics implementation
Comp. Phys. Comm. 91 (1995) pp. 43-56
-------- -------- --- Thank You --- -------- --------

Input Parameters:
   integrator                     = md
   tinit                          = 0
   dt                             = 0.002
   nsteps                         = 25000
   init-step                      = 0
   simulation-part                = 1
   mts                            = false
   comm-mode                      = Linear
   nstcomm                        = 100
   bd-fric                        = 0
   ld-seed                        = -587464757
   emtol                          = 10
   emstep                         = 0.01
   niter                          = 20
   fcstep                         = 0
   nstcgsteep                     = 1000
   nbfgscorr                      = 10
   rtpi                           = 0.05
   nstxout                        = 500
   nstvout                        = 500
   nstfout                        = 0
   nstlog                         = 500
   nstcalcenergy                  = 100
   nstenergy                      = 500
   nstxout-compressed             = 0
   compressed-x-precision         = 1000
   cutoff-scheme                  = Verlet
   nstlist                        = 10
   pbc                            = xyz
   periodic-molecules             = false
   verlet-buffer-tolerance        = 0.005
   rlist                          = 1
   coulombtype                    = PME
   coulomb-modifier               = Potential-shift
   rcoulomb-switch                = 0
   rcoulomb                       = 1
   epsilon-r                      = 1
   epsilon-rf                     = inf
   vdw-type                       = Cut-off
   vdw-modifier                   = Potential-shift
   rvdw-switch                    = 0
   rvdw                           = 1
   DispCorr                       = EnerPres
   table-extension                = 1
   fourierspacing                 = 0.16
   fourier-nx                     = 112
   fourier-ny                     = 112
   fourier-nz                     = 112
   pme-order                      = 4
   ewald-rtol                     = 1e-05
   ewald-rtol-lj                  = 0.001
   lj-pme-comb-rule               = Geometric
   ewald-geometry                 = 3d
   epsilon-surface                = 0
   tcoupl                         = V-rescale
   nsttcouple                     = 10
   nh-chain-length                = 0
   print-nose-hoover-chain-variables = false
   pcoupl                         = No
   pcoupltype                     = Isotropic
   nstpcouple                     = -1
   tau-p                          = 1
   compressibility (3x3):
      compressibility[    0]={ 0.00000e+00,  0.00000e+00,  0.00000e+00}
      compressibility[    1]={ 0.00000e+00,  0.00000e+00,  0.00000e+00}
      compressibility[    2]={ 0.00000e+00,  0.00000e+00,  0.00000e+00}
   ref-p (3x3):
      ref-p[    0]={ 0.00000e+00,  0.00000e+00,  0.00000e+00}
      ref-p[    1]={ 0.00000e+00,  0.00000e+00,  0.00000e+00}
      ref-p[    2]={ 0.00000e+00,  0.00000e+00,  0.00000e+00}
   refcoord-scaling               = No
   posres-com (3):
      posres-com[0]= 0.00000e+00
      posres-com[1]= 0.00000e+00
      posres-com[2]= 0.00000e+00
   posres-comB (3):
      posres-comB[0]= 0.00000e+00
      posres-comB[1]= 0.00000e+00
      posres-comB[2]= 0.00000e+00
   QMMM                           = false
qm-opts:
   ngQM                           = 0
   constraint-algorithm           = Lincs
   continuation                   = false
   Shake-SOR                      = false
   shake-tol                      = 0.0001
   lincs-order                    = 4
   lincs-iter                     = 1
   lincs-warnangle                = 30
   nwall                          = 0
   wall-type                      = 9-3
   wall-r-linpot                  = -1
   wall-atomtype[0]               = -1
   wall-atomtype[1]               = -1
   wall-density[0]                = 0
   wall-density[1]                = 0
   wall-ewald-zfac                = 3
   pull                           = false
   awh                            = false
   rotation                       = false
   interactiveMD                  = false
   disre                          = No
   disre-weighting                = Conservative
   disre-mixed                    = false
   dr-fc                          = 1000
   dr-tau                         = 0
   nstdisreout                    = 100
   orire-fc                       = 0
   orire-tau                      = 0
   nstorireout                    = 100
   free-energy                    = no
   cos-acceleration               = 0
   deform (3x3):
      deform[    0]={ 0.00000e+00,  0.00000e+00,  0.00000e+00}
      deform[    1]={ 0.00000e+00,  0.00000e+00,  0.00000e+00}
      deform[    2]={ 0.00000e+00,  0.00000e+00,  0.00000e+00}
   simulated-tempering            = false
   swapcoords                     = no
   userint1                       = 0
   userint2                       = 0
   userint3                       = 0
   userint4                       = 0
   userreal1                      = 0
   userreal2                      = 0
   userreal3                      = 0
   userreal4                      = 0
   applied-forces:
     electric-field:
       x:
         E0                       = 0
         omega                    = 0
         t0                       = 0
         sigma                    = 0
       y:
         E0                       = 0
         omega                    = 0
         t0                       = 0
         sigma                    = 0
       z:
         E0                       = 0
         omega                    = 0
         t0                       = 0
         sigma                    = 0
     density-guided-simulation:
       active                     = false
       group                      = protein
       similarity-measure         = inner-product
       atom-spreading-weight      = unity
       force-constant             = 1e+09
       gaussian-transform-spreading-width = 0.2
       gaussian-transform-spreading-range-in-multiples-of-width = 4
       reference-density-filename = reference.mrc
       nst                        = 1
       normalize-densities        = true
       adaptive-force-scaling     = false
       adaptive-force-scaling-time-constant = 4
       shift-vector               = 
       transformation-matrix      = 
     qmmm-cp2k:
       active                     = false
       qmgroup                    = System
       qmmethod                   = PBE
       qmfilenames                = 
       qmcharge                   = 0
       qmmultiplicity             = 1
grpopts:
   nrdf:     5044.98      773598
   ref-t:         300         300
   tau-t:         0.1         0.1
annealing:          No          No
annealing-npoints:           0           0
   acc:	           0           0           0
   nfreeze:           N           N           N
   energygrp-flags[  0]: 0

Changing nstlist from 10 to 50, rlist from 1 to 1.11


Initializing Domain Decomposition on 1 ranks
Dynamic load balancing: auto
Using update groups, nr 130309, average size 3.0 atoms, max. radius 0.139 nm
Minimum cell size due to atom displacement: 0.401 nm
Initial maximum distances in bonded interactions:
    two-body bonded interactions: 0.421 nm, LJ-14, atoms 1654 1662
  multi-body bonded interactions: 0.486 nm, CMAP Dih., atoms 1578 1587
Minimum cell size due to bonded interactions: 0.534 nm
Using 0 separate PME ranks because: there are too few total ranks for efficient splitting
Optimizing the DD grid for 1 cells with a minimum initial size of 0.534 nm
The maximum allowed number of cells is: X 27 Y 27 Z 23
Domain decomposition grid 1 x 1 x 1, separate PME ranks 0
PME domain decomposition: 1 x 1 x 1

The initial number of communication pulses is:
The initial domain decomposition cell size is:

The maximum allowed distance for atom groups involved in interactions is:
                 non-bonded interactions           1.388 nm
            two-body bonded interactions  (-rdd)   1.388 nm
          multi-body bonded interactions  (-rdd)   1.388 nm

When dynamic load balancing gets turned on, these settings will change to:
The maximum number of communication pulses is:
The minimum size for domain decomposition cells is 1.388 nm
The requested allowed shrink of DD cells (option -dds) is: 0.80
The allowed shrink of domain decomposition cells is:
The maximum allowed distance for atom groups involved in interactions is:
                 non-bonded interactions           1.388 nm
            two-body bonded interactions  (-rdd)   1.388 nm
          multi-body bonded interactions  (-rdd)   1.388 nm

Using 1 MPI thread
Using 16 OpenMP threads 

Pinning threads with an auto-selected logical cpu stride of 1
System total charge: 0.000
Will do PME sum in reciprocal space for electrostatic interactions.

++++ PLEASE READ AND CITE THE FOLLOWING REFERENCE ++++
U. Essmann, L. Perera, M. L. Berkowitz, T. Darden, H. Lee and L. G. Pedersen 
A smooth particle mesh Ewald method
J. Chem. Phys. 103 (1995) pp. 8577-8592
-------- -------- --- Thank You --- -------- --------

Using a Gaussian width (1/beta) of 0.320163 nm for Ewald
Potential shift: LJ r^-12: -1.000e+00 r^-6: -1.000e+00, Ewald -1.000e-05
Initialized non-bonded Coulomb Ewald tables, spacing: 9.33e-04 size: 1073

Generated table with 1055 data points for 1-4 COUL.
Tabscale = 500 points/nm
Generated table with 1055 data points for 1-4 LJ6.
Tabscale = 500 points/nm
Generated table with 1055 data points for 1-4 LJ12.
Tabscale = 500 points/nm
Long Range LJ corr.: <C6> 2.8169e-04


Using SIMD 4x4 nonbonded short-range kernels

Using a dual 4x4 pair-list setup updated with dynamic pruning:
  outer list: updated every 50 steps, buffer 0.110 nm, rlist 1.110 nm
  inner list: updated every 12 steps, buffer 0.003 nm, rlist 1.003 nm
At tolerance 0.005 kJ/mol/ps per atom, equivalent classical 1x1 list would be:
  outer list: updated every 50 steps, buffer 0.236 nm, rlist 1.236 nm
  inner list: updated every 12 steps, buffer 0.047 nm, rlist 1.047 nm

Using Lorentz-Berthelot Lennard-Jones combination rule
Removing pbc first time

Linking all bonded interactions to atoms


Initializing LINear Constraint Solver

++++ PLEASE READ AND CITE THE FOLLOWING REFERENCE ++++
B. Hess and H. Bekker and H. J. C. Berendsen and J. G. E. M. Fraaije
LINCS: A Linear Constraint Solver for molecular simulations
J. Comp. Chem. 18 (1997) pp. 1463-1472
-------- -------- --- Thank You --- -------- --------

The number of constraints is 1003

++++ PLEASE READ AND CITE THE FOLLOWING REFERENCE ++++
S. Miyamoto and P. A. Kollman
SETTLE: An Analytical Version of the SHAKE and RATTLE Algorithms for Rigid
Water Models
J. Comp. Chem. 13 (1992) pp. 952-962
-------- -------- --- Thank You --- -------- --------


++++ PLEASE READ AND CITE THE FOLLOWING REFERENCE ++++
G. Bussi, D. Donadio and M. Parrinello
Canonical sampling through velocity rescaling
J. Chem. Phys. 126 (2007) pp. 014101
-------- -------- --- Thank You --- -------- --------

There are: 388454 Atoms

Atom distribution over 1 domains: av 388454 stddev 0 min 388454 max 388454

Constraining the starting coordinates (step 0)

Constraining the coordinates at t0-dt (step 0)
Center of mass motion removal mode is Linear
We have the following groups for center of mass motion removal:
  0:  rest
RMS relative constraint deviation after constraining: 4.53e-06
Initial temperature: 300.632 K

Started mdrun on rank 0 Thu Dec 28 17:17:01 2023

           Step           Time
              0        0.00000

   Energies (kJ/mol)
           Bond            U-B    Proper Dih.  Improper Dih.      CMAP Dih.
    4.28222e+02    1.57099e+03    2.33960e+03    8.32267e+01   -9.72349e+02
          LJ-14     Coulomb-14        LJ (SR)  Disper. corr.   Coulomb (SR)
    1.13814e+03    3.89594e+04    9.16630e+05   -4.48133e+04   -7.40643e+06
   Coul. recip. Position Rest.      Potential    Kinetic En.   Total Energy
    3.44961e+04    7.90718e-04   -6.45657e+06    9.73209e+05   -5.48336e+06
  Conserved En.    Temperature Pres. DC (bar) Pressure (bar)   Constr. rmsd
   -5.48336e+06    3.00652e+02   -1.87748e+02   -5.06092e+03    4.68467e-06

           Step           Time
            500        1.00000

   Energies (kJ/mol)
           Bond            U-B    Proper Dih.  Improper Dih.      CMAP Dih.
    1.67062e+03    4.81727e+03    2.77557e+03    2.97178e+02   -9.44786e+02
          LJ-14     Coulomb-14        LJ (SR)  Disper. corr.   Coulomb (SR)
    1.27005e+03    3.87010e+04    8.44988e+05   -4.48133e+04   -6.35313e+06
   Coul. recip. Position Rest.      Potential    Kinetic En.   Total Energy
    3.46157e+04    7.88469e+02   -5.46896e+06    9.60472e+05   -4.50849e+06
  Conserved En.    Temperature Pres. DC (bar) Pressure (bar)   Constr. rmsd
   -5.47717e+06    2.96717e+02   -1.87748e+02   -1.22973e+02    4.62824e-06

           Step           Time
           1000        2.00000

   Energies (kJ/mol)
           Bond            U-B    Proper Dih.  Improper Dih.      CMAP Dih.
    1.49411e+03    4.65916e+03    2.75357e+03    3.00616e+02   -9.09458e+02
          LJ-14     Coulomb-14        LJ (SR)  Disper. corr.   Coulomb (SR)
    1.27016e+03    3.89815e+04    8.24834e+05   -4.48133e+04   -6.31075e+06
   Coul. recip. Position Rest.      Potential    Kinetic En.   Total Energy
    3.52378e+04    7.42664e+02   -5.44620e+06    9.69904e+05   -4.47630e+06
  Conserved En.    Temperature Pres. DC (bar) Pressure (bar)   Constr. rmsd
   -5.47714e+06    2.99631e+02   -1.87748e+02   -1.51579e+02    4.88399e-06

           Step           Time
           1500        3.00000

   Energies (kJ/mol)
           Bond            U-B    Proper Dih.  Improper Dih.      CMAP Dih.
    1.57184e+03    4.59316e+03    2.74459e+03    2.81845e+02   -9.02509e+02
          LJ-14     Coulomb-14        LJ (SR)  Disper. corr.   Coulomb (SR)
    1.31133e+03    3.90642e+04    8.24721e+05   -4.48133e+04   -6.30719e+06
   Coul. recip. Position Rest.      Potential    Kinetic En.   Total Energy
    3.48052e+04    7.06227e+02   -5.44311e+06    9.71338e+05   -4.47177e+06
  Conserved En.    Temperature Pres. DC (bar) Pressure (bar)   Constr. rmsd
   -5.47700e+06    3.00073e+02   -1.87748e+02   -2.05859e+02    4.91944e-06

           Step           Time
           2000        4.00000

   Energies (kJ/mol)
           Bond            U-B    Proper Dih.  Improper Dih.      CMAP Dih.
    1.63775e+03    4.70594e+03    2.71720e+03    2.83606e+02   -9.03530e+02
          LJ-14     Coulomb-14        LJ (SR)  Disper. corr.   Coulomb (SR)
    1.26401e+03    3.88921e+04    8.26869e+05   -4.48133e+04   -6.30712e+06
   Coul. recip. Position Rest.      Potential    Kinetic En.   Total Energy
    3.49482e+04    6.04644e+02   -5.44091e+06    9.69890e+05   -4.47102e+06
  Conserved En.    Temperature Pres. DC (bar) Pressure (bar)   Constr. rmsd
   -5.47687e+06    2.99626e+02   -1.87748e+02   -8.96561e+01    4.80849e-06

           Step           Time
           2500        5.00000

   Energies (kJ/mol)
           Bond            U-B    Proper Dih.  Improper Dih.      CMAP Dih.
    1.55601e+03    4.68281e+03    2.67073e+03    2.59882e+02   -9.14700e+02
          LJ-14     Coulomb-14        LJ (SR)  Disper. corr.   Coulomb (SR)
    1.23999e+03    3.88370e+04    8.25948e+05   -4.48133e+04   -6.31100e+06
   Coul. recip. Position Rest.      Potential    Kinetic En.   Total Energy
    3.50452e+04    7.39081e+02   -5.44575e+06    9.73415e+05   -4.47234e+06
  Conserved En.    Temperature Pres. DC (bar) Pressure (bar)   Constr. rmsd
   -5.47682e+06    3.00715e+02   -1.87748e+02   -1.34940e+02    4.77061e-06

           Step           Time
           3000        6.00000

   Energies (kJ/mol)
           Bond            U-B    Proper Dih.  Improper Dih.      CMAP Dih.
    1.58522e+03    4.71708e+03    2.65492e+03    2.77562e+02   -8.81624e+02
          LJ-14     Coulomb-14        LJ (SR)  Disper. corr.   Coulomb (SR)
    1.21413e+03    3.88820e+04    8.23635e+05   -4.48133e+04   -6.30928e+06
   Coul. recip. Position Rest.      Potential    Kinetic En.   Total Energy
    3.48738e+04    6.42574e+02   -5.44650e+06    9.69320e+05   -4.47718e+06
  Conserved En.    Temperature Pres. DC (bar) Pressure (bar)   Constr. rmsd
   -5.47670e+06    2.99450e+02   -1.87748e+02   -2.04366e+02    5.15745e-06

           Step           Time
           3500        7.00000

   Energies (kJ/mol)
           Bond            U-B    Proper Dih.  Improper Dih.      CMAP Dih.
    1.42814e+03    4.64052e+03    2.72044e+03    2.88101e+02   -8.62260e+02
          LJ-14     Coulomb-14        LJ (SR)  Disper. corr.   Coulomb (SR)
    1.27897e+03    3.88451e+04    8.28481e+05   -4.48133e+04   -6.31802e+06
   Coul. recip. Position Rest.      Potential    Kinetic En.   Total Energy
    3.49301e+04    6.60896e+02   -5.45042e+06    9.73100e+05   -4.47732e+06
  Conserved En.    Temperature Pres. DC (bar) Pressure (bar)   Constr. rmsd
   -5.47657e+06    3.00618e+02   -1.87748e+02   -1.63469e+02    4.63503e-06

           Step           Time
           4000        8.00000

   Energies (kJ/mol)
           Bond            U-B    Proper Dih.  Improper Dih.      CMAP Dih.
    1.53428e+03    4.69749e+03    2.71690e+03    3.00944e+02   -9.32957e+02
          LJ-14     Coulomb-14        LJ (SR)  Disper. corr.   Coulomb (SR)
    1.22779e+03    3.86830e+04    8.26621e+05   -4.48133e+04   -6.31266e+06
   Coul. recip. Position Rest.      Potential    Kinetic En.   Total Energy
    3.50942e+04    6.82138e+02   -5.44684e+06    9.71979e+05   -4.47487e+06
  Conserved En.    Temperature Pres. DC (bar) Pressure (bar)   Constr. rmsd
   -5.47648e+06    3.00272e+02   -1.87748e+02   -1.95404e+02    5.00884e-06

           Step           Time
           4500        9.00000

   Energies (kJ/mol)
           Bond            U-B    Proper Dih.  Improper Dih.      CMAP Dih.
    1.46678e+03    4.61090e+03    2.69141e+03    3.23210e+02   -8.87453e+02
          LJ-14     Coulomb-14        LJ (SR)  Disper. corr.   Coulomb (SR)
    1.36765e+03    3.89073e+04    8.25082e+05   -4.48133e+04   -6.31043e+06
   Coul. recip. Position Rest.      Potential    Kinetic En.   Total Energy
    3.48259e+04    6.87072e+02   -5.44617e+06    9.68974e+05   -4.47720e+06
  Conserved En.    Temperature Pres. DC (bar) Pressure (bar)   Constr. rmsd
   -5.47631e+06    2.99343e+02   -1.87748e+02   -1.37966e+02    4.85918e-06

           Step           Time
           5000       10.00000

   Energies (kJ/mol)
           Bond            U-B    Proper Dih.  Improper Dih.      CMAP Dih.
    1.54833e+03    4.66252e+03    2.70023e+03    2.86517e+02   -8.41099e+02
          LJ-14     Coulomb-14        LJ (SR)  Disper. corr.   Coulomb (SR)
    1.24296e+03    3.88302e+04    8.23376e+05   -4.48133e+04   -6.30889e+06
   Coul. recip. Position Rest.      Potential    Kinetic En.   Total Energy
    3.49132e+04    6.06244e+02   -5.44638e+06    9.70579e+05   -4.47580e+06
  Conserved En.    Temperature Pres. DC (bar) Pressure (bar)   Constr. rmsd
   -5.47626e+06    2.99839e+02   -1.87748e+02   -1.80637e+02    4.73435e-06

           Step           Time
           5500       11.00000

   Energies (kJ/mol)
           Bond            U-B    Proper Dih.  Improper Dih.      CMAP Dih.
    1.43514e+03    4.74732e+03    2.69884e+03    2.53339e+02   -9.02262e+02
          LJ-14     Coulomb-14        LJ (SR)  Disper. corr.   Coulomb (SR)
    1.29877e+03    3.88509e+04    8.24694e+05   -4.48133e+04   -6.30925e+06
   Coul. recip. Position Rest.      Potential    Kinetic En.   Total Energy
    3.50353e+04    6.46595e+02   -5.44531e+06    9.68276e+05   -4.47703e+06
  Conserved En.    Temperature Pres. DC (bar) Pressure (bar)   Constr. rmsd
   -5.47608e+06    2.99128e+02   -1.87748e+02   -1.60060e+02    4.87518e-06

           Step           Time
           6000       12.00000

   Energies (kJ/mol)
           Bond            U-B    Proper Dih.  Improper Dih.      CMAP Dih.
    1.52114e+03    4.69847e+03    2.74023e+03    3.08462e+02   -8.99630e+02
          LJ-14     Coulomb-14        LJ (SR)  Disper. corr.   Coulomb (SR)
    1.25513e+03    3.89802e+04    8.19477e+05   -4.48133e+04   -6.30328e+06
   Coul. recip. Position Rest.      Potential    Kinetic En.   Total Energy
    3.46643e+04    6.68936e+02   -5.44468e+06    9.73468e+05   -4.47121e+06
  Conserved En.    Temperature Pres. DC (bar) Pressure (bar)   Constr. rmsd
   -5.47607e+06    3.00732e+02   -1.87748e+02   -2.63497e+02    4.95110e-06

           Step           Time
           6500       13.00000

   Energies (kJ/mol)
           Bond            U-B    Proper Dih.  Improper Dih.      CMAP Dih.
    1.53065e+03    4.91902e+03    2.85461e+03    2.85420e+02   -9.23118e+02
          LJ-14     Coulomb-14        LJ (SR)  Disper. corr.   Coulomb (SR)
    1.27586e+03    3.88285e+04    8.24137e+05   -4.48133e+04   -6.30916e+06
   Coul. recip. Position Rest.      Potential    Kinetic En.   Total Energy
    3.51465e+04    6.06428e+02   -5.44531e+06    9.72088e+05   -4.47322e+06
  Conserved En.    Temperature Pres. DC (bar) Pressure (bar)   Constr. rmsd
   -5.47592e+06    3.00305e+02   -1.87748e+02   -2.66532e+02    4.76931e-06

           Step           Time
           7000       14.00000

   Energies (kJ/mol)
           Bond            U-B    Proper Dih.  Improper Dih.      CMAP Dih.
    1.54475e+03    4.55269e+03    2.75074e+03    3.46638e+02   -9.13276e+02
          LJ-14     Coulomb-14        LJ (SR)  Disper. corr.   Coulomb (SR)
    1.27368e+03    3.89527e+04    8.22034e+05   -4.48133e+04   -6.30749e+06
   Coul. recip. Position Rest.      Potential    Kinetic En.   Total Energy
    3.49028e+04    6.37875e+02   -5.44622e+06    9.70493e+05   -4.47573e+06
  Conserved En.    Temperature Pres. DC (bar) Pressure (bar)   Constr. rmsd
   -5.47583e+06    2.99813e+02   -1.87748e+02   -2.14279e+02    4.75800e-06

           Step           Time
           7500       15.00000

   Energies (kJ/mol)
           Bond            U-B    Proper Dih.  Improper Dih.      CMAP Dih.
    1.60590e+03    4.75490e+03    2.67440e+03    3.34472e+02   -8.91757e+02
          LJ-14     Coulomb-14        LJ (SR)  Disper. corr.   Coulomb (SR)
    1.23231e+03    3.88731e+04    8.22193e+05   -4.48133e+04   -6.30516e+06
   Coul. recip. Position Rest.      Potential    Kinetic En.   Total Energy
    3.47484e+04    6.09072e+02   -5.44384e+06    9.72229e+05   -4.47161e+06
  Conserved En.    Temperature Pres. DC (bar) Pressure (bar)   Constr. rmsd
   -5.47571e+06    3.00349e+02   -1.87748e+02   -1.16092e+02    4.69962e-06

           Step           Time
           8000       16.00000

Writing checkpoint, step 8000 at Thu Dec 28 17:32:04 2023


   Energies (kJ/mol)
           Bond            U-B    Proper Dih.  Improper Dih.      CMAP Dih.
    1.63683e+03    4.47097e+03    2.70889e+03    2.91143e+02   -8.92383e+02
          LJ-14     Coulomb-14        LJ (SR)  Disper. corr.   Coulomb (SR)
    1.28591e+03    3.90644e+04    8.25296e+05   -4.48133e+04   -6.31148e+06
   Coul. recip. Position Rest.      Potential    Kinetic En.   Total Energy
    3.45637e+04    6.10104e+02   -5.44725e+06    9.70283e+05   -4.47697e+06
  Conserved En.    Temperature Pres. DC (bar) Pressure (bar)   Constr. rmsd
   -5.47561e+06    2.99748e+02   -1.87748e+02   -1.93781e+02    4.65873e-06

           Step           Time
           8500       17.00000

   Energies (kJ/mol)
           Bond            U-B    Proper Dih.  Improper Dih.      CMAP Dih.
    1.69040e+03    4.73250e+03    2.66505e+03    2.56032e+02   -8.81393e+02
          LJ-14     Coulomb-14        LJ (SR)  Disper. corr.   Coulomb (SR)
    1.28325e+03    3.90270e+04    8.20288e+05   -4.48133e+04   -6.30811e+06
   Coul. recip. Position Rest.      Potential    Kinetic En.   Total Energy
    3.49713e+04    6.55834e+02   -5.44823e+06    9.72501e+05   -4.47573e+06
  Conserved En.    Temperature Pres. DC (bar) Pressure (bar)   Constr. rmsd
   -5.47551e+06    3.00433e+02   -1.87748e+02   -1.98955e+02    4.96870e-06

           Step           Time
           9000       18.00000

   Energies (kJ/mol)
           Bond            U-B    Proper Dih.  Improper Dih.      CMAP Dih.
    1.50679e+03    4.50738e+03    2.69121e+03    3.26523e+02   -9.11329e+02
          LJ-14     Coulomb-14        LJ (SR)  Disper. corr.   Coulomb (SR)
    1.24895e+03    3.88797e+04    8.25785e+05   -4.48133e+04   -6.31130e+06
   Coul. recip. Position Rest.      Potential    Kinetic En.   Total Energy
    3.49709e+04    6.77519e+02   -5.44643e+06    9.69687e+05   -4.47674e+06
  Conserved En.    Temperature Pres. DC (bar) Pressure (bar)   Constr. rmsd
   -5.47543e+06    2.99564e+02   -1.87748e+02   -1.94551e+02    4.91688e-06

           Step           Time
           9500       19.00000

   Energies (kJ/mol)
           Bond            U-B    Proper Dih.  Improper Dih.      CMAP Dih.
    1.71274e+03    4.59174e+03    2.70989e+03    3.06198e+02   -8.74257e+02
          LJ-14     Coulomb-14        LJ (SR)  Disper. corr.   Coulomb (SR)
    1.21912e+03    3.88537e+04    8.23788e+05   -4.48133e+04   -6.31137e+06
   Coul. recip. Position Rest.      Potential    Kinetic En.   Total Energy
    3.48321e+04    6.59206e+02   -5.44839e+06    9.69815e+05   -4.47857e+06
  Conserved En.    Temperature Pres. DC (bar) Pressure (bar)   Constr. rmsd
   -5.47529e+06    2.99603e+02   -1.87748e+02   -1.94145e+02    4.94823e-06

           Step           Time
          10000       20.00000

   Energies (kJ/mol)
           Bond            U-B    Proper Dih.  Improper Dih.      CMAP Dih.
    1.60169e+03    4.62874e+03    2.71411e+03    3.04449e+02   -9.25174e+02
          LJ-14     Coulomb-14        LJ (SR)  Disper. corr.   Coulomb (SR)
    1.21029e+03    3.89450e+04    8.24228e+05   -4.48133e+04   -6.30945e+06
   Coul. recip. Position Rest.      Potential    Kinetic En.   Total Energy
    3.47272e+04    6.27981e+02   -5.44620e+06    9.68593e+05   -4.47761e+06
  Conserved En.    Temperature Pres. DC (bar) Pressure (bar)   Constr. rmsd
   -5.47517e+06    2.99226e+02   -1.87748e+02   -2.71535e+02    4.74520e-06

           Step           Time
          10500       21.00000

   Energies (kJ/mol)
           Bond            U-B    Proper Dih.  Improper Dih.      CMAP Dih.
    1.49676e+03    4.69602e+03    2.71280e+03    2.83645e+02   -8.82560e+02
          LJ-14     Coulomb-14        LJ (SR)  Disper. corr.   Coulomb (SR)
    1.26698e+03    3.89162e+04    8.24229e+05   -4.48133e+04   -6.31106e+06
   Coul. recip. Position Rest.      Potential    Kinetic En.   Total Energy
    3.48490e+04    6.22963e+02   -5.44768e+06    9.71538e+05   -4.47614e+06
  Conserved En.    Temperature Pres. DC (bar) Pressure (bar)   Constr. rmsd
   -5.47508e+06    3.00135e+02   -1.87748e+02   -1.90487e+02    4.47191e-06

           Step           Time
          11000       22.00000

   Energies (kJ/mol)
           Bond            U-B    Proper Dih.  Improper Dih.      CMAP Dih.
    1.55289e+03    4.76757e+03    2.74492e+03    3.51312e+02   -9.12240e+02
          LJ-14     Coulomb-14        LJ (SR)  Disper. corr.   Coulomb (SR)
    1.20455e+03    3.88045e+04    8.25736e+05   -4.48133e+04   -6.31100e+06
   Coul. recip. Position Rest.      Potential    Kinetic En.   Total Energy
    3.51034e+04    6.23414e+02   -5.44584e+06    9.71201e+05   -4.47464e+06
  Conserved En.    Temperature Pres. DC (bar) Pressure (bar)   Constr. rmsd
   -5.47496e+06    3.00031e+02   -1.87748e+02   -1.81522e+02    4.88219e-06

           Step           Time
          11500       23.00000

   Energies (kJ/mol)
           Bond            U-B    Proper Dih.  Improper Dih.      CMAP Dih.
    1.47569e+03    4.96258e+03    2.75080e+03    2.82967e+02   -9.23712e+02
          LJ-14     Coulomb-14        LJ (SR)  Disper. corr.   Coulomb (SR)
    1.25749e+03    3.87937e+04    8.26251e+05   -4.48133e+04   -6.31000e+06
   Coul. recip. Position Rest.      Potential    Kinetic En.   Total Energy
    3.46378e+04    6.04992e+02   -5.44472e+06    9.74313e+05   -4.47041e+06
  Conserved En.    Temperature Pres. DC (bar) Pressure (bar)   Constr. rmsd
   -5.47486e+06    3.00993e+02   -1.87748e+02   -1.32545e+02    4.91441e-06

           Step           Time
          12000       24.00000

   Energies (kJ/mol)
           Bond            U-B    Proper Dih.  Improper Dih.      CMAP Dih.
    1.55166e+03    4.64277e+03    2.71847e+03    2.94029e+02   -9.13322e+02
          LJ-14     Coulomb-14        LJ (SR)  Disper. corr.   Coulomb (SR)
    1.25420e+03    3.89571e+04    8.24142e+05   -4.48133e+04   -6.31141e+06
   Coul. recip. Position Rest.      Potential    Kinetic En.   Total Energy
    3.49159e+04    6.63599e+02   -5.44799e+06    9.70261e+05   -4.47773e+06
  Conserved En.    Temperature Pres. DC (bar) Pressure (bar)   Constr. rmsd
   -5.47479e+06    2.99741e+02   -1.87748e+02   -1.99999e+02    4.62165e-06

           Step           Time
          12500       25.00000

   Energies (kJ/mol)
           Bond            U-B    Proper Dih.  Improper Dih.      CMAP Dih.
    1.52899e+03    4.65276e+03    2.81302e+03    3.19455e+02   -8.70869e+02
          LJ-14     Coulomb-14        LJ (SR)  Disper. corr.   Coulomb (SR)
    1.27721e+03    3.90568e+04    8.24844e+05   -4.48133e+04   -6.30957e+06
   Coul. recip. Position Rest.      Potential    Kinetic En.   Total Energy
    3.52252e+04    6.89648e+02   -5.44485e+06    9.70385e+05   -4.47446e+06
  Conserved En.    Temperature Pres. DC (bar) Pressure (bar)   Constr. rmsd
   -5.47464e+06    2.99779e+02   -1.87748e+02   -1.13539e+02    4.80594e-06

           Step           Time
          13000       26.00000

   Energies (kJ/mol)
           Bond            U-B    Proper Dih.  Improper Dih.      CMAP Dih.
    1.61906e+03    4.58059e+03    2.77357e+03    3.37572e+02   -8.97068e+02
          LJ-14     Coulomb-14        LJ (SR)  Disper. corr.   Coulomb (SR)
    1.27375e+03    3.88569e+04    8.23412e+05   -4.48133e+04   -6.30961e+06
   Coul. recip. Position Rest.      Potential    Kinetic En.   Total Energy
    3.53574e+04    5.89410e+02   -5.44652e+06    9.73489e+05   -4.47303e+06
  Conserved En.    Temperature Pres. DC (bar) Pressure (bar)   Constr. rmsd
   -5.47455e+06    3.00738e+02   -1.87748e+02   -2.14000e+02    5.46973e-06

           Step           Time
          13500       27.00000

   Energies (kJ/mol)
           Bond            U-B    Proper Dih.  Improper Dih.      CMAP Dih.
    1.55576e+03    4.69211e+03    2.70760e+03    2.99477e+02   -8.84223e+02
          LJ-14     Coulomb-14        LJ (SR)  Disper. corr.   Coulomb (SR)
    1.24585e+03    3.88573e+04    8.26931e+05   -4.48133e+04   -6.31064e+06
   Coul. recip. Position Rest.      Potential    Kinetic En.   Total Energy
    3.48568e+04    6.58705e+02   -5.44454e+06    9.72176e+05   -4.47236e+06
  Conserved En.    Temperature Pres. DC (bar) Pressure (bar)   Constr. rmsd
   -5.47447e+06    3.00333e+02   -1.87748e+02   -1.32657e+02    4.98885e-06

           Step           Time
          14000       28.00000

   Energies (kJ/mol)
           Bond            U-B    Proper Dih.  Improper Dih.      CMAP Dih.
    1.64454e+03    4.69501e+03    2.71445e+03    2.74408e+02   -8.72374e+02
          LJ-14     Coulomb-14        LJ (SR)  Disper. corr.   Coulomb (SR)
    1.26226e+03    3.89473e+04    8.23681e+05   -4.48133e+04   -6.30921e+06
   Coul. recip. Position Rest.      Potential    Kinetic En.   Total Energy
    3.48275e+04    6.67044e+02   -5.44618e+06    9.73564e+05   -4.47262e+06
  Conserved En.    Temperature Pres. DC (bar) Pressure (bar)   Constr. rmsd
   -5.47438e+06    3.00761e+02   -1.87748e+02   -1.72280e+02    5.10942e-06

           Step           Time
          14500       29.00000

   Energies (kJ/mol)
           Bond            U-B    Proper Dih.  Improper Dih.      CMAP Dih.
    1.57347e+03    4.54040e+03    2.72497e+03    2.76687e+02   -8.93761e+02
          LJ-14     Coulomb-14        LJ (SR)  Disper. corr.   Coulomb (SR)
    1.24769e+03    3.89739e+04    8.21715e+05   -4.48133e+04   -6.30875e+06
   Coul. recip. Position Rest.      Potential    Kinetic En.   Total Energy
    3.48310e+04    6.98119e+02   -5.44788e+06    9.71822e+05   -4.47605e+06
  Conserved En.    Temperature Pres. DC (bar) Pressure (bar)   Constr. rmsd
   -5.47424e+06    3.00223e+02   -1.87748e+02   -2.04387e+02    4.71622e-06

           Step           Time
          15000       30.00000

   Energies (kJ/mol)
           Bond            U-B    Proper Dih.  Improper Dih.      CMAP Dih.
    1.67156e+03    4.50113e+03    2.73217e+03    2.50489e+02   -9.22387e+02
          LJ-14     Coulomb-14        LJ (SR)  Disper. corr.   Coulomb (SR)
    1.25362e+03    3.89533e+04    8.25716e+05   -4.48133e+04   -6.31469e+06
   Coul. recip. Position Rest.      Potential    Kinetic En.   Total Energy
    3.47159e+04    5.88756e+02   -5.45005e+06    9.71008e+05   -4.47904e+06
  Conserved En.    Temperature Pres. DC (bar) Pressure (bar)   Constr. rmsd
   -5.47413e+06    2.99972e+02   -1.87748e+02   -2.11051e+02    4.83397e-06

           Step           Time
          15500       31.00000

   Energies (kJ/mol)
           Bond            U-B    Proper Dih.  Improper Dih.      CMAP Dih.
    1.61032e+03    4.62545e+03    2.70285e+03    2.90874e+02   -9.43232e+02
          LJ-14     Coulomb-14        LJ (SR)  Disper. corr.   Coulomb (SR)
    1.26116e+03    3.88848e+04    8.28777e+05   -4.48133e+04   -6.31330e+06
   Coul. recip. Position Rest.      Potential    Kinetic En.   Total Energy
    3.47184e+04    6.90882e+02   -5.44550e+06    9.74124e+05   -4.47137e+06
  Conserved En.    Temperature Pres. DC (bar) Pressure (bar)   Constr. rmsd
   -5.47404e+06    3.00934e+02   -1.87748e+02   -1.90615e+02    4.50957e-06

           Step           Time
          16000       32.00000

   Energies (kJ/mol)
           Bond            U-B    Proper Dih.  Improper Dih.      CMAP Dih.
    1.56813e+03    4.56605e+03    2.80629e+03    3.09552e+02   -8.92236e+02
          LJ-14     Coulomb-14        LJ (SR)  Disper. corr.   Coulomb (SR)
    1.27038e+03    3.88897e+04    8.24123e+05   -4.48133e+04   -6.31155e+06
   Coul. recip. Position Rest.      Potential    Kinetic En.   Total Energy
    3.47248e+04    6.31431e+02   -5.44837e+06    9.70394e+05   -4.47797e+06
  Conserved En.    Temperature Pres. DC (bar) Pressure (bar)   Constr. rmsd
   -5.47393e+06    2.99782e+02   -1.87748e+02   -1.77026e+02    4.72405e-06

Writing checkpoint, step 16150 at Thu Dec 28 17:47:08 2023


           Step           Time
          16500       33.00000

   Energies (kJ/mol)
           Bond            U-B    Proper Dih.  Improper Dih.      CMAP Dih.
    1.55740e+03    4.61388e+03    2.76780e+03    3.09582e+02   -9.28374e+02
          LJ-14     Coulomb-14        LJ (SR)  Disper. corr.   Coulomb (SR)
    1.26808e+03    3.90345e+04    8.23178e+05   -4.48133e+04   -6.30869e+06
   Coul. recip. Position Rest.      Potential    Kinetic En.   Total Energy
    3.47045e+04    6.83433e+02   -5.44632e+06    9.69063e+05   -4.47725e+06
  Conserved En.    Temperature Pres. DC (bar) Pressure (bar)   Constr. rmsd
   -5.47383e+06    2.99371e+02   -1.87748e+02   -1.62653e+02    4.95133e-06

           Step           Time
          17000       34.00000

   Energies (kJ/mol)
           Bond            U-B    Proper Dih.  Improper Dih.      CMAP Dih.
    1.59730e+03    4.58935e+03    2.67025e+03    2.93449e+02   -9.33278e+02
          LJ-14     Coulomb-14        LJ (SR)  Disper. corr.   Coulomb (SR)
    1.22846e+03    3.88826e+04    8.19016e+05   -4.48133e+04   -6.30682e+06
   Coul. recip. Position Rest.      Potential    Kinetic En.   Total Energy
    3.47245e+04    6.47097e+02   -5.44892e+06    9.71812e+05   -4.47711e+06
  Conserved En.    Temperature Pres. DC (bar) Pressure (bar)   Constr. rmsd
   -5.47377e+06    3.00220e+02   -1.87748e+02   -2.80000e+02    4.97241e-06

           Step           Time
          17500       35.00000

   Energies (kJ/mol)
           Bond            U-B    Proper Dih.  Improper Dih.      CMAP Dih.
    1.60650e+03    4.67393e+03    2.61065e+03    2.78176e+02   -8.15589e+02
          LJ-14     Coulomb-14        LJ (SR)  Disper. corr.   Coulomb (SR)
    1.26083e+03    3.88441e+04    8.25542e+05   -4.48133e+04   -6.31138e+06
   Coul. recip. Position Rest.      Potential    Kinetic En.   Total Energy
    3.50344e+04    6.17397e+02   -5.44654e+06    9.71586e+05   -4.47495e+06
  Conserved En.    Temperature Pres. DC (bar) Pressure (bar)   Constr. rmsd
   -5.47359e+06    3.00150e+02   -1.87748e+02   -1.39750e+02    4.67826e-06

           Step           Time
          18000       36.00000

   Energies (kJ/mol)
           Bond            U-B    Proper Dih.  Improper Dih.      CMAP Dih.
    1.55587e+03    4.58480e+03    2.70866e+03    2.84852e+02   -8.90047e+02
          LJ-14     Coulomb-14        LJ (SR)  Disper. corr.   Coulomb (SR)
    1.29104e+03    3.88625e+04    8.25509e+05   -4.48133e+04   -6.31156e+06
   Coul. recip. Position Rest.      Potential    Kinetic En.   Total Energy
    3.48502e+04    6.35753e+02   -5.44698e+06    9.71570e+05   -4.47541e+06
  Conserved En.    Temperature Pres. DC (bar) Pressure (bar)   Constr. rmsd
   -5.47353e+06    3.00145e+02   -1.87748e+02   -1.65995e+02    4.87992e-06

           Step           Time
          18500       37.00000

   Energies (kJ/mol)
           Bond            U-B    Proper Dih.  Improper Dih.      CMAP Dih.
    1.66240e+03    4.73675e+03    2.65237e+03    2.74533e+02   -9.14854e+02
          LJ-14     Coulomb-14        LJ (SR)  Disper. corr.   Coulomb (SR)
    1.23518e+03    3.89532e+04    8.24926e+05   -4.48133e+04   -6.30840e+06
   Coul. recip. Position Rest.      Potential    Kinetic En.   Total Energy
    3.49061e+04    6.78497e+02   -5.44410e+06    9.71331e+05   -4.47277e+06
  Conserved En.    Temperature Pres. DC (bar) Pressure (bar)   Constr. rmsd
   -5.47339e+06    3.00071e+02   -1.87748e+02   -1.80876e+02    4.72627e-06

           Step           Time
          19000       38.00000

   Energies (kJ/mol)
           Bond            U-B    Proper Dih.  Improper Dih.      CMAP Dih.
    1.46894e+03    4.72624e+03    2.67227e+03    2.89330e+02   -8.87008e+02
          LJ-14     Coulomb-14        LJ (SR)  Disper. corr.   Coulomb (SR)
    1.27600e+03    3.89587e+04    8.25103e+05   -4.48133e+04   -6.31029e+06
   Coul. recip. Position Rest.      Potential    Kinetic En.   Total Energy
    3.49601e+04    6.48674e+02   -5.44589e+06    9.71531e+05   -4.47436e+06
  Conserved En.    Temperature Pres. DC (bar) Pressure (bar)   Constr. rmsd
   -5.47333e+06    3.00133e+02   -1.87748e+02   -1.62754e+02    4.74877e-06

           Step           Time
          19500       39.00000

   Energies (kJ/mol)
           Bond            U-B    Proper Dih.  Improper Dih.      CMAP Dih.
    1.65603e+03    4.82792e+03    2.70455e+03    2.75741e+02   -9.14410e+02
          LJ-14     Coulomb-14        LJ (SR)  Disper. corr.   Coulomb (SR)
    1.25620e+03    3.90353e+04    8.20450e+05   -4.48133e+04   -6.30557e+06
   Coul. recip. Position Rest.      Potential    Kinetic En.   Total Energy
    3.49089e+04    6.25053e+02   -5.44556e+06    9.74193e+05   -4.47136e+06
  Conserved En.    Temperature Pres. DC (bar) Pressure (bar)   Constr. rmsd
   -5.47323e+06    3.00956e+02   -1.87748e+02   -1.72706e+02    4.88310e-06

           Step           Time
          20000       40.00000

   Energies (kJ/mol)
           Bond            U-B    Proper Dih.  Improper Dih.      CMAP Dih.
    1.45072e+03    4.70665e+03    2.61952e+03    2.84736e+02   -9.10212e+02
          LJ-14     Coulomb-14        LJ (SR)  Disper. corr.   Coulomb (SR)
    1.23523e+03    3.89566e+04    8.21356e+05   -4.48133e+04   -6.30607e+06
   Coul. recip. Position Rest.      Potential    Kinetic En.   Total Energy
    3.49460e+04    6.17329e+02   -5.44562e+06    9.71637e+05   -4.47398e+06
  Conserved En.    Temperature Pres. DC (bar) Pressure (bar)   Constr. rmsd
   -5.47312e+06    3.00166e+02   -1.87748e+02   -2.61947e+02    4.84872e-06

           Step           Time
          20500       41.00000

   Energies (kJ/mol)
           Bond            U-B    Proper Dih.  Improper Dih.      CMAP Dih.
    1.60747e+03    4.69267e+03    2.67898e+03    3.15903e+02   -8.61276e+02
          LJ-14     Coulomb-14        LJ (SR)  Disper. corr.   Coulomb (SR)
    1.27495e+03    3.89477e+04    8.21952e+05   -4.48133e+04   -6.30881e+06
   Coul. recip. Position Rest.      Potential    Kinetic En.   Total Energy
    3.46957e+04    7.07321e+02   -5.44761e+06    9.73412e+05   -4.47420e+06
  Conserved En.    Temperature Pres. DC (bar) Pressure (bar)   Constr. rmsd
   -5.47299e+06    3.00714e+02   -1.87748e+02   -2.26535e+02    4.83157e-06

           Step           Time
          21000       42.00000

   Energies (kJ/mol)
           Bond            U-B    Proper Dih.  Improper Dih.      CMAP Dih.
    1.55997e+03    4.69085e+03    2.70392e+03    3.17291e+02   -8.64139e+02
          LJ-14     Coulomb-14        LJ (SR)  Disper. corr.   Coulomb (SR)
    1.27307e+03    3.87579e+04    8.25902e+05   -4.48133e+04   -6.31123e+06
   Coul. recip. Position Rest.      Potential    Kinetic En.   Total Energy
    3.49539e+04    7.27145e+02   -5.44602e+06    9.72021e+05   -4.47400e+06
  Conserved En.    Temperature Pres. DC (bar) Pressure (bar)   Constr. rmsd
   -5.47291e+06    3.00284e+02   -1.87748e+02   -1.57125e+02    4.94039e-06

           Step           Time
          21500       43.00000

   Energies (kJ/mol)
           Bond            U-B    Proper Dih.  Improper Dih.      CMAP Dih.
    1.56778e+03    4.59268e+03    2.68452e+03    2.68366e+02   -8.55007e+02
          LJ-14     Coulomb-14        LJ (SR)  Disper. corr.   Coulomb (SR)
    1.27347e+03    3.89223e+04    8.22920e+05   -4.48133e+04   -6.30980e+06
   Coul. recip. Position Rest.      Potential    Kinetic En.   Total Energy
    3.49860e+04    6.23579e+02   -5.44763e+06    9.70239e+05   -4.47739e+06
  Conserved En.    Temperature Pres. DC (bar) Pressure (bar)   Constr. rmsd
   -5.47277e+06    2.99734e+02   -1.87748e+02   -1.55720e+02    4.93637e-06

           Step           Time
          22000       44.00000

   Energies (kJ/mol)
           Bond            U-B    Proper Dih.  Improper Dih.      CMAP Dih.
    1.55025e+03    4.67581e+03    2.64706e+03    2.55052e+02   -8.87262e+02
          LJ-14     Coulomb-14        LJ (SR)  Disper. corr.   Coulomb (SR)
    1.27595e+03    3.89472e+04    8.21611e+05   -4.48133e+04   -6.30531e+06
   Coul. recip. Position Rest.      Potential    Kinetic En.   Total Energy
    3.50215e+04    6.48016e+02   -5.44437e+06    9.71164e+05   -4.47321e+06
  Conserved En.    Temperature Pres. DC (bar) Pressure (bar)   Constr. rmsd
   -5.47268e+06    3.00020e+02   -1.87748e+02   -2.76275e+02    5.43742e-06

           Step           Time
          22500       45.00000

   Energies (kJ/mol)
           Bond            U-B    Proper Dih.  Improper Dih.      CMAP Dih.
    1.54858e+03    4.78921e+03    2.71688e+03    2.96986e+02   -8.71056e+02
          LJ-14     Coulomb-14        LJ (SR)  Disper. corr.   Coulomb (SR)
    1.27985e+03    3.88522e+04    8.25924e+05   -4.48133e+04   -6.31107e+06
   Coul. recip. Position Rest.      Potential    Kinetic En.   Total Energy
    3.48257e+04    6.46639e+02   -5.44588e+06    9.69618e+05   -4.47626e+06
  Conserved En.    Temperature Pres. DC (bar) Pressure (bar)   Constr. rmsd
   -5.47254e+06    2.99542e+02   -1.87748e+02   -1.91911e+02    4.99112e-06

           Step           Time
          23000       46.00000

   Energies (kJ/mol)
           Bond            U-B    Proper Dih.  Improper Dih.      CMAP Dih.
    1.58179e+03    4.52754e+03    2.68694e+03    2.98748e+02   -8.58873e+02
          LJ-14     Coulomb-14        LJ (SR)  Disper. corr.   Coulomb (SR)
    1.27282e+03    3.90536e+04    8.24596e+05   -4.48133e+04   -6.30947e+06
   Coul. recip. Position Rest.      Potential    Kinetic En.   Total Energy
    3.49517e+04    5.99399e+02   -5.44557e+06    9.71680e+05   -4.47389e+06
  Conserved En.    Temperature Pres. DC (bar) Pressure (bar)   Constr. rmsd
   -5.47250e+06    3.00179e+02   -1.87748e+02   -1.06219e+02    4.65685e-06

           Step           Time
          23500       47.00000

   Energies (kJ/mol)
           Bond            U-B    Proper Dih.  Improper Dih.      CMAP Dih.
    1.56216e+03    4.81067e+03    2.71922e+03    3.22412e+02   -8.94138e+02
          LJ-14     Coulomb-14        LJ (SR)  Disper. corr.   Coulomb (SR)
    1.25406e+03    3.87796e+04    8.25909e+05   -4.48133e+04   -6.31282e+06
   Coul. recip. Position Rest.      Potential    Kinetic En.   Total Energy
    3.48052e+04    5.89036e+02   -5.44777e+06    9.71895e+05   -4.47588e+06
  Conserved En.    Temperature Pres. DC (bar) Pressure (bar)   Constr. rmsd
   -5.47232e+06    3.00246e+02   -1.87748e+02   -1.26374e+02    4.72439e-06

           Step           Time
          24000       48.00000

   Energies (kJ/mol)
           Bond            U-B    Proper Dih.  Improper Dih.      CMAP Dih.
    1.52970e+03    4.67727e+03    2.69450e+03    2.86931e+02   -8.72608e+02
          LJ-14     Coulomb-14        LJ (SR)  Disper. corr.   Coulomb (SR)
    1.21617e+03    3.87666e+04    8.26209e+05   -4.48133e+04   -6.31417e+06
   Coul. recip. Position Rest.      Potential    Kinetic En.   Total Energy
    3.48648e+04    5.86399e+02   -5.44902e+06    9.68960e+05   -4.48006e+06
  Conserved En.    Temperature Pres. DC (bar) Pressure (bar)   Constr. rmsd
   -5.47224e+06    2.99339e+02   -1.87748e+02   -2.18871e+02    4.77798e-06

Writing checkpoint, step 24250 at Thu Dec 28 18:02:04 2023


           Step           Time
          24500       49.00000

   Energies (kJ/mol)
           Bond            U-B    Proper Dih.  Improper Dih.      CMAP Dih.
    1.56356e+03    4.84800e+03    2.72502e+03    3.06635e+02   -9.03574e+02
          LJ-14     Coulomb-14        LJ (SR)  Disper. corr.   Coulomb (SR)
    1.22369e+03    3.88317e+04    8.17833e+05   -4.48133e+04   -6.29991e+06
   Coul. recip. Position Rest.      Potential    Kinetic En.   Total Energy
    3.47930e+04    6.54332e+02   -5.44285e+06    9.72730e+05   -4.47012e+06
  Conserved En.    Temperature Pres. DC (bar) Pressure (bar)   Constr. rmsd
   -5.47214e+06    3.00504e+02   -1.87748e+02   -2.67740e+02    5.34319e-06

           Step           Time
          25000       50.00000

Writing checkpoint, step 25000 at Thu Dec 28 18:03:30 2023


   Energies (kJ/mol)
           Bond            U-B    Proper Dih.  Improper Dih.      CMAP Dih.
    1.57439e+03    4.68519e+03    2.65305e+03    3.28120e+02   -8.81215e+02
          LJ-14     Coulomb-14        LJ (SR)  Disper. corr.   Coulomb (SR)
    1.29767e+03    3.91097e+04    8.26076e+05   -4.48133e+04   -6.31037e+06
   Coul. recip. Position Rest.      Potential    Kinetic En.   Total Energy
    3.46187e+04    6.28088e+02   -5.44510e+06    9.71159e+05   -4.47394e+06
  Conserved En.    Temperature Pres. DC (bar) Pressure (bar)   Constr. rmsd
   -5.47201e+06    3.00018e+02   -1.87748e+02   -9.57039e+01    4.80368e-06


Energy conservation over simulation part #1 of length 50 ps, time 0 to 50 ps
  Conserved energy drift: 5.84e-04 kJ/mol/ps per atom


	<======  ###############  ==>
	<====  A V E R A G E S  ====>
	<==  ###############  ======>

	Statistics over 25001 steps using 251 frames

   Energies (kJ/mol)
           Bond            U-B    Proper Dih.  Improper Dih.      CMAP Dih.
    1.56504e+03    4.67338e+03    2.71202e+03    2.91694e+02   -8.96372e+02
          LJ-14     Coulomb-14        LJ (SR)  Disper. corr.   Coulomb (SR)
    1.26032e+03    3.89228e+04    8.25678e+05   -4.48133e+04   -6.31736e+06
   Coul. recip. Position Rest.      Potential    Kinetic En.   Total Energy
    3.48710e+04    6.45603e+02   -5.45245e+06    9.69784e+05   -4.48267e+06
  Conserved En.    Temperature Pres. DC (bar) Pressure (bar)   Constr. rmsd
   -5.47469e+06    2.99594e+02   -1.87748e+02   -2.04930e+02    0.00000e+00

   Total Virial (kJ/mol)
    3.47788e+05   -4.69585e+02    3.03120e-01
   -4.70851e+02    3.48283e+05    2.25087e+02
    2.25623e+00    2.25106e+02    3.47174e+05

   Pressure (bar)
   -2.04896e+02    4.27964e+00    1.02358e+00
    4.29023e+00   -2.09690e+02   -2.06948e+00
    1.00723e+00   -2.06964e+00   -2.00205e+02

      T-Protein  T-non-Protein
    2.99952e+02    2.99591e+02


	M E G A - F L O P S   A C C O U N T I N G

 NB=Group-cutoff nonbonded kernels    NxN=N-by-N cluster Verlet kernels
 RF=Reaction-Field  VdW=Van der Waals  QSTab=quadratic-spline table
 W3=SPC/TIP3p  W4=TIP4p (single or pairs)
 V&F=Potential and force  V=Potential only  F=Force only

 Computing:                               M-Number         M-Flops  % Flops
-----------------------------------------------------------------------------
 Pair Search distance check           83359.839744      750238.558     0.4
 NxN QSTab Elec. + LJ [F]           2341067.973080    95983786.896    48.9
 NxN QSTab Elec. + LJ [V&F]           23741.357632     1400740.100     0.7
 NxN QSTab Elec. [F]                2304870.735208    78365604.997    39.9
 NxN QSTab Elec. [V&F]                23374.117504      958338.818     0.5
 1,4 nonbonded interactions             132.630305       11936.727     0.0
 Calc Weights                         29135.215362     1048867.753     0.5
 Spread Q Bspline                    621551.261056     1243102.522     0.6
 Gather F Bspline                    621551.261056     3729307.566     1.9
 3D-FFT                             1434633.933062    11477071.464     5.8
 Solve PME                              313.612544       20071.203     0.0
 Reset In Box                           194.615454         583.846     0.0
 CG-CoM                                 195.003908         585.012     0.0
 Bonds                                   25.601024        1510.460     0.0
 Propers                                110.004400       25191.008     0.0
 Impropers                                8.500340        1768.071     0.0
 Pos. Restr.                             25.326013        1266.301     0.0
 Virial                                  97.513249        1755.238     0.0
 Stop-CM                                 97.890408         978.904     0.0
 Calc-Ekin                             1943.046908       52462.267     0.0
 Lincs                                   25.078009        1504.681     0.0
 Lincs-Mat                              144.317316         577.269     0.0
 Constraint-V                          9693.750438       87243.754     0.0
 Constraint-Vir                          97.065716        2329.577     0.0
 Settle                                3214.660713     1189424.464     0.6
 CMAP                                     3.450138        5865.235     0.0
 Urey-Bradley                            92.303692       16891.576     0.0
-----------------------------------------------------------------------------
 Total                                               196379004.267   100.0
-----------------------------------------------------------------------------


    D O M A I N   D E C O M P O S I T I O N   S T A T I S T I C S

 av. #atoms communicated per step for force:  2 x 0.0


     R E A L   C Y C L E   A N D   T I M E   A C C O U N T I N G

On 1 MPI rank, each using 16 OpenMP threads

 Computing:          Num   Num      Call    Wall time         Giga-Cycles
                     Ranks Threads  Count      (s)         total sum    %
-----------------------------------------------------------------------------
 Domain decomp.         1   16        501      23.411        635.589   0.8
 Neighbor search        1   16        501      55.697       1512.099   2.0
 Force                  1   16      25001    1665.101      45205.402  59.7
 PME mesh               1   16      25001     836.396      22707.112  30.0
 NB X/F buffer ops.     1   16      49501      87.719       2381.467   3.1
 Write traj.            1   16         53       4.516        122.616   0.2
 Update                 1   16      25001      66.376       1802.032   2.4
 Constraints            1   16      25003      44.729       1214.332   1.6
 Rest                                           5.590        151.756   0.2
-----------------------------------------------------------------------------
 Total                                       2789.536      75732.405 100.0
-----------------------------------------------------------------------------
 Breakdown of PME mesh computation
-----------------------------------------------------------------------------
 PME spread             1   16      25001     386.501      10493.008  13.9
 PME gather             1   16      25001     199.157       5406.858   7.1
 PME 3D-FFT             1   16      50002     234.281       6360.448   8.4
 PME solve Elec         1   16      25001      15.852        430.363   0.6
-----------------------------------------------------------------------------

               Core t (s)   Wall t (s)        (%)
       Time:    44632.580     2789.536     1600.0
                         46:29
                 (ns/day)    (hour/ns)
Performance:        1.549       15.497
Finished mdrun on rank 0 Thu Dec 28 18:03:31 2023

